Log file open, 09/14/19 18:15:39
LogWindows: Failed to load 'aqProf.dll' (GetLastError=126)
LogWindows: File 'aqProf.dll' does not exist
LogWindows: Failed to load 'VtuneApi.dll' (GetLastError=126)
LogWindows: File 'VtuneApi.dll' does not exist
LogWindows: Failed to load 'VtuneApi32e.dll' (GetLastError=126)
LogWindows: File 'VtuneApi32e.dll' does not exist
LogConsoleResponse: Display: Failed to find resolution value strings in scalability ini. Falling back to default.
LogInit: Display: Running engine for game: SpiritDecay
LogPlatformFile: Not using cached read wrapper
LogTaskGraph: Started task graph with 5 named threads and 14 total threads with 3 sets of task threads.
LogStats: Stats thread started at 0.096969
LogD3D11RHI: Loaded GFSDK_Aftermath_Lib.x64.dll
LogICUInternationalization: ICU TimeZone Detection - Raw Offset: +0:00, Platform Override: ''
LogPluginManager: Mounting plugin Paper2D
LogPluginManager: Mounting plugin AISupport
LogPluginManager: Mounting plugin LightPropagationVolume
LogPluginManager: Mounting plugin ActorLayerUtilities
LogPluginManager: Mounting plugin AnimationSharing
LogPluginManager: Mounting plugin CLionSourceCodeAccess
LogPluginManager: Mounting plugin CodeLiteSourceCodeAccess
LogPluginManager: Mounting plugin GitSourceControl
LogPluginManager: Mounting plugin KDevelopSourceCodeAccess
LogPluginManager: Mounting plugin NullSourceCodeAccess
LogPluginManager: Mounting plugin PerforceSourceControl
LogPluginManager: Mounting plugin SubversionSourceControl
LogPluginManager: Mounting plugin UObjectPlugin
LogPluginManager: Mounting plugin VisualStudioCodeSourceCodeAccess
LogPluginManager: Mounting plugin VisualStudioSourceCodeAccess
LogPluginManager: Mounting plugin XCodeSourceCodeAccess
LogPluginManager: Mounting plugin AssetManagerEditor
LogPluginManager: Mounting plugin CryptoKeys
LogPluginManager: Mounting plugin CurveEditorTools
LogPluginManager: Mounting plugin DataValidation
LogPluginManager: Mounting plugin FacialAnimation
LogPluginManager: Mounting plugin GameplayTagsEditor
LogPluginManager: Mounting plugin MacGraphicsSwitching
LogPluginManager: Mounting plugin MaterialAnalyzer
LogPluginManager: Mounting plugin MobileLauncherProfileWizard
LogPluginManager: Mounting plugin PluginBrowser
LogPluginManager: Mounting plugin SpeedTreeImporter
LogPluginManager: Mounting plugin DatasmithContent
LogPluginManager: Mounting plugin VariantManagerContent
LogPluginManager: Mounting plugin AlembicImporter
LogPluginManager: Mounting plugin AutomationUtils
LogPluginManager: Mounting plugin BackChannel
LogPluginManager: Mounting plugin CharacterAI
LogPluginManager: Mounting plugin GeometryCache
LogPluginManager: Mounting plugin HTML5Networking
LogPluginManager: Mounting plugin PlatformCrypto
LogPluginManager: Mounting plugin ProxyLODPlugin
LogPluginManager: Mounting plugin SkeletalReduction
LogPluginManager: Mounting plugin MagicLeap
LogPluginManager: Mounting plugin MagicLeapMedia
LogPluginManager: Mounting plugin AndroidMedia
LogPluginManager: Mounting plugin AvfMedia
LogPluginManager: Mounting plugin ImgMedia
LogPluginManager: Mounting plugin MediaCompositing
LogPluginManager: Mounting plugin MediaPlayerEditor
LogPluginManager: Mounting plugin WebMMedia
LogPluginManager: Mounting plugin WmfMedia
LogPluginManager: Mounting plugin TcpMessaging
LogPluginManager: Mounting plugin UdpMessaging
LogPluginManager: Mounting plugin ActorSequence
LogPluginManager: Mounting plugin LevelSequenceEditor
LogPluginManager: Mounting plugin MatineeToLevelSequence
LogPluginManager: Mounting plugin NetcodeUnitTest
LogPluginManager: Mounting plugin NUTUnrealEngine4
LogPluginManager: Mounting plugin OnlineSubsystemGooglePlay
LogPluginManager: Mounting plugin OnlineSubsystemIOS
LogPluginManager: Mounting plugin OnlineSubsystem
LogPluginManager: Mounting plugin OnlineSubsystemNull
LogPluginManager: Mounting plugin OnlineSubsystemUtils
LogPluginManager: Mounting plugin LauncherChunkInstaller
LogPluginManager: Mounting plugin AndroidDeviceProfileSelector
LogPluginManager: Mounting plugin AndroidMoviePlayer
LogPluginManager: Mounting plugin AndroidPermission
LogPluginManager: Mounting plugin AppleImageUtils
LogPluginManager: Mounting plugin AppleMoviePlayer
LogPluginManager: Mounting plugin ArchVisCharacter
LogPluginManager: Mounting plugin AudioCapture
LogPluginManager: Mounting plugin CableComponent
LogPluginManager: Mounting plugin CustomMeshComponent
LogPluginManager: Mounting plugin EditableMesh
LogPluginManager: Mounting plugin ExampleDeviceProfileSelector
LogPluginManager: Mounting plugin GoogleCloudMessaging
LogPluginManager: Mounting plugin IOSDeviceProfileSelector
LogPluginManager: Mounting plugin LinuxDeviceProfileSelector
LogPluginManager: Mounting plugin LocationServicesBPLibrary
LogPluginManager: Mounting plugin MobilePatchingUtils
LogPluginManager: Mounting plugin OculusVR
LogPluginManager: Mounting plugin PhysXVehicles
LogPluginManager: Mounting plugin ProceduralMeshComponent
LogPluginManager: Mounting plugin RuntimePhysXCooking
LogPluginManager: Mounting plugin SignificanceManager
LogPluginManager: Mounting plugin SteamVR
LogPluginManager: Mounting plugin WebMMoviePlayer
LogPluginManager: Mounting plugin WindowsMoviePlayer
LogPluginManager: Mounting plugin ScreenshotTools
LogInit: Using libcurl 7.55.1-DEV
LogInit:  - built for x86_64-pc-win32
LogInit:  - supports SSL with OpenSSL/1.1.1
LogInit:  - supports HTTP deflate (compression) using libz 1.2.8
LogInit:  - other features:
LogInit:      CURL_VERSION_SSL
LogInit:      CURL_VERSION_LIBZ
LogInit:      CURL_VERSION_IPV6
LogInit:      CURL_VERSION_ASYNCHDNS
LogInit:      CURL_VERSION_LARGEFILE
LogInit:      CURL_VERSION_IDN
LogInit:  CurlRequestOptions (configurable via config and command line):
LogInit:  - bVerifyPeer = true  - Libcurl will verify peer certificate
LogInit:  - bUseHttpProxy = false  - Libcurl will NOT use HTTP proxy
LogInit:  - bDontReuseConnections = false  - Libcurl will reuse connections
LogInit:  - MaxHostConnections = 16  - Libcurl will limit the number of connections to a host
LogInit:  - LocalHostAddr = Default
LogInit:  - BufferSize = 65536
LogOnline: OSS: Creating online subsystem instance for: NULL
LogInit: WinSock: version 1.1 (2.2), MaxSocks=32767, MaxUdp=65467
LogInit: Build: ++UE4+Release-4.23-CL-8386587
LogInit: Engine Version: 4.23.0-8386587+++UE4+Release-4.23
LogInit: Compatible Engine Version: 4.23.0-8386587+++UE4+Release-4.23
LogInit: Net CL: 8386587
LogInit: OS: Windows 10 (Release 1903) (), CPU: Intel(R) Core(TM) i5-4460  CPU @ 3.20GHz, GPU: NVIDIA GeForce GTX 960
LogInit: Compiled (64-bit): Aug 31 2019 02:04:44
LogInit: Compiled with Visual C++: 19.16.27030.01
LogInit: Build Configuration: Development
LogInit: Branch Name: ++UE4+Release-4.23
LogInit: Command Line: 
LogInit: Base Directory: C:/Program Files/Epic Games/UE_4.23/Engine/Binaries/Win64/
LogInit: Installed Engine Build: 1
LogDevObjectVersion: Number of dev versions registered: 23
LogDevObjectVersion:   Dev-Blueprints (B0D832E4-1F89-4F0D-ACCF-7EB736FD4AA2): 10
LogDevObjectVersion:   Dev-Build (E1C64328-A22C-4D53-A36C-8E866417BD8C): 0
LogDevObjectVersion:   Dev-Core (375EC13C-06E4-48FB-B500-84F0262A717E): 3
LogDevObjectVersion:   Dev-Editor (E4B068ED-F494-42E9-A231-DA0B2E46BB41): 34
LogDevObjectVersion:   Dev-Framework (CFFC743F-43B0-4480-9391-14DF171D2073): 35
LogDevObjectVersion:   Dev-Mobile (B02B49B5-BB20-44E9-A304-32B752E40360): 2
LogDevObjectVersion:   Dev-Networking (A4E4105C-59A1-49B5-A7C5-40C4547EDFEE): 0
LogDevObjectVersion:   Dev-Online (39C831C9-5AE6-47DC-9A44-9C173E1C8E7C): 0
LogDevObjectVersion:   Dev-Physics (78F01B33-EBEA-4F98-B9B4-84EACCB95AA2): 0
LogDevObjectVersion:   Dev-Platform (6631380F-2D4D-43E0-8009-CF276956A95A): 0
LogDevObjectVersion:   Dev-Rendering (12F88B9F-8875-4AFC-A67C-D90C383ABD29): 31
LogDevObjectVersion:   Dev-Sequencer (7B5AE74C-D270-4C10-A958-57980B212A5A): 11
LogDevObjectVersion:   Dev-VR (D7296918-1DD6-4BDD-9DE2-64A83CC13884): 2
LogDevObjectVersion:   Dev-LoadTimes (C2A15278-BFE7-4AFE-6C17-90FF531DF755): 1
LogDevObjectVersion:   Private-Geometry (6EACA3D4-40EC-4CC1-B786-8BED09428FC5): 3
LogDevObjectVersion:   Dev-AnimPhys (29E575DD-E0A3-4627-9D10-D276232CDCEA): 17
LogDevObjectVersion:   Dev-Anim (AF43A65D-7FD3-4947-9873-3E8ED9C1BB05): 2
LogDevObjectVersion:   Dev-ReflectionCapture (6B266CEC-1EC7-4B8F-A30B-E4D90942FC07): 1
LogDevObjectVersion:   Dev-Automation (0DF73D61-A23F-47EA-B727-89E90C41499A): 1
LogDevObjectVersion:   FortniteMain (601D1886-AC64-4F84-AA16-D3DE0DEAC7D6): 27
LogDevObjectVersion:   Dev-Enterprise (9DFFBCD6-494F-0158-E221-12823C92A888): 6
LogDevObjectVersion:   Dev-Niagara (F2AED0AC-9AFE-416F-8664-AA7FFA26D6FC): 1
LogDevObjectVersion:   Dev-Destruction (174F1F0B-B4C6-45A5-B13F-2EE8D0FB917D): 9
LogInit: Presizing for max 16777216 objects, including 0 objects not considered by GC, pre-allocating 0 bytes for permanent pool.
LogInit: Object subsystem initialized
LogConfig: Setting CVar [[con.DebugEarlyDefault:1]]
LogConfig: Setting CVar [[r.setres:1280x720]]
[2019.09.14-17.15.39:899][  0]LogConfig: Setting CVar [[r.VSync:0]]
[2019.09.14-17.15.39:899][  0]LogConfig: Setting CVar [[r.RHICmdBypass:0]]
[2019.09.14-17.15.39:899][  0]LogConfig: Applying CVar settings from Section [/Script/Engine.RendererSettings] File [D:/SpellBashGit/SpiritDecay/SpiritDecay/Saved/Config/Windows/Engine.ini]
[2019.09.14-17.15.39:899][  0]LogConfig: Setting CVar [[r.GPUCrashDebugging:0]]
[2019.09.14-17.15.39:899][  0]LogConfig: Setting CVar [[r.DefaultFeature.AutoExposure.ExtendDefaultLuminanceRange:0]]
[2019.09.14-17.15.39:899][  0]LogConfig: Setting CVar [[r.DefaultFeature.AutoExposure:0]]
[2019.09.14-17.15.39:899][  0]LogConfig: Setting CVar [[r.DefaultFeature.AutoExposure.Method:2]]
[2019.09.14-17.15.39:899][  0]LogConfig: Setting CVar [[r.NormalMapsForStaticLighting:0]]
[2019.09.14-17.15.39:899][  0]LogConfig: Applying CVar settings from Section [/Script/Engine.RendererOverrideSettings] File [D:/SpellBashGit/SpiritDecay/SpiritDecay/Saved/Config/Windows/Engine.ini]
[2019.09.14-17.15.39:899][  0]LogConfig: Applying CVar settings from Section [/Script/Engine.StreamingSettings] File [D:/SpellBashGit/SpiritDecay/SpiritDecay/Saved/Config/Windows/Engine.ini]
[2019.09.14-17.15.39:899][  0]LogConfig: Setting CVar [[s.MinBulkDataSizeForAsyncLoading:131072]]
[2019.09.14-17.15.39:899][  0]LogConfig: Setting CVar [[s.AsyncLoadingThreadEnabled:0]]
[2019.09.14-17.15.39:899][  0]LogConfig: Setting CVar [[s.EventDrivenLoaderEnabled:1]]
[2019.09.14-17.15.39:899][  0]LogConfig: Setting CVar [[s.WarnIfTimeLimitExceeded:0]]
[2019.09.14-17.15.39:899][  0]LogConfig: Setting CVar [[s.TimeLimitExceededMultiplier:1.5]]
[2019.09.14-17.15.39:899][  0]LogConfig: Setting CVar [[s.TimeLimitExceededMinTime:0.005]]
[2019.09.14-17.15.39:899][  0]LogConfig: Setting CVar [[s.UseBackgroundLevelStreaming:1]]
[2019.09.14-17.15.39:899][  0]LogConfig: Setting CVar [[s.PriorityAsyncLoadingExtraTime:15.0]]
[2019.09.14-17.15.39:899][  0]LogConfig: Setting CVar [[s.LevelStreamingActorsUpdateTimeLimit:5.0]]
[2019.09.14-17.15.39:899][  0]LogConfig: Setting CVar [[s.PriorityLevelStreamingActorsUpdateExtraTime:5.0]]
[2019.09.14-17.15.39:899][  0]LogConfig: Setting CVar [[s.LevelStreamingComponentsRegistrationGranularity:10]]
[2019.09.14-17.15.39:899][  0]LogConfig: Setting CVar [[s.UnregisterComponentsTimeLimit:1.0]]
[2019.09.14-17.15.39:899][  0]LogConfig: Setting CVar [[s.LevelStreamingComponentsUnregistrationGranularity:5]]
[2019.09.14-17.15.39:899][  0]LogConfig: Applying CVar settings from Section [/Script/Engine.GarbageCollectionSettings] File [D:/SpellBashGit/SpiritDecay/SpiritDecay/Saved/Config/Windows/Engine.ini]
[2019.09.14-17.15.39:899][  0]LogConfig: Setting CVar [[gc.MaxObjectsNotConsideredByGC:1]]
[2019.09.14-17.15.39:899][  0]LogConfig: Setting CVar [[gc.SizeOfPermanentObjectPool:0]]
[2019.09.14-17.15.39:899][  0]LogConfig: Setting CVar [[gc.FlushStreamingOnGC:0]]
[2019.09.14-17.15.39:899][  0]LogConfig: Setting CVar [[gc.NumRetriesBeforeForcingGC:10]]
[2019.09.14-17.15.39:899][  0]LogConfig: Setting CVar [[gc.AllowParallelGC:1]]
[2019.09.14-17.15.39:899][  0]LogConfig: Setting CVar [[gc.TimeBetweenPurgingPendingKillObjects:61.1]]
[2019.09.14-17.15.39:899][  0]LogConfig: Setting CVar [[gc.MaxObjectsInEditor:16777216]]
[2019.09.14-17.15.39:900][  0]LogConfig: Setting CVar [[gc.IncrementalBeginDestroyEnabled:1]]
[2019.09.14-17.15.39:900][  0]LogConfig: Setting CVar [[gc.CreateGCClusters:1]]
[2019.09.14-17.15.39:900][  0]LogConfig: Setting CVar [[gc.MinGCClusterSize:5]]
[2019.09.14-17.15.39:900][  0]LogConfig: Setting CVar [[gc.ActorClusteringEnabled:0]]
[2019.09.14-17.15.39:900][  0]LogConfig: Setting CVar [[gc.BlueprintClusteringEnabled:0]]
[2019.09.14-17.15.39:900][  0]LogConfig: Setting CVar [[gc.UseDisregardForGCOnDedicatedServers:0]]
[2019.09.14-17.15.39:900][  0]LogConfig: Applying CVar settings from Section [/Script/Engine.NetworkSettings] File [D:/SpellBashGit/SpiritDecay/SpiritDecay/Saved/Config/Windows/Engine.ini]
[2019.09.14-17.15.39:900][  0]LogConfig: Applying CVar settings from Section [/Script/UnrealEd.CookerSettings] File [D:/SpellBashGit/SpiritDecay/SpiritDecay/Saved/Config/Windows/Engine.ini]
[2019.09.14-17.15.39:908][  0]LogConfig: Applying CVar settings from Section [ViewDistanceQuality@3] File [D:/SpellBashGit/SpiritDecay/SpiritDecay/Saved/Config/Windows/Scalability.ini]
[2019.09.14-17.15.39:908][  0]LogConfig: Setting CVar [[r.SkeletalMeshLODBias:0]]
[2019.09.14-17.15.39:908][  0]LogConfig: Setting CVar [[r.ViewDistanceScale:1.0]]
[2019.09.14-17.15.39:908][  0]LogConfig: Applying CVar settings from Section [AntiAliasingQuality@3] File [D:/SpellBashGit/SpiritDecay/SpiritDecay/Saved/Config/Windows/Scalability.ini]
[2019.09.14-17.15.39:908][  0]LogConfig: Setting CVar [[r.PostProcessAAQuality:4]]
[2019.09.14-17.15.39:909][  0]LogConfig: Applying CVar settings from Section [ShadowQuality@3] File [D:/SpellBashGit/SpiritDecay/SpiritDecay/Saved/Config/Windows/Scalability.ini]
[2019.09.14-17.15.39:909][  0]LogConfig: Setting CVar [[r.LightFunctionQuality:1]]
[2019.09.14-17.15.39:909][  0]LogConfig: Setting CVar [[r.ShadowQuality:5]]
[2019.09.14-17.15.39:909][  0]LogConfig: Setting CVar [[r.Shadow.CSM.MaxCascades:10]]
[2019.09.14-17.15.39:909][  0]LogConfig: Setting CVar [[r.Shadow.MaxResolution:2048]]
[2019.09.14-17.15.39:909][  0]LogConfig: Setting CVar [[r.Shadow.MaxCSMResolution:2048]]
[2019.09.14-17.15.39:909][  0]LogConfig: Setting CVar [[r.Shadow.RadiusThreshold:0.01]]
[2019.09.14-17.15.39:909][  0]LogConfig: Setting CVar [[r.Shadow.DistanceScale:1.0]]
[2019.09.14-17.15.39:909][  0]LogConfig: Setting CVar [[r.Shadow.CSM.TransitionScale:1.0]]
[2019.09.14-17.15.39:909][  0]LogConfig: Setting CVar [[r.Shadow.PreShadowResolutionFactor:1.0]]
[2019.09.14-17.15.39:909][  0]LogConfig: Setting CVar [[r.DistanceFieldShadowing:1]]
[2019.09.14-17.15.39:909][  0]LogConfig: Setting CVar [[r.DistanceFieldAO:1]]
[2019.09.14-17.15.39:909][  0]LogConfig: Setting CVar [[r.AOQuality:2]]
[2019.09.14-17.15.39:909][  0]LogConfig: Setting CVar [[r.VolumetricFog:1]]
[2019.09.14-17.15.39:909][  0]LogConfig: Setting CVar [[r.VolumetricFog.GridPixelSize:8]]
[2019.09.14-17.15.39:909][  0]LogConfig: Setting CVar [[r.VolumetricFog.GridSizeZ:128]]
[2019.09.14-17.15.39:909][  0]LogConfig: Setting CVar [[r.VolumetricFog.HistoryMissSupersampleCount:4]]
[2019.09.14-17.15.39:909][  0]LogConfig: Setting CVar [[r.LightMaxDrawDistanceScale:1]]
[2019.09.14-17.15.39:909][  0]LogConfig: Setting CVar [[r.CapsuleShadows:1]]
[2019.09.14-17.15.39:909][  0]LogConfig: Applying CVar settings from Section [PostProcessQuality@3] File [D:/SpellBashGit/SpiritDecay/SpiritDecay/Saved/Config/Windows/Scalability.ini]
[2019.09.14-17.15.39:909][  0]LogConfig: Setting CVar [[r.MotionBlurQuality:4]]
[2019.09.14-17.15.39:909][  0]LogConfig: Setting CVar [[r.AmbientOcclusionMipLevelFactor:0.4]]
[2019.09.14-17.15.39:909][  0]LogConfig: Setting CVar [[r.AmbientOcclusionMaxQuality:100]]
[2019.09.14-17.15.39:909][  0]LogConfig: Setting CVar [[r.AmbientOcclusionLevels:-1]]
[2019.09.14-17.15.39:909][  0]LogConfig: Setting CVar [[r.AmbientOcclusionRadiusScale:1.0]]
[2019.09.14-17.15.39:909][  0]LogConfig: Setting CVar [[r.DepthOfFieldQuality:2]]
[2019.09.14-17.15.39:909][  0]LogConfig: Setting CVar [[r.RenderTargetPoolMin:400]]
[2019.09.14-17.15.39:909][  0]LogConfig: Setting CVar [[r.LensFlareQuality:2]]
[2019.09.14-17.15.39:909][  0]LogConfig: Setting CVar [[r.SceneColorFringeQuality:1]]
[2019.09.14-17.15.39:909][  0]LogConfig: Setting CVar [[r.EyeAdaptationQuality:2]]
[2019.09.14-17.15.39:909][  0]LogConfig: Setting CVar [[r.BloomQuality:5]]
[2019.09.14-17.15.39:909][  0]LogConfig: Setting CVar [[r.FastBlurThreshold:100]]
[2019.09.14-17.15.39:909][  0]LogConfig: Setting CVar [[r.Upscale.Quality:3]]
[2019.09.14-17.15.39:909][  0]LogConfig: Setting CVar [[r.Tonemapper.GrainQuantization:1]]
[2019.09.14-17.15.39:909][  0]LogConfig: Setting CVar [[r.LightShaftQuality:1]]
[2019.09.14-17.15.39:909][  0]LogConfig: Setting CVar [[r.Filter.SizeScale:1]]
[2019.09.14-17.15.39:909][  0]LogConfig: Setting CVar [[r.Tonemapper.Quality:5]]
[2019.09.14-17.15.39:909][  0]LogConfig: Setting CVar [[r.DOF.Gather.AccumulatorQuality:1        ; higher gathering accumulator quality]]
[2019.09.14-17.15.39:909][  0]LogConfig: Setting CVar [[r.DOF.Gather.PostfilterMethod:1          ; Median3x3 postfilering method]]
[2019.09.14-17.15.39:909][  0]LogConfig: Setting CVar [[r.DOF.Gather.EnableBokehSettings:0       ; no bokeh simulation when gathering]]
[2019.09.14-17.15.39:909][  0]LogConfig: Setting CVar [[r.DOF.Gather.RingCount:4                 ; medium number of samples when gathering]]
[2019.09.14-17.15.39:909][  0]LogConfig: Setting CVar [[r.DOF.Scatter.ForegroundCompositing:1    ; additive foreground scattering]]
[2019.09.14-17.15.39:909][  0]LogConfig: Setting CVar [[r.DOF.Scatter.BackgroundCompositing:2    ; additive background scattering]]
[2019.09.14-17.15.39:909][  0]LogConfig: Setting CVar [[r.DOF.Scatter.EnableBokehSettings:1      ; bokeh simulation when scattering]]
[2019.09.14-17.15.39:909][  0]LogConfig: Setting CVar [[r.DOF.Scatter.MaxSpriteRatio:0.1         ; only a maximum of 10% of scattered bokeh]]
[2019.09.14-17.15.39:909][  0]LogConfig: Setting CVar [[r.DOF.Recombine.Quality:1                ; cheap slight out of focus]]
[2019.09.14-17.15.39:909][  0]LogConfig: Setting CVar [[r.DOF.Recombine.EnableBokehSettings:0    ; no bokeh simulation on slight out of focus]]
[2019.09.14-17.15.39:909][  0]LogConfig: Setting CVar [[r.DOF.TemporalAAQuality:1                ; more stable temporal accumulation]]
[2019.09.14-17.15.39:909][  0]LogConfig: Setting CVar [[r.DOF.Kernel.MaxForegroundRadius:0.025]]
[2019.09.14-17.15.39:909][  0]LogConfig: Setting CVar [[r.DOF.Kernel.MaxBackgroundRadius:0.025]]
[2019.09.14-17.15.39:909][  0]LogConfig: Applying CVar settings from Section [TextureQuality@3] File [D:/SpellBashGit/SpiritDecay/SpiritDecay/Saved/Config/Windows/Scalability.ini]
[2019.09.14-17.15.39:909][  0]LogConfig: Setting CVar [[r.Streaming.MipBias:0]]
[2019.09.14-17.15.39:909][  0]LogConfig: Setting CVar [[r.Streaming.AmortizeCPUToGPUCopy:0]]
[2019.09.14-17.15.39:909][  0]LogConfig: Setting CVar [[r.Streaming.MaxNumTexturesToStreamPerFrame:0]]
[2019.09.14-17.15.39:909][  0]LogConfig: Setting CVar [[r.Streaming.Boost:1]]
[2019.09.14-17.15.39:909][  0]LogConfig: Setting CVar [[r.MaxAnisotropy:8]]
[2019.09.14-17.15.39:909][  0]LogConfig: Setting CVar [[r.Streaming.LimitPoolSizeToVRAM:0]]
[2019.09.14-17.15.39:909][  0]LogConfig: Setting CVar [[r.Streaming.PoolSize:1000]]
[2019.09.14-17.15.39:909][  0]LogConfig: Setting CVar [[r.Streaming.MaxEffectiveScreenSize:0]]
[2019.09.14-17.15.39:909][  0]LogConfig: Applying CVar settings from Section [EffectsQuality@3] File [D:/SpellBashGit/SpiritDecay/SpiritDecay/Saved/Config/Windows/Scalability.ini]
[2019.09.14-17.15.39:909][  0]LogConfig: Setting CVar [[r.TranslucencyLightingVolumeDim:64]]
[2019.09.14-17.15.39:910][  0]LogConfig: Setting CVar [[r.RefractionQuality:2]]
[2019.09.14-17.15.39:910][  0]LogConfig: Setting CVar [[r.SSR.Quality:3]]
[2019.09.14-17.15.39:910][  0]LogConfig: Setting CVar [[r.SceneColorFormat:4]]
[2019.09.14-17.15.39:910][  0]LogConfig: Setting CVar [[r.DetailMode:2]]
[2019.09.14-17.15.39:910][  0]LogConfig: Setting CVar [[r.TranslucencyVolumeBlur:1]]
[2019.09.14-17.15.39:910][  0]LogConfig: Setting CVar [[r.MaterialQualityLevel:1 ; High quality]]
[2019.09.14-17.15.39:910][  0]LogConfig: Setting CVar [[r.SSS.Scale:1]]
[2019.09.14-17.15.39:910][  0]LogConfig: Setting CVar [[r.SSS.SampleSet:2]]
[2019.09.14-17.15.39:910][  0]LogConfig: Setting CVar [[r.SSS.Quality:1]]
[2019.09.14-17.15.39:910][  0]LogConfig: Setting CVar [[r.SSS.HalfRes:1]]
[2019.09.14-17.15.39:910][  0]LogConfig: Setting CVar [[r.EmitterSpawnRateScale:1.0]]
[2019.09.14-17.15.39:910][  0]LogConfig: Setting CVar [[r.ParticleLightQuality:2]]
[2019.09.14-17.15.39:910][  0]LogConfig: Applying CVar settings from Section [FoliageQuality@3] File [D:/SpellBashGit/SpiritDecay/SpiritDecay/Saved/Config/Windows/Scalability.ini]
[2019.09.14-17.15.39:910][  0]LogConfig: Setting CVar [[foliage.DensityScale:1.0]]
[2019.09.14-17.15.39:910][  0]LogConfig: Setting CVar [[grass.DensityScale:1.0]]
[2019.09.14-17.15.39:910][  0]LogInit: Selected Device Profile: [Windows]
[2019.09.14-17.15.39:910][  0]LogInit: Applying CVar settings loaded from the selected device profile: [Windows]
[2019.09.14-17.15.39:913][  0]LogHAL: Display: Platform has ~ 16 GB [17034416128 / 17179869184 / 16], which maps to Larger [LargestMinGB=32, LargerMinGB=12, DefaultMinGB=8, SmallerMinGB=6, SmallestMinGB=0)
[2019.09.14-17.15.39:913][  0]LogInit: Going up to parent DeviceProfile []
[2019.09.14-17.15.39:913][  0]LogConfig: Applying CVar settings from Section [ViewDistanceQuality@3] File [D:/SpellBashGit/SpiritDecay/SpiritDecay/Saved/Config/Windows/Scalability.ini]
[2019.09.14-17.15.39:913][  0]LogConfig: Setting CVar [[r.SkeletalMeshLODBias:0]]
[2019.09.14-17.15.39:913][  0]LogConfig: Setting CVar [[r.ViewDistanceScale:1.0]]
[2019.09.14-17.15.39:913][  0]LogConfig: Applying CVar settings from Section [AntiAliasingQuality@3] File [D:/SpellBashGit/SpiritDecay/SpiritDecay/Saved/Config/Windows/Scalability.ini]
[2019.09.14-17.15.39:913][  0]LogConfig: Setting CVar [[r.PostProcessAAQuality:4]]
[2019.09.14-17.15.39:913][  0]LogConfig: Applying CVar settings from Section [ShadowQuality@3] File [D:/SpellBashGit/SpiritDecay/SpiritDecay/Saved/Config/Windows/Scalability.ini]
[2019.09.14-17.15.39:913][  0]LogConfig: Setting CVar [[r.LightFunctionQuality:1]]
[2019.09.14-17.15.39:913][  0]LogConfig: Setting CVar [[r.ShadowQuality:5]]
[2019.09.14-17.15.39:913][  0]LogConfig: Setting CVar [[r.Shadow.CSM.MaxCascades:10]]
[2019.09.14-17.15.39:913][  0]LogConfig: Setting CVar [[r.Shadow.MaxResolution:2048]]
[2019.09.14-17.15.39:913][  0]LogConfig: Setting CVar [[r.Shadow.MaxCSMResolution:2048]]
[2019.09.14-17.15.39:913][  0]LogConfig: Setting CVar [[r.Shadow.RadiusThreshold:0.01]]
[2019.09.14-17.15.39:913][  0]LogConfig: Setting CVar [[r.Shadow.DistanceScale:1.0]]
[2019.09.14-17.15.39:913][  0]LogConfig: Setting CVar [[r.Shadow.CSM.TransitionScale:1.0]]
[2019.09.14-17.15.39:913][  0]LogConfig: Setting CVar [[r.Shadow.PreShadowResolutionFactor:1.0]]
[2019.09.14-17.15.39:913][  0]LogConfig: Setting CVar [[r.DistanceFieldShadowing:1]]
[2019.09.14-17.15.39:913][  0]LogConfig: Setting CVar [[r.DistanceFieldAO:1]]
[2019.09.14-17.15.39:913][  0]LogConfig: Setting CVar [[r.AOQuality:2]]
[2019.09.14-17.15.39:913][  0]LogConfig: Setting CVar [[r.VolumetricFog:1]]
[2019.09.14-17.15.39:913][  0]LogConfig: Setting CVar [[r.VolumetricFog.GridPixelSize:8]]
[2019.09.14-17.15.39:913][  0]LogConfig: Setting CVar [[r.VolumetricFog.GridSizeZ:128]]
[2019.09.14-17.15.39:913][  0]LogConfig: Setting CVar [[r.VolumetricFog.HistoryMissSupersampleCount:4]]
[2019.09.14-17.15.39:913][  0]LogConfig: Setting CVar [[r.LightMaxDrawDistanceScale:1]]
[2019.09.14-17.15.39:913][  0]LogConfig: Setting CVar [[r.CapsuleShadows:1]]
[2019.09.14-17.15.39:913][  0]LogConfig: Applying CVar settings from Section [PostProcessQuality@3] File [D:/SpellBashGit/SpiritDecay/SpiritDecay/Saved/Config/Windows/Scalability.ini]
[2019.09.14-17.15.39:913][  0]LogConfig: Setting CVar [[r.MotionBlurQuality:4]]
[2019.09.14-17.15.39:913][  0]LogConfig: Setting CVar [[r.AmbientOcclusionMipLevelFactor:0.4]]
[2019.09.14-17.15.39:913][  0]LogConfig: Setting CVar [[r.AmbientOcclusionMaxQuality:100]]
[2019.09.14-17.15.39:914][  0]LogConfig: Setting CVar [[r.AmbientOcclusionLevels:-1]]
[2019.09.14-17.15.39:914][  0]LogConfig: Setting CVar [[r.AmbientOcclusionRadiusScale:1.0]]
[2019.09.14-17.15.39:914][  0]LogConfig: Setting CVar [[r.DepthOfFieldQuality:2]]
[2019.09.14-17.15.39:914][  0]LogConfig: Setting CVar [[r.RenderTargetPoolMin:400]]
[2019.09.14-17.15.39:914][  0]LogConfig: Setting CVar [[r.LensFlareQuality:2]]
[2019.09.14-17.15.39:914][  0]LogConfig: Setting CVar [[r.SceneColorFringeQuality:1]]
[2019.09.14-17.15.39:914][  0]LogConfig: Setting CVar [[r.EyeAdaptationQuality:2]]
[2019.09.14-17.15.39:914][  0]LogConfig: Setting CVar [[r.BloomQuality:5]]
[2019.09.14-17.15.39:914][  0]LogConfig: Setting CVar [[r.FastBlurThreshold:100]]
[2019.09.14-17.15.39:914][  0]LogConfig: Setting CVar [[r.Upscale.Quality:3]]
[2019.09.14-17.15.39:914][  0]LogConfig: Setting CVar [[r.Tonemapper.GrainQuantization:1]]
[2019.09.14-17.15.39:914][  0]LogConfig: Setting CVar [[r.LightShaftQuality:1]]
[2019.09.14-17.15.39:914][  0]LogConfig: Setting CVar [[r.Filter.SizeScale:1]]
[2019.09.14-17.15.39:914][  0]LogConfig: Setting CVar [[r.Tonemapper.Quality:5]]
[2019.09.14-17.15.39:914][  0]LogConfig: Setting CVar [[r.DOF.Gather.AccumulatorQuality:1        ; higher gathering accumulator quality]]
[2019.09.14-17.15.39:914][  0]LogConfig: Setting CVar [[r.DOF.Gather.PostfilterMethod:1          ; Median3x3 postfilering method]]
[2019.09.14-17.15.39:914][  0]LogConfig: Setting CVar [[r.DOF.Gather.EnableBokehSettings:0       ; no bokeh simulation when gathering]]
[2019.09.14-17.15.39:914][  0]LogConfig: Setting CVar [[r.DOF.Gather.RingCount:4                 ; medium number of samples when gathering]]
[2019.09.14-17.15.39:914][  0]LogConfig: Setting CVar [[r.DOF.Scatter.ForegroundCompositing:1    ; additive foreground scattering]]
[2019.09.14-17.15.39:914][  0]LogConfig: Setting CVar [[r.DOF.Scatter.BackgroundCompositing:2    ; additive background scattering]]
[2019.09.14-17.15.39:914][  0]LogConfig: Setting CVar [[r.DOF.Scatter.EnableBokehSettings:1      ; bokeh simulation when scattering]]
[2019.09.14-17.15.39:914][  0]LogConfig: Setting CVar [[r.DOF.Scatter.MaxSpriteRatio:0.1         ; only a maximum of 10% of scattered bokeh]]
[2019.09.14-17.15.39:914][  0]LogConfig: Setting CVar [[r.DOF.Recombine.Quality:1                ; cheap slight out of focus]]
[2019.09.14-17.15.39:914][  0]LogConfig: Setting CVar [[r.DOF.Recombine.EnableBokehSettings:0    ; no bokeh simulation on slight out of focus]]
[2019.09.14-17.15.39:914][  0]LogConfig: Setting CVar [[r.DOF.TemporalAAQuality:1                ; more stable temporal accumulation]]
[2019.09.14-17.15.39:914][  0]LogConfig: Setting CVar [[r.DOF.Kernel.MaxForegroundRadius:0.025]]
[2019.09.14-17.15.39:914][  0]LogConfig: Setting CVar [[r.DOF.Kernel.MaxBackgroundRadius:0.025]]
[2019.09.14-17.15.39:914][  0]LogConfig: Applying CVar settings from Section [TextureQuality@3] File [D:/SpellBashGit/SpiritDecay/SpiritDecay/Saved/Config/Windows/Scalability.ini]
[2019.09.14-17.15.39:914][  0]LogConfig: Setting CVar [[r.Streaming.MipBias:0]]
[2019.09.14-17.15.39:914][  0]LogConfig: Setting CVar [[r.Streaming.AmortizeCPUToGPUCopy:0]]
[2019.09.14-17.15.39:914][  0]LogConfig: Setting CVar [[r.Streaming.MaxNumTexturesToStreamPerFrame:0]]
[2019.09.14-17.15.39:914][  0]LogConfig: Setting CVar [[r.Streaming.Boost:1]]
[2019.09.14-17.15.39:914][  0]LogConfig: Setting CVar [[r.MaxAnisotropy:8]]
[2019.09.14-17.15.39:914][  0]LogConfig: Setting CVar [[r.Streaming.LimitPoolSizeToVRAM:0]]
[2019.09.14-17.15.39:914][  0]LogConfig: Setting CVar [[r.Streaming.PoolSize:1000]]
[2019.09.14-17.15.39:914][  0]LogConfig: Setting CVar [[r.Streaming.MaxEffectiveScreenSize:0]]
[2019.09.14-17.15.39:914][  0]LogConfig: Applying CVar settings from Section [EffectsQuality@3] File [D:/SpellBashGit/SpiritDecay/SpiritDecay/Saved/Config/Windows/Scalability.ini]
[2019.09.14-17.15.39:914][  0]LogConfig: Setting CVar [[r.TranslucencyLightingVolumeDim:64]]
[2019.09.14-17.15.39:914][  0]LogConfig: Setting CVar [[r.RefractionQuality:2]]
[2019.09.14-17.15.39:914][  0]LogConfig: Setting CVar [[r.SSR.Quality:3]]
[2019.09.14-17.15.39:914][  0]LogConfig: Setting CVar [[r.SceneColorFormat:4]]
[2019.09.14-17.15.39:914][  0]LogConfig: Setting CVar [[r.DetailMode:2]]
[2019.09.14-17.15.39:914][  0]LogConfig: Setting CVar [[r.TranslucencyVolumeBlur:1]]
[2019.09.14-17.15.39:914][  0]LogConfig: Setting CVar [[r.MaterialQualityLevel:1 ; High quality]]
[2019.09.14-17.15.39:914][  0]LogConfig: Setting CVar [[r.SSS.Scale:1]]
[2019.09.14-17.15.39:914][  0]LogConfig: Setting CVar [[r.SSS.SampleSet:2]]
[2019.09.14-17.15.39:914][  0]LogConfig: Setting CVar [[r.SSS.Quality:1]]
[2019.09.14-17.15.39:914][  0]LogConfig: Setting CVar [[r.SSS.HalfRes:1]]
[2019.09.14-17.15.39:914][  0]LogConfig: Setting CVar [[r.EmitterSpawnRateScale:1.0]]
[2019.09.14-17.15.39:914][  0]LogConfig: Setting CVar [[r.ParticleLightQuality:2]]
[2019.09.14-17.15.39:914][  0]LogConfig: Applying CVar settings from Section [FoliageQuality@3] File [D:/SpellBashGit/SpiritDecay/SpiritDecay/Saved/Config/Windows/Scalability.ini]
[2019.09.14-17.15.39:914][  0]LogConfig: Setting CVar [[foliage.DensityScale:1.0]]
[2019.09.14-17.15.39:914][  0]LogConfig: Setting CVar [[grass.DensityScale:1.0]]
[2019.09.14-17.15.39:914][  0]LogConfig: Applying CVar settings from Section [Startup] File [../../../Engine/Config/ConsoleVariables.ini]
[2019.09.14-17.15.39:915][  0]LogConfig: Setting CVar [[net.UseAdaptiveNetUpdateFrequency:0]]
[2019.09.14-17.15.39:915][  0]LogConfig: Setting CVar [[p.chaos.AllowCreatePhysxBodies:1]]
[2019.09.14-17.15.39:915][  0]LogConfig: Applying CVar settings from Section [ConsoleVariables] File [D:/SpellBashGit/SpiritDecay/SpiritDecay/Saved/Config/Windows/Engine.ini]
[2019.09.14-17.15.39:915][  0]LogInit: Computer: DESKTOP-2E06I2F
[2019.09.14-17.15.39:915][  0]LogInit: User: jonny
[2019.09.14-17.15.39:915][  0]LogInit: CPU Page size=4096, Cores=4
[2019.09.14-17.15.39:915][  0]LogInit: High frequency timer resolution =10.000000 MHz
[2019.09.14-17.15.39:915][  0]LogMemory: Memory total: Physical=15.9GB (16GB approx)
[2019.09.14-17.15.39:915][  0]LogMemory: Platform Memory Stats for Windows
[2019.09.14-17.15.39:915][  0]LogMemory: Process Physical Memory: 100.23 MB used, 100.23 MB peak
[2019.09.14-17.15.39:915][  0]LogMemory: Process Virtual Memory: 99.93 MB used, 99.93 MB peak
[2019.09.14-17.15.39:915][  0]LogMemory: Physical Memory: 8576.06 MB used,  7669.22 MB free, 16245.29 MB total
[2019.09.14-17.15.39:915][  0]LogMemory: Virtual Memory: 4655.42 MB used,  134213072.00 MB free, 134217728.00 MB total
[2019.09.14-17.15.39:918][  0]LogWindows: WindowsPlatformFeatures enabled
[2019.09.14-17.15.39:947][  0]LogInit: Using OS detected language (en-GB).
[2019.09.14-17.15.39:947][  0]LogInit: Using OS detected locale (en-GB).
[2019.09.14-17.15.39:948][  0]LogTextLocalizationManager: No specific localization for 'en-GB' exists, so the 'en' localization will be used.
[2019.09.14-17.15.40:195][  0]LogInit: Setting process to per monitor DPI aware
[2019.09.14-17.15.40:241][  0]LogSlate: New Slate User Created.  User Index 0, Is Virtual User: 0
[2019.09.14-17.15.40:241][  0]LogSlate: Slate User Registered.  User Index 0, Is Virtual User: 0
[2019.09.14-17.15.40:425][  0]LogHMD: Failed to initialize OpenVR with code 110
[2019.09.14-17.15.40:425][  0]LogD3D11RHI: D3D11 adapters:
[2019.09.14-17.15.40:483][  0]LogD3D11RHI:    0. 'NVIDIA GeForce GTX 960' (Feature Level 11_0)
[2019.09.14-17.15.40:483][  0]LogD3D11RHI:       2007/0/8122 MB DedicatedVideo/DedicatedSystem/SharedSystem, Outputs:2, VendorId:0x10de
[2019.09.14-17.15.40:491][  0]LogD3D11RHI:    1. 'Intel(R) HD Graphics 4600' (Feature Level 11_0)
[2019.09.14-17.15.40:491][  0]LogD3D11RHI:       112/0/2048 MB DedicatedVideo/DedicatedSystem/SharedSystem, Outputs:0, VendorId:0x8086
[2019.09.14-17.15.40:494][  0]LogD3D11RHI:    2. 'Microsoft Basic Render Driver' (Feature Level 11_0)
[2019.09.14-17.15.40:494][  0]LogD3D11RHI:       0/0/8122 MB DedicatedVideo/DedicatedSystem/SharedSystem, Outputs:0, VendorId:0x1414
[2019.09.14-17.15.40:494][  0]LogD3D11RHI: Chosen D3D11 Adapter: 0
[2019.09.14-17.15.40:501][  0]LogD3D11RHI: Creating new Direct3DDevice
[2019.09.14-17.15.40:501][  0]LogD3D11RHI:     GPU DeviceId: 0x1401 (for the marketing name, search the web for "GPU Device Id")
[2019.09.14-17.15.40:501][  0]LogWindows: EnumDisplayDevices:
[2019.09.14-17.15.40:502][  0]LogWindows:    0. 'NVIDIA GeForce GTX 960' (P:1 D:1)
[2019.09.14-17.15.40:502][  0]LogWindows:    1. 'NVIDIA GeForce GTX 960' (P:0 D:1)
[2019.09.14-17.15.40:502][  0]LogWindows:    2. 'NVIDIA GeForce GTX 960' (P:0 D:0)
[2019.09.14-17.15.40:502][  0]LogWindows:    3. 'NVIDIA GeForce GTX 960' (P:0 D:0)
[2019.09.14-17.15.40:503][  0]LogWindows:    4. 'Intel(R) HD Graphics 4600' (P:0 D:0)
[2019.09.14-17.15.40:503][  0]LogWindows:    5. 'Intel(R) HD Graphics 4600' (P:0 D:0)
[2019.09.14-17.15.40:503][  0]LogWindows:    6. 'Intel(R) HD Graphics 4600' (P:0 D:0)
[2019.09.14-17.15.40:503][  0]LogWindows: DebugString: PrimaryIsNotTheChoosenAdapter PrimaryIsNotTheChoosenAdapter PrimaryIsNotTheChoosenAdapter FoundDriverCount:4 
[2019.09.14-17.15.40:503][  0]LogD3D11RHI:     Adapter Name: NVIDIA GeForce GTX 960
[2019.09.14-17.15.40:503][  0]LogD3D11RHI:   Driver Version: 430.86 (internal:26.21.14.3086, unified:430.86)
[2019.09.14-17.15.40:503][  0]LogD3D11RHI:      Driver Date: 5-22-2019
[2019.09.14-17.15.40:503][  0]LogRHI: Texture pool is 1405 MB (70% of 2007 MB)
[2019.09.14-17.15.40:547][  0]LogD3D11RHI: Async texture creation enabled
[2019.09.14-17.15.40:584][  0]LogD3D11RHI: GPU Timing Frequency: 1000.000000 (Debug: 2 1)
[2019.09.14-17.15.41:103][  0]LogTemp: Display: Module 'AllDesktopTargetPlatform' loaded TargetPlatform 'AllDesktop'
[2019.09.14-17.15.41:115][  0]LogTemp: Display: Module 'MacClientTargetPlatform' loaded TargetPlatform 'MacClient'
[2019.09.14-17.15.41:126][  0]LogTemp: Display: Module 'MacNoEditorTargetPlatform' loaded TargetPlatform 'MacNoEditor'
[2019.09.14-17.15.41:138][  0]LogTemp: Display: Module 'MacServerTargetPlatform' loaded TargetPlatform 'MacServer'
[2019.09.14-17.15.41:150][  0]LogTemp: Display: Module 'MacTargetPlatform' loaded TargetPlatform 'Mac'
[2019.09.14-17.15.41:160][  0]LogTemp: Display: Module 'WindowsClientTargetPlatform' loaded TargetPlatform 'WindowsClient'
[2019.09.14-17.15.41:171][  0]LogTemp: Display: Module 'WindowsNoEditorTargetPlatform' loaded TargetPlatform 'WindowsNoEditor'
[2019.09.14-17.15.41:182][  0]LogTemp: Display: Module 'WindowsServerTargetPlatform' loaded TargetPlatform 'WindowsServer'
[2019.09.14-17.15.41:187][  0]LogTemp: Display: Module 'WindowsTargetPlatform' loaded TargetPlatform 'Windows'
[2019.09.14-17.15.41:228][  0]LogTemp: Display: Module 'AndroidTargetPlatform' loaded TargetPlatform 'Android'
[2019.09.14-17.15.41:228][  0]LogTemp: Display: Module 'AndroidTargetPlatform' loaded TargetPlatform 'Android_ASTC'
[2019.09.14-17.15.41:228][  0]LogTemp: Display: Module 'AndroidTargetPlatform' loaded TargetPlatform 'Android_ATC'
[2019.09.14-17.15.41:228][  0]LogTemp: Display: Module 'AndroidTargetPlatform' loaded TargetPlatform 'Android_DXT'
[2019.09.14-17.15.41:228][  0]LogTemp: Display: Module 'AndroidTargetPlatform' loaded TargetPlatform 'Android_ETC1'
[2019.09.14-17.15.41:228][  0]LogTemp: Display: Module 'AndroidTargetPlatform' loaded TargetPlatform 'Android_ETC1a'
[2019.09.14-17.15.41:228][  0]LogTemp: Display: Module 'AndroidTargetPlatform' loaded TargetPlatform 'Android_ETC2'
[2019.09.14-17.15.41:228][  0]LogTemp: Display: Module 'AndroidTargetPlatform' loaded TargetPlatform 'Android_PVRTC'
[2019.09.14-17.15.41:228][  0]LogTemp: Display: Module 'AndroidTargetPlatform' loaded TargetPlatform 'AndroidClient'
[2019.09.14-17.15.41:228][  0]LogTemp: Display: Module 'AndroidTargetPlatform' loaded TargetPlatform 'Android_ASTCClient'
[2019.09.14-17.15.41:228][  0]LogTemp: Display: Module 'AndroidTargetPlatform' loaded TargetPlatform 'Android_ATCClient'
[2019.09.14-17.15.41:228][  0]LogTemp: Display: Module 'AndroidTargetPlatform' loaded TargetPlatform 'Android_DXTClient'
[2019.09.14-17.15.41:228][  0]LogTemp: Display: Module 'AndroidTargetPlatform' loaded TargetPlatform 'Android_ETC1Client'
[2019.09.14-17.15.41:229][  0]LogTemp: Display: Module 'AndroidTargetPlatform' loaded TargetPlatform 'Android_ETC1aClient'
[2019.09.14-17.15.41:229][  0]LogTemp: Display: Module 'AndroidTargetPlatform' loaded TargetPlatform 'Android_ETC2Client'
[2019.09.14-17.15.41:229][  0]LogTemp: Display: Module 'AndroidTargetPlatform' loaded TargetPlatform 'Android_PVRTCClient'
[2019.09.14-17.15.41:229][  0]LogTemp: Display: Module 'AndroidTargetPlatform' loaded TargetPlatform 'Android_Multi'
[2019.09.14-17.15.41:229][  0]LogTemp: Display: Module 'AndroidTargetPlatform' loaded TargetPlatform 'Android_MultiClient'
[2019.09.14-17.15.41:231][  0]LogTemp: Display: Module 'HTML5TargetPlatform' loaded TargetPlatform 'HTML5'
[2019.09.14-17.15.41:252][  0]LogTemp: Display: Module 'IOSTargetPlatform' loaded TargetPlatform 'IOSClient'
[2019.09.14-17.15.41:252][  0]LogTemp: Display: Module 'IOSTargetPlatform' loaded TargetPlatform 'IOS'
[2019.09.14-17.15.41:269][  0]LogTemp: Display: Module 'TVOSTargetPlatform' loaded TargetPlatform 'TVOSClient'
[2019.09.14-17.15.41:269][  0]LogTemp: Display: Module 'TVOSTargetPlatform' loaded TargetPlatform 'TVOS'
[2019.09.14-17.15.41:278][  0]LogTemp: Display: Module 'LinuxClientTargetPlatform' loaded TargetPlatform 'LinuxClient'
[2019.09.14-17.15.41:286][  0]LogTemp: Display: Module 'LinuxNoEditorTargetPlatform' loaded TargetPlatform 'LinuxNoEditor'
[2019.09.14-17.15.41:295][  0]LogTemp: Display: Module 'LinuxServerTargetPlatform' loaded TargetPlatform 'LinuxServer'
[2019.09.14-17.15.41:304][  0]LogTemp: Display: Module 'LinuxTargetPlatform' loaded TargetPlatform 'Linux'
[2019.09.14-17.15.41:337][  0]LogTemp: Display: Module 'LuminTargetPlatform' loaded TargetPlatform 'Lumin'
[2019.09.14-17.15.41:337][  0]LogTemp: Display: Module 'LuminTargetPlatform' loaded TargetPlatform 'LuminClient'
[2019.09.14-17.15.41:337][  0]LogTargetPlatformManager: Display: Building Assets For Windows
[2019.09.14-17.15.41:347][  0]LogAudioDebug: Display: Lib vorbis DLL was dynamically loaded.
[2019.09.14-17.15.41:409][  0]LogShaderCompilers: Guid format shader working directory is 6 characters bigger than the processId version (D:/SpellBashGit/SpiritDecay/SpiritDecay/Intermediate/Shaders/WorkingDirectory/17492/).
[2019.09.14-17.15.41:409][  0]LogShaderCompilers: Cleaned the shader compiler working directory 'C:/Users/jonny/AppData/Local/Temp/UnrealShaderWorkingDir/B014FF864BAC7D7E75ADE7AB4F2FB0EB/'.
[2019.09.14-17.15.41:413][  0]LogXGEController: Cannot use XGE Controller as Incredibuild is not installed on this machine.
[2019.09.14-17.15.41:413][  0]LogShaderCompilers: Cannot use XGE Shader Compiler as Incredibuild is not installed on this machine.
[2019.09.14-17.15.41:413][  0]LogShaderCompilers: Display: Using Local Shader Compiler.
[2019.09.14-17.15.42:139][  0]LogDerivedDataCache: Display: Max Cache Size: 512 MB
[2019.09.14-17.15.42:199][  0]LogDerivedDataCache: Loaded boot cache 0.06s 85MB C:/Users/jonny/AppData/Local/UnrealEngine/4.23/DerivedDataCache/Boot.ddc.
[2019.09.14-17.15.42:199][  0]LogDerivedDataCache: Display: Loaded Boot cache: C:/Users/jonny/AppData/Local/UnrealEngine/4.23/DerivedDataCache/Boot.ddc
[2019.09.14-17.15.42:199][  0]LogDerivedDataCache: FDerivedDataBackendGraph:  Pak pak cache file D:/SpellBashGit/SpiritDecay/SpiritDecay/DerivedDataCache/DDC.ddp not found, will not use a pak cache.
[2019.09.14-17.15.42:199][  0]LogDerivedDataCache: Unable to find inner node Pak for hierarchical cache Hierarchy.
[2019.09.14-17.15.42:199][  0]LogDerivedDataCache: FDerivedDataBackendGraph:  CompressedPak pak cache file D:/SpellBashGit/SpiritDecay/SpiritDecay/DerivedDataCache/Compressed.ddp not found, will not use a pak cache.
[2019.09.14-17.15.42:199][  0]LogDerivedDataCache: Unable to find inner node CompressedPak for hierarchical cache Hierarchy.
[2019.09.14-17.15.42:212][  0]LogDerivedDataCache: Display: Pak cache opened for reading ../../../Engine/DerivedDataCache/Compressed.ddp.
[2019.09.14-17.15.42:212][  0]LogDerivedDataCache: FDerivedDataBackendGraph:  EnterprisePak pak cache file ../../../Enterprise/DerivedDataCache/Compressed.ddp not found, will not use a pak cache.
[2019.09.14-17.15.42:212][  0]LogDerivedDataCache: Unable to find inner node EnterprisePak for hierarchical cache Hierarchy.
[2019.09.14-17.15.42:213][  0]LogDerivedDataCache: Using Local data cache path C:/Users/jonny/AppData/Local/UnrealEngine/Common/DerivedDataCache: Writable
[2019.09.14-17.15.42:213][  0]LogDerivedDataCache: Shared data cache path not found in *engine.ini, will not use an Shared cache.
[2019.09.14-17.15.42:213][  0]LogDerivedDataCache: Unable to find inner node Shared for hierarchical cache Hierarchy.
[2019.09.14-17.15.42:237][  0]LogMaterial: Verifying Global Shaders for PCD3D_SM5
[2019.09.14-17.15.42:240][  0]LogSlate: Using FreeType 2.6.0
[2019.09.14-17.15.42:240][  0]LogSlate: SlateFontServices - WITH_FREETYPE: 1, WITH_HARFBUZZ: 1
[2019.09.14-17.15.42:303][  0]LogAssetRegistry: FAssetRegistry took 0.0025 seconds to start up
[2019.09.14-17.15.42:595][  0]LogInit: Selected Device Profile: [Windows]
[2019.09.14-17.15.42:771][  0]LogMeshReduction: Using QuadricMeshReduction for automatic static mesh reduction
[2019.09.14-17.15.42:771][  0]LogMeshReduction: Using SimplygonMeshReduction for automatic skeletal mesh reduction
[2019.09.14-17.15.42:771][  0]LogMeshReduction: Using ProxyLODMeshReduction for automatic mesh merging
[2019.09.14-17.15.42:771][  0]LogMeshReduction: No distributed automatic mesh merging module available
[2019.09.14-17.15.42:771][  0]LogMeshMerging: No distributed automatic mesh merging module available
[2019.09.14-17.15.42:781][  0]LogNetVersion: SpiritDecay 1.0.0, NetCL: 8386587, EngineNetVer: 11, GameNetVer: 0 (Checksum: 552241055)
[2019.09.14-17.15.43:299][  0]LogPackageLocalizationCache: Processed 12 localized package path(s) for 1 prioritized culture(s) in 0.053867 seconds
[2019.09.14-17.15.43:308][  0]LogUObjectArray: 43444 objects as part of root set at end of initial load.
[2019.09.14-17.15.43:309][  0]LogUObjectAllocator: 7548648 out of 0 bytes used by permanent object pool.
[2019.09.14-17.15.43:309][  0]LogUObjectArray: CloseDisregardForGC: 0/0 objects in disregard for GC pool
[2019.09.14-17.15.44:433][  0]LogTcpMessaging: Initializing TcpMessaging bridge
[2019.09.14-17.15.44:442][  0]LogUdpMessaging: Initializing bridge on interface 0.0.0.0:0 to multicast group 230.0.0.1:6666.
[2019.09.14-17.15.44:532][  0]SourceControl: Source control is disabled
[2019.09.14-17.15.44:532][  0]SourceControl: Source control is disabled
[2019.09.14-17.15.44:534][  0]SourceControl: Source control is disabled
[2019.09.14-17.15.44:535][  0]SourceControl: Source control is disabled
[2019.09.14-17.15.44:644][  0]LogAndroidPermission: UAndroidPermissionCallbackProxy::GetInstance
[2019.09.14-17.15.44:924][  0]LogOcInput: OculusInput pre-init called
[2019.09.14-17.15.44:935][  0]LogWindows: Failed to load 'OVRPlugin.dll' (GetLastError=126)
[2019.09.14-17.15.44:936][  0]LogWindows: File 'OVRPlugin.dll' does not exist
[2019.09.14-17.15.45:035][  0]LogEngine: Initializing Engine...
[2019.09.14-17.15.45:036][  0]LogHMD: Failed to initialize OpenVR with code 110
[2019.09.14-17.15.45:037][  0]LogStats: UGameplayTagsManager::InitializeManager -  0.000 s
[2019.09.14-17.15.45:340][  0]LogInit: Initializing FReadOnlyCVARCache
[2019.09.14-17.15.45:357][  0]LogAIModule: Creating AISystem for world Untitled
[2019.09.14-17.15.45:414][  0]LogInit: XAudio2 using 'Headset Earphone (Razer Kraken 7.1 V2)' : 2 channels at 48 kHz using 16 bits per sample (channel mask 0x3)
[2019.09.14-17.15.45:466][  0]LogInit: FAudioDevice initialized.
[2019.09.14-17.15.45:466][  0]LogNetVersion: Set ProjectVersion to 1.0.0.0. Version Checksum will be recalculated on next use.
[2019.09.14-17.15.45:555][  0]LogDerivedDataCache: Saved boot cache 0.09s 73MB C:/Users/jonny/AppData/Local/UnrealEngine/4.23/DerivedDataCache/Boot.ddc.
[2019.09.14-17.15.45:570][  0]LogInit: Texture streaming: Enabled
[2019.09.14-17.15.45:593][  0]LogEngineSessionManager: EngineSessionManager initialized
[2019.09.14-17.15.45:654][  0]LogInit: Transaction tracking system initialized
[2019.09.14-17.15.45:697][  0]BlueprintLog: New page: Editor Load
[2019.09.14-17.15.45:790][  0]LocalizationService: Localization service is disabled
[2019.09.14-17.15.46:068][  0]LogFileCache: Scanning file cache for directory 'D:/SpellBashGit/SpiritDecay/SpiritDecay/Content/' took 0.00s
[2019.09.14-17.15.46:068][  0]LogCook: Display: Max memory allowance for cook 16384mb min free memory 0mb
[2019.09.14-17.15.46:068][  0]LogCook: Display: Mobile HDR setting 1
[2019.09.14-17.15.46:285][  0]SourceControl: Source control is disabled
[2019.09.14-17.15.46:285][  0]Cmd: MAP LOAD FILE="D:/SpellBashGit/SpiritDecay/SpiritDecay/Content/_Levels/Level1.umap" TEMPLATE=0 SHOWPROGRESS=1 FEATURELEVEL=3
[2019.09.14-17.15.46:285][  0]LightingResults: New page: Lighting Build
[2019.09.14-17.15.46:289][  0]LogWorld: UWorld::CleanupWorld for Untitled, bSessionEnded=true, bCleanupResources=true
[2019.09.14-17.15.46:289][  0]MapCheck: New page: Map Check
[2019.09.14-17.15.46:289][  0]LightingResults: New page: Lighting Build
[2019.09.14-17.15.46:340][  0]LogUObjectHash: Compacting FUObjectHashTables data took   2.08ms
[2019.09.14-17.15.50:845][  0]LogTexture: Display: Building textures: HQ_Lightmap0_1 (AutoDXT, 1024X1024)
[2019.09.14-17.15.50:845][  0]LogTexture: Display: Building textures: HQ_Lightmap0_2 (AutoDXT, 1024X1024)
[2019.09.14-17.15.50:845][  0]LogTexture: Display: Building textures: HQ_Lightmap0_3 (AutoDXT, 512X512)
[2019.09.14-17.15.50:845][  0]LogTexture: Display: Building textures: HQ_Lightmap0_4 (AutoDXT, 512X512)
[2019.09.14-17.15.50:845][  0]LogTexture: Display: Building textures: HQ_Lightmap0_6 (AutoDXT, 128X128)
[2019.09.14-17.15.50:845][  0]LogTexture: Display: Building textures: HQ_Lightmap0_7 (AutoDXT, 64X64)
[2019.09.14-17.15.50:845][  0]LogTexture: Display: Building textures: HQ_Lightmap0_5 (AutoDXT, 1024X1024)
[2019.09.14-17.15.50:845][  0]LogTexture: Display: Building textures: LQ_Lightmap_0_1 (DXT1, 1024X1024)
[2019.09.14-17.15.50:845][  0]LogTexture: Display: Building textures: LQ_Lightmap_0_2 (DXT1, 1024X1024)
[2019.09.14-17.15.50:845][  0]LogTexture: Display: Building textures: LQ_Lightmap_0_3 (DXT1, 512X512)
[2019.09.14-17.15.50:845][  0]LogTexture: Display: Building textures: LQ_Lightmap_0_4 (DXT1, 512X512)
[2019.09.14-17.15.50:845][  0]LogTexture: Display: Building textures: LQ_Lightmap_0_6 (DXT1, 128X128)
[2019.09.14-17.15.50:845][  0]LogTexture: Display: Building textures: LQ_Lightmap_0_5 (DXT1, 1024X1024)
[2019.09.14-17.15.50:845][  0]LogTexture: Display: Building textures: LQ_Lightmap_0_7 (DXT1, 64X64)
[2019.09.14-17.15.50:855][  0]LogAIModule: Creating AISystem for world Level1
[2019.09.14-17.15.51:052][  0]LogEditorServer: Finished looking for orphan Actors (0.000 secs)
[2019.09.14-17.15.51:082][  0]LogUObjectHash: Compacting FUObjectHashTables data took   2.34ms
[2019.09.14-17.15.51:082][  0]Cmd: MAP CHECKDEP NOCLEARLOG
[2019.09.14-17.15.51:082][  0]MapCheck: Map check complete: 0 Error(s), 0 Warning(s), took 0.119ms to complete.
[2019.09.14-17.15.51:082][  0]LogFileHelpers: Loading map 'Level1' took 4.797
[2019.09.14-17.15.51:216][  0]LogSlate: Updating window title bar state: overlay mode, drag disabled, window buttons hidden, title bar hidden
[2019.09.14-17.15.51:224][  0]LogSlate: Updating window title bar state: overlay mode, drag disabled, window buttons hidden, title bar hidden
[2019.09.14-17.15.51:231][  0]LogSlate: Updating window title bar state: overlay mode, drag disabled, window buttons hidden, title bar hidden
[2019.09.14-17.15.51:239][  0]LogSlate: Updating window title bar state: overlay mode, drag disabled, window buttons hidden, title bar hidden
[2019.09.14-17.15.51:246][  0]LogCollectionManager: Loaded 0 collections in 0.001896 seconds
[2019.09.14-17.15.51:252][  0]LogFileCache: Scanning file cache for directory 'D:/SpellBashGit/SpiritDecay/SpiritDecay/Saved/Collections/' took 0.00s
[2019.09.14-17.15.51:252][  0]LogFileCache: Scanning file cache for directory 'D:/SpellBashGit/SpiritDecay/SpiritDecay/Content/Developers/jonny/Collections/' took 0.00s
[2019.09.14-17.15.51:252][  0]LogFileCache: Scanning file cache for directory 'D:/SpellBashGit/SpiritDecay/SpiritDecay/Content/Collections/' took 0.00s
[2019.09.14-17.15.51:252][  0]LogCollectionManager: Rebuilt the GUID cache for 0 collections in 0.000002 seconds
[2019.09.14-17.15.51:261][  0]LogContentBrowser: Native class hierarchy populated in 0.0087 seconds. Added 2864 classes and 682 folders.
[2019.09.14-17.15.51:268][  0]LogContentBrowser: Native class hierarchy updated for 'WidgetCarousel' in 0.0003 seconds. Added 0 classes and 0 folders.
[2019.09.14-17.15.51:317][  0]LogContentBrowser: Native class hierarchy updated for 'AddContentDialog' in 0.0003 seconds. Added 0 classes and 0 folders.
[2019.09.14-17.15.51:323][  0]LogContentBrowser: Native class hierarchy updated for 'SceneOutliner' in 0.0004 seconds. Added 1 classes and 2 folders.
[2019.09.14-17.15.51:342][  0]LogSlate: Took 0.000189 seconds to synchronously load lazily loaded font '../../../Engine/Content/Slate/Fonts/Roboto-Regular.ttf' (155K)
[2019.09.14-17.15.51:345][  0]LogSlate: Took 0.000167 seconds to synchronously load lazily loaded font '../../../Engine/Content/Slate/Fonts/Roboto-Bold.ttf' (160K)
[2019.09.14-17.15.51:349][  0]LogSlate: Took 0.000178 seconds to synchronously load lazily loaded font '../../../Engine/Content/Editor/Slate/Fonts/FontAwesome.ttf' (139K)
[2019.09.14-17.15.51:424][  0]LogRenderer: Reallocating scene render targets to support 1220x708 Format 10 NumSamples 1 (Frame:1).
[2019.09.14-17.15.51:540][  0]LogContentBrowser: Native class hierarchy updated for 'HierarchicalLODOutliner' in 0.0003 seconds. Added 0 classes and 0 folders.
[2019.09.14-17.15.51:540][  0]LogLoad: (Engine Initialization) Total time: 12.87 seconds
[2019.09.14-17.15.51:540][  0]LogLoad: (Engine Initialization) Total Blueprint compile time: 0.00 seconds
[2019.09.14-17.15.51:593][  0]LogAssetRegistry: Asset discovery search completed in 9.2905 seconds
[2019.09.14-17.15.51:598][  0]LogCollectionManager: Rebuilt the object cache for 0 collections in 0.000006 seconds (found 0 objects)
[2019.09.14-17.15.51:598][  0]LogCollectionManager: Fixed up redirectors for 0 collections in 0.000081 seconds (updated 0 objects)
[2019.09.14-17.15.51:599][  0]LogContentStreaming: Texture pool size now 1000 MB
[2019.09.14-17.16.23:485][900]LogSlate: FSceneViewport::OnFocusLost() reason 2
[2019.09.14-17.16.24:303][997]MapCheck: New page: Map Check
[2019.09.14-17.16.24:315][997]LogSlate: FSceneViewport::OnFocusLost() reason 5
[2019.09.14-17.16.24:323][997]LightingResults: New page: Lighting Build - 14 Sep 2019 19:16:24
[2019.09.14-17.16.24:393][997]LogSwarmInterface: [OpenConnection] Registering TCP channel ...
[2019.09.14-17.16.24:453][997]LogSwarmInterface: [OpenConnection] Connecting to agent ...
[2019.09.14-17.16.24:465][997]LogSwarmInterface: [TryOpenConnection] Testing the Agent
[2019.09.14-17.16.24:974][997]LogSwarmInterface: [TryOpenConnection] Opening Connection to Agent
[2019.09.14-17.16.24:974][997]LogSwarmInterface: [TryOpenConnection] Local Process ID is 17492
[2019.09.14-17.16.32:110][997]LogStaticLightingSystem: Running Lightmass w/ ImmediateImport mode ENABLED
[2019.09.14-17.16.32:110][997]LogStaticLightingSystem: Running Lightmass w/ ImmediateProcess mode ENABLED
[2019.09.14-17.16.32:110][997]LogStaticLightingSystem: Running Lightmass w/ Sorting mode ENABLED
[2019.09.14-17.16.32:110][997]LogStaticLightingSystem: Running Lightmass w/ Mapping paddings ENABLED
[2019.09.14-17.16.32:110][997]LogStaticLightingSystem: Running Lightmass w/ Mapping debug paddings DISABLED
[2019.09.14-17.16.32:302][997]LogEditorBuildUtils: Build time 0:07
[2019.09.14-17.16.32:435][  1]LogUObjectHash: Compacting FUObjectHashTables data took   0.74ms
[2019.09.14-17.16.59:105][343]LogSlate: FSceneViewport::OnFocusLost() reason 0
[2019.09.14-17.17.19:951][738]Job is a success!
[2019.09.14-17.17.20:310][739]LogSlate: Took 0.000317 seconds to synchronously load lazily loaded font '../../../Engine/Content/Slate/Fonts/Roboto-Light.ttf' (167K)
[2019.09.14-17.17.20:749][739]LogVolumetricLightmapImport: Imported Volumetric Lightmap in 0.361s
[2019.09.14-17.17.20:749][739]LogVolumetricLightmapImport:      Indirection Texture 48x48x48 = 0.4Mb
[2019.09.14-17.17.20:749][739]LogVolumetricLightmapImport:      BrickData 1280x30x5 = 6.8Mb (trimmed 0.0Mb due to 0.010000 MinBrickError)
[2019.09.14-17.17.20:749][739]LogVolumetricLightmapImport:      Bricks at Level
[2019.09.14-17.17.20:749][739]LogVolumetricLightmapImport:          0: 1.8% covering 100.0% of volume
[2019.09.14-17.17.20:750][739]LogVolumetricLightmapImport:          1: 10.3% covering 8.8% of volume
[2019.09.14-17.17.20:750][739]LogVolumetricLightmapImport:          2: 87.9% covering 1.2% of volume
[2019.09.14-17.17.25:384][739]LogTexture: Display: Building textures: HQ_Lightmap1_1 (AutoDXT, 1024X1024)
[2019.09.14-17.17.25:384][739]LogTexture: Display: Building textures: LQ_Lightmap_1_1 (DXT1, 1024X1024)
[2019.09.14-17.17.25:384][739]LogTexture: Display: Building textures: HQ_Lightmap1_2 (AutoDXT, 1024X1024)
[2019.09.14-17.17.25:384][739]LogTexture: Display: Building textures: LQ_Lightmap_1_2 (DXT1, 1024X1024)
[2019.09.14-17.17.25:384][739]LogTexture: Display: Building textures: HQ_Lightmap1_3 (AutoDXT, 512X512)
[2019.09.14-17.17.25:384][739]LogTexture: Display: Building textures: LQ_Lightmap_1_3 (DXT1, 512X512)
[2019.09.14-17.17.25:384][739]LogTexture: Display: Building textures: HQ_Lightmap1_4 (AutoDXT, 512X512)
[2019.09.14-17.17.25:384][739]LogTexture: Display: Building textures: LQ_Lightmap_1_4 (DXT1, 512X512)
[2019.09.14-17.17.25:384][739]LogTexture: Display: Building textures: HQ_Lightmap1_5 (AutoDXT, 1024X1024)
[2019.09.14-17.17.25:384][739]LogTexture: Display: Building textures: LQ_Lightmap_1_5 (DXT1, 1024X1024)
[2019.09.14-17.17.25:384][739]LogTexture: Display: Building textures: HQ_Lightmap1_6 (AutoDXT, 128X128)
[2019.09.14-17.17.25:384][739]LogTexture: Display: Building textures: LQ_Lightmap_1_6 (DXT1, 128X128)
[2019.09.14-17.17.25:384][739]LogTexture: Display: Building textures: HQ_Lightmap1_7 (AutoDXT, 64X64)
[2019.09.14-17.17.25:384][739]LogTexture: Display: Building textures: LQ_Lightmap_1_7 (DXT1, 64X64)
[2019.09.14-17.17.25:431][739]Lightmass on DESKTOP-2E06I2F: 52.3 sec total, 1.30 sec importing, 358 ms setup, 5.97 sec photons, 44.6 sec processing, 0 ms extra exporting [315/315 mappings]. Threads: 2:58 min total, 55.2 sec processing.
[2019.09.14-17.17.25:433][739]LogStaticLightingSystem: Level1_BuiltData storing lightmap data for 315 meshes in 7 LightmapResourceClusters (45.0 Meshes per cluster).
[2019.09.14-17.17.25:478][739]LogUObjectHash: Compacting FUObjectHashTables data took   2.51ms
[2019.09.14-17.17.25:486][739]LogStaticLightingSystem: Illumination: 1:00 min (4.41 sec encoding lightmaps, 0 ms encoding shadowmaps)
[2019.09.14-17.17.25:486][739]LogStaticLightingSystem: Lightmap texture memory:  7.0 MB (7.0 MB streaming, 0.0 MB non-streaming), 14 textures
[2019.09.14-17.17.25:486][739]LogStaticLightingSystem: Shadowmap texture memory: 0.0 MB (0.0 MB streaming, 0.0 MB non-streaming), 0 textures
[2019.09.14-17.17.26:162][739]DumpUnbuiltLightIteractions
[2019.09.14-17.17.26:162][739]Lights with unbuilt interactions: 0
[2019.09.14-17.17.26:162][739]
[2019.09.14-17.17.26:162][739]Primitives with unbuilt interactions: 0
[2019.09.14-17.17.26:248][740]Cmd: MAP CHECK NOTIFYRESULTS
[2019.09.14-17.17.26:248][740]MapCheck: New page: Level1 - 14 Sep 2019 19:17:26
[2019.09.14-17.17.26:250][740]MapCheck: Map check complete: 0 Error(s), 0 Warning(s), took 1.878ms to complete.
[2019.09.14-17.17.38:584][355]LogSlate: FSceneViewport::OnFocusLost() reason 0
[2019.09.14-17.25.57:867][585]LogUObjectHash: Compacting FUObjectHashTables data took   2.16ms
[2019.09.14-17.25.57:867][585]LogFileHelpers: Editor autosave (incl. sublevels) for '/Game/_Levels/Level1' took 0.028
[2019.09.14-17.28.31:440][578]LogFactory: FactoryCreateFile: StaticMesh with FbxFactory (0 0 F:\_3DBDR\3d Training\ExportedFbx\StaticMesh\SM_Spike01.fbx)
[2019.09.14-17.28.31:474][578]LogFbx: Loading FBX Scene from F:\_3DBDR\3d Training\ExportedFbx\StaticMesh\SM_Spike01.fbx
[2019.09.14-17.28.31:485][578]LogFbx: FBX Scene Loaded Succesfully
[2019.09.14-17.28.36:488][578]LogSlate: Window 'FBX Import Options' being destroyed
[2019.09.14-17.28.36:702][578]LogLinker: Failed to load '/Game/Assets/Mesh/spike2': Can't find file.
[2019.09.14-17.28.36:702][578]LogLinker: Failed to load '/Game/Assets/Mesh/spike2': Can't find file.
[2019.09.14-17.28.36:740][578]LogTexture: Display: Building textures: spike2 (AutoDXT, 1024X1024)
[2019.09.14-17.28.37:805][578]LogMaterial: Display: Missing cached shader map for material Spike01_Mat, compiling. 
[2019.09.14-17.28.37:860][578]LogFbx: Display: Triangulating static mesh Spike01
[2019.09.14-17.28.37:877][578]LogShaderCompilers: Display: Worker (1/3): shaders left to compile 22
[2019.09.14-17.28.37:877][578]LogShaderCompilers: Display: Worker (2/3): shaders left to compile 14
[2019.09.14-17.28.37:877][578]LogShaderCompilers: Display: Worker (3/3): shaders left to compile 6
[2019.09.14-17.28.37:878][578]LogStaticMesh: Building static mesh SM_Spike01...
[2019.09.14-17.28.37:891][578]LogStaticMesh: Built static mesh [0.01s] /Game/Assets/Mesh/SM_Spike01.SM_Spike01
[2019.09.14-17.28.54:179][549]LogUObjectHash: Compacting FUObjectHashTables data took   1.95ms
[2019.09.14-17.28.55:938][549]LogSlate: Window 'Delete Assets' being destroyed
[2019.09.14-17.28.56:036][549]LogUObjectHash: Compacting FUObjectHashTables data took   1.81ms
[2019.09.14-17.28.57:089][655]LogUObjectHash: Compacting FUObjectHashTables data took   0.67ms
[2019.09.14-17.28.58:852][655]LogSlate: Window 'Delete Assets' being destroyed
[2019.09.14-17.28.58:941][655]LogUObjectHash: Compacting FUObjectHashTables data took   1.82ms
[2019.09.14-17.29.00:010][776]LogUObjectHash: Compacting FUObjectHashTables data took   0.68ms
[2019.09.14-17.29.01:618][776]LogSlate: Window 'Delete Assets' being destroyed
[2019.09.14-17.29.01:700][776]LogUObjectHash: Compacting FUObjectHashTables data took   1.97ms
[2019.09.14-17.29.52:206][ 44]LogHttp: Warning: 000001F1E40A8B80: invalid HTTP response code received. URL: https://datarouter.ol.epicgames.com/datarouter/api/v1/public/data?SessionID=%7B81FC8E88-46F6-0E74-A9E8-52B04507CFA7%7D&AppID=UEEditor.Rocket.Release&AppVersion=4.23.0-8386587%2B%2B%2BUE4%2BRelease-4.23&UserID=8eb3574f4e3ff978f344a2aa72e944a7%7C964105ecc4bd41a3bad12697cad1521d%7Cc04c5735-2fed-42a9-9169-6d5e005a79c9&AppEnvironment=datacollector-binary&UploadType=eteventstream, HTTP code: 0, content length: -1, actual payload size: 0
[2019.09.14-17.29.52:206][ 44]LogHttp: Warning: 000001F1E40A8B80: request failed, libcurl error: 0 (No error)
[2019.09.14-17.29.52:206][ 44]LogHttp: Warning: 000001F1E40A8B80: libcurl info message cache 0 (Found bundle for host datarouter.ol.epicgames.com: 0x1f1bd3bff70 [can pipeline])
[2019.09.14-17.29.52:206][ 44]LogHttp: Warning: 000001F1E40A8B80: libcurl info message cache 1 (Re-using existing connection! (#6) with host datarouter.ol.epicgames.com)
[2019.09.14-17.29.52:207][ 44]LogHttp: Warning: 000001F1E40A8B80: libcurl info message cache 2 (Connected to datarouter.ol.epicgames.com (52.1.22.73) port 443 (#6))
[2019.09.14-17.29.52:207][ 44]LogHttp: Warning: 000001F1E40A8B80: libcurl info message cache 3 (We are completely uploaded and fine)
[2019.09.14-17.29.52:207][ 44]LogHttp: Warning: 000001F1E40A8B80: libcurl info message cache 4 (TLSv1.2 (IN), TLS alert, Client hello (1):)
[2019.09.14-17.29.52:207][ 44]LogHttp: Warning: 000001F1E40A8B80: libcurl info message cache 5 (Connection died, retrying a fresh connect)
[2019.09.14-17.29.52:207][ 44]LogHttp: Warning: 000001F1E40A8B80: libcurl info message cache 6 (necessary data rewind wasn't possible)
[2019.09.14-17.29.52:207][ 44]LogHttp: Warning: 000001F1E40A8B80: libcurl info message cache 7 (Closing connection 6)
[2019.09.14-17.29.52:207][ 44]LogHttp: Warning: 000001F1E40A8B80: libcurl info message cache 8 (TLSv1.2 (OUT), TLS alert, Client hello (1):)
[2019.09.14-17.29.52:207][ 44]LogHttp: Warning: Retry exhausted on https://datarouter.ol.epicgames.com/datarouter/api/v1/public/data?SessionID=%7B81FC8E88-46F6-0E74-A9E8-52B04507CFA7%7D&AppID=UEEditor.Rocket.Release&AppVersion=4.23.0-8386587%2B%2B%2BUE4%2BRelease-4.23&UserID=8eb3574f4e3ff978f344a2aa72e944a7%7C964105ecc4bd41a3bad12697cad1521d%7Cc04c5735-2fed-42a9-9169-6d5e005a79c9&AppEnvironment=datacollector-binary&UploadType=eteventstream
[2019.09.14-17.31.35:332][242]LogFactory: FactoryCreateFile: StaticMesh with FbxFactory (0 0 F:\_3DBDR\3d Training\ExportedFbx\StaticMesh\SM_Spike01.fbx)
[2019.09.14-17.31.35:345][242]LogFbx: Loading FBX Scene from F:\_3DBDR\3d Training\ExportedFbx\StaticMesh\SM_Spike01.fbx
[2019.09.14-17.31.35:352][242]LogFbx: FBX Scene Loaded Succesfully
[2019.09.14-17.31.36:752][242]LogSlate: Window 'FBX Import Options' being destroyed
[2019.09.14-17.31.36:806][242]LogLinker: Failed to load '/Game/Assets/Mesh/Spike01_col': Can't find file.
[2019.09.14-17.31.36:806][242]LogLinker: Failed to load '/Game/Assets/Mesh/Spike01_col': Can't find file.
[2019.09.14-17.31.36:821][242]LogTexture: Display: Building textures: Spike01_col (AutoDXT, 1024X1024)
[2019.09.14-17.31.37:182][242]LogMaterial: Display: Missing cached shader map for material Spike01_Mat, compiling. 
[2019.09.14-17.31.37:201][242]LogFbx: Display: Triangulating static mesh Spike01
[2019.09.14-17.31.37:215][242]LogShaderCompilers: Display: Worker (1/3): shaders left to compile 22
[2019.09.14-17.31.37:215][242]LogShaderCompilers: Display: Worker (2/3): shaders left to compile 14
[2019.09.14-17.31.37:215][242]LogShaderCompilers: Display: Worker (3/3): shaders left to compile 6
[2019.09.14-17.31.37:218][242]LogStaticMesh: Building static mesh SM_Spike01...
[2019.09.14-17.31.37:224][242]LogStaticMesh: Built static mesh [0.01s] /Game/Assets/Mesh/SM_Spike01.SM_Spike01
[2019.09.14-17.34.50:500][986]Cmd: OBJ SAVEPACKAGE PACKAGE="/Game/Assets/Mesh/Spike01" FILE="D:/SpellBashGit/SpiritDecay/SpiritDecay/Content/Assets/Mesh/Spike01.uasset" SILENT=true
[2019.09.14-17.34.50:543][986]LogSavePackage: Moving 'D:/SpellBashGit/SpiritDecay/SpiritDecay/Saved/Spike0160F956FF4C1BB79415DBF6AAC3CB37F1.tmp' to 'D:/SpellBashGit/SpiritDecay/SpiritDecay/Content/Assets/Mesh/Spike01.uasset'
[2019.09.14-17.34.50:667][986]LogUObjectHash: Compacting FUObjectHashTables data took   2.06ms
[2019.09.14-17.34.50:697][986]LogUObjectHash: Compacting FUObjectHashTables data took   1.80ms
[2019.09.14-17.34.50:721][986]LogUObjectHash: Compacting FUObjectHashTables data took   0.67ms
[2019.09.14-17.35.29:762][435]Cmd: OBJ SAVEPACKAGE PACKAGE="/Game/Assets/Mesh/Spike01_Mat" FILE="D:/SpellBashGit/SpiritDecay/SpiritDecay/Content/Assets/Mesh/Spike01_Mat.uasset" SILENT=true
[2019.09.14-17.35.29:798][435]LogSavePackage: Moving 'D:/SpellBashGit/SpiritDecay/SpiritDecay/Saved/Spike01_MatB0587584412AAF6B9A7D8DBAE06ADD24.tmp' to 'D:/SpellBashGit/SpiritDecay/SpiritDecay/Content/Assets/Mesh/Spike01_Mat.uasset'
[2019.09.14-17.35.29:953][435]LogUObjectHash: Compacting FUObjectHashTables data took   0.82ms
[2019.09.14-17.35.29:970][435]Cmd: OBJ SAVEPACKAGE PACKAGE="/Game/Assets/Mesh/Spike01" FILE="D:/SpellBashGit/SpiritDecay/SpiritDecay/Content/Assets/Mesh/Spike01.uasset" SILENT=true
[2019.09.14-17.35.29:986][435]LogSavePackage: Moving 'D:/SpellBashGit/SpiritDecay/SpiritDecay/Saved/Spike016EFA2C2F4F09B7B52326E7A8557CE6ED.tmp' to 'D:/SpellBashGit/SpiritDecay/SpiritDecay/Content/Assets/Mesh/Spike01.uasset'
[2019.09.14-17.35.38:191][ 81]Cmd: OBJ SAVEPACKAGE PACKAGE="/Game/Assets/Textures/Spike01_col" FILE="D:/SpellBashGit/SpiritDecay/SpiritDecay/Content/Assets/Textures/Spike01_col.uasset" SILENT=true
[2019.09.14-17.35.38:300][ 81]LogSavePackage: Moving 'D:/SpellBashGit/SpiritDecay/SpiritDecay/Saved/Spike01_colCDEBAE094B86ECCCAE0A64847F692444.tmp' to 'D:/SpellBashGit/SpiritDecay/SpiritDecay/Content/Assets/Textures/Spike01_col.uasset'
[2019.09.14-17.35.38:430][ 81]LogUObjectHash: Compacting FUObjectHashTables data took   0.66ms
[2019.09.14-17.35.38:461][ 81]LogUObjectHash: Compacting FUObjectHashTables data took   1.01ms
[2019.09.14-17.35.38:486][ 81]LogUObjectHash: Compacting FUObjectHashTables data took   0.67ms
[2019.09.14-17.35.38:501][ 81]Cmd: OBJ SAVEPACKAGE PACKAGE="/Game/Assets/Mesh/Spike01_Mat" FILE="D:/SpellBashGit/SpiritDecay/SpiritDecay/Content/Assets/Mesh/Spike01_Mat.uasset" SILENT=true
[2019.09.14-17.35.38:529][ 81]LogSavePackage: Moving 'D:/SpellBashGit/SpiritDecay/SpiritDecay/Saved/Spike01_Mat0C3848D04C83AA1CDC0447B83A7447B2.tmp' to 'D:/SpellBashGit/SpiritDecay/SpiritDecay/Content/Assets/Mesh/Spike01_Mat.uasset'
[2019.09.14-17.35.42:604][498]Cmd: OBJ SAVEPACKAGE PACKAGE="/Game/Assets/Materials/Spike01_mat" FILE="D:/SpellBashGit/SpiritDecay/SpiritDecay/Content/Assets/Materials/Spike01_mat.uasset" SILENT=true
[2019.09.14-17.35.42:635][498]LogSavePackage: Moving 'D:/SpellBashGit/SpiritDecay/SpiritDecay/Saved/Spike01_mat56E50EEB416088CF5F61B08FA8B1FFF1.tmp' to 'D:/SpellBashGit/SpiritDecay/SpiritDecay/Content/Assets/Materials/Spike01_mat.uasset'
[2019.09.14-17.35.42:751][498]LogUObjectHash: Compacting FUObjectHashTables data took   0.69ms
[2019.09.14-17.35.42:781][498]LogUObjectHash: Compacting FUObjectHashTables data took   1.82ms
[2019.09.14-17.35.42:806][498]LogUObjectHash: Compacting FUObjectHashTables data took   0.66ms
[2019.09.14-17.35.42:823][498]Cmd: OBJ SAVEPACKAGE PACKAGE="/Game/Assets/Mesh/Spike01" FILE="D:/SpellBashGit/SpiritDecay/SpiritDecay/Content/Assets/Mesh/Spike01.uasset" SILENT=true
[2019.09.14-17.35.42:836][498]LogSavePackage: Moving 'D:/SpellBashGit/SpiritDecay/SpiritDecay/Saved/Spike015FF6F50F42A873547E1EF695388AB201.tmp' to 'D:/SpellBashGit/SpiritDecay/SpiritDecay/Content/Assets/Mesh/Spike01.uasset'
[2019.09.14-17.36.24:882][530]LogUObjectHash: Compacting FUObjectHashTables data took   0.73ms
[2019.09.14-17.36.24:883][530]LogFileHelpers: Editor autosave (incl. sublevels) for '/Game/_Levels/Level1' took 0.025
[2019.09.14-17.36.50:526][117]LogSlate: FSceneViewport::OnFocusLost() reason 0
[2019.09.14-17.36.50:708][135]LogActorFactory: Actor Factory created Spike01
[2019.09.14-17.36.51:253][184]LogActorFactory: Actor Factory created Spike01
[2019.09.14-17.38.27:135][ 39]LogSlate: FSceneViewport::OnFocusLost() reason 5
[2019.09.14-17.39.24:717][632]LogSlate: FSceneViewport::OnFocusLost() reason 0
[2019.09.14-17.39.30:428][154]LogAssetEditorManager: Opening Asset editor for Material /Game/Assets/Materials/Spike01_mat.Spike01_mat
[2019.09.14-17.39.30:442][154]LogMaterial: Display: Missing cached shader map for material Spike01_mat, compiling. 
[2019.09.14-17.39.31:063][154]LogMaterial: Display: Missing cached shader map for material Spike01_mat, compiling. 
[2019.09.14-17.39.31:082][154]LogShaderCompilers: Display: Worker (1/3): shaders left to compile 21
[2019.09.14-17.39.31:082][154]LogShaderCompilers: Display: Worker (2/3): shaders left to compile 20
[2019.09.14-17.39.31:082][154]LogShaderCompilers: Display: Worker (3/3): shaders left to compile 19
[2019.09.14-17.39.31:086][154]LogMaterial: Display: Missing cached shader map for material Spike01_mat, compiling. 
[2019.09.14-17.39.31:115][154]LogMaterial: Display: Missing cached shader map for material FMatExpressionPreview MaterialExpressionTextureSample_0, compiling. 
[2019.09.14-17.39.31:195][154]LogSlate: Took 0.013736 seconds to synchronously load lazily loaded font '../../../Engine/Content/Slate/Fonts/Roboto-BoldCondensed.ttf' (158K)
[2019.09.14-17.39.37:918][636]LogShaderCompilers: Display: Worker (2/3): shaders left to compile 25
[2019.09.14-17.39.38:058][648]LogShaderCompilers: Display: Worker (3/3): shaders left to compile 24
[2019.09.14-17.39.38:805][717]LogShaderCompilers: Display: Worker (3/3): shaders left to compile 23
[2019.09.14-17.39.39:310][755]LogShaderCompilers: Display: Worker (2/3): shaders left to compile 22
[2019.09.14-17.39.39:321][756]LogShaderCompilers: Display: Worker (1/3): shaders left to compile 21
[2019.09.14-17.39.40:524][865]LogShaderCompilers: Display: Worker (3/3): shaders left to compile 20
[2019.09.14-17.39.40:605][873]LogShaderCompilers: Display: Worker (2/3): shaders left to compile 19
[2019.09.14-17.39.40:912][901]LogShaderCompilers: Display: Worker (1/3): shaders left to compile 18
[2019.09.14-17.39.43:807][127]LogShaderCompilers: Display: Worker (1/3): shaders left to compile 17
[2019.09.14-17.39.43:961][136]LogShaderCompilers: Display: Worker (2/3): shaders left to compile 16
[2019.09.14-17.39.44:107][147]LogShaderCompilers: Display: Worker (3/3): shaders left to compile 15
[2019.09.14-17.39.45:606][256]LogShaderCompilers: Display: Worker (1/3): shaders left to compile 14
[2019.09.14-17.39.49:323][531]LogShaderCompilers: Display: Worker (1/3): shaders left to compile 13
[2019.09.14-17.39.50:424][620]LogShaderCompilers: Display: Worker (2/3): shaders left to compile 12
[2019.09.14-17.39.50:745][646]LogShaderCompilers: Display: Worker (3/3): shaders left to compile 11
[2019.09.14-17.39.54:021][895]LogShaderCompilers: Display: Worker (3/3): shaders left to compile 10
[2019.09.14-17.39.55:588][ 21]LogShaderCompilers: Display: Worker (1/3): shaders left to compile 9
[2019.09.14-17.39.55:886][ 45]LogShaderCompilers: Display: Worker (2/3): shaders left to compile 8
[2019.09.14-17.39.58:753][266]LogShaderCompilers: Display: Worker (2/3): shaders left to compile 7
[2019.09.14-17.40.00:785][430]LogShaderCompilers: Display: Worker (3/3): shaders left to compile 6
[2019.09.14-17.40.03:376][639]LogShaderCompilers: Display: Worker (1/3): shaders left to compile 5
[2019.09.14-17.40.04:692][738]LogShaderCompilers: Display: Worker (2/3): shaders left to compile 4
[2019.09.14-17.40.07:050][927]LogShaderCompilers: Display: Worker (3/3): shaders left to compile 3
[2019.09.14-17.40.07:063][928]LogShaderCompilers: Display: Worker (1/3): shaders left to compile 2
[2019.09.14-17.40.07:084][929]MaterialEditorStats: Base pass shader: 120 instructions
[2019.09.14-17.40.07:084][929]MaterialEditorStats: Base pass shader with Volumetric Lightmap: 194 instructions
[2019.09.14-17.40.07:084][929]MaterialEditorStats: Base pass vertex shader: 44 instructions
[2019.09.14-17.40.07:084][929]MaterialEditorStats: Texture samplers: 4/16
[2019.09.14-17.40.07:084][929]MaterialEditorStats: Texture Lookups (Est.): VS(0), PS(1)
[2019.09.14-17.40.07:084][929]MaterialEditorStats: User interpolators: 2/4 Scalars (1/4 Vectors) (TexCoords: 2, Custom: 0)
[2019.09.14-17.40.09:195][ 87]LogShaderCompilers: Display: Worker (2/3): shaders left to compile 1
[2019.09.14-17.41.51:672][ 70]LogHttp: Warning: 000001F1B66D74C0: invalid HTTP response code received. URL: https://datarouter.ol.epicgames.com/datarouter/api/v1/public/data?SessionID=%7B81FC8E88-46F6-0E74-A9E8-52B04507CFA7%7D&AppID=UEEditor.Rocket.Release&AppVersion=4.23.0-8386587%2B%2B%2BUE4%2BRelease-4.23&UserID=8eb3574f4e3ff978f344a2aa72e944a7%7C964105ecc4bd41a3bad12697cad1521d%7Cc04c5735-2fed-42a9-9169-6d5e005a79c9&AppEnvironment=datacollector-binary&UploadType=eteventstream, HTTP code: 0, content length: -1, actual payload size: 0
[2019.09.14-17.41.51:672][ 70]LogHttp: Warning: 000001F1B66D74C0: request failed, libcurl error: 0 (No error)
[2019.09.14-17.41.51:672][ 70]LogHttp: Warning: 000001F1B66D74C0: libcurl info message cache 0 (Found bundle for host datarouter.ol.epicgames.com: 0x1f1bd3bff70 [can pipeline])
[2019.09.14-17.41.51:672][ 70]LogHttp: Warning: 000001F1B66D74C0: libcurl info message cache 1 (Re-using existing connection! (#10) with host datarouter.ol.epicgames.com)
[2019.09.14-17.41.51:672][ 70]LogHttp: Warning: 000001F1B66D74C0: libcurl info message cache 2 (Connected to datarouter.ol.epicgames.com (52.207.206.211) port 443 (#10))
[2019.09.14-17.41.51:672][ 70]LogHttp: Warning: 000001F1B66D74C0: libcurl info message cache 3 (We are completely uploaded and fine)
[2019.09.14-17.41.51:672][ 70]LogHttp: Warning: 000001F1B66D74C0: libcurl info message cache 4 (TLSv1.2 (IN), TLS alert, Client hello (1):)
[2019.09.14-17.41.51:672][ 70]LogHttp: Warning: 000001F1B66D74C0: libcurl info message cache 5 (Connection died, retrying a fresh connect)
[2019.09.14-17.41.51:672][ 70]LogHttp: Warning: 000001F1B66D74C0: libcurl info message cache 6 (necessary data rewind wasn't possible)
[2019.09.14-17.41.51:672][ 70]LogHttp: Warning: 000001F1B66D74C0: libcurl info message cache 7 (Closing connection 10)
[2019.09.14-17.41.51:672][ 70]LogHttp: Warning: 000001F1B66D74C0: libcurl info message cache 8 (TLSv1.2 (OUT), TLS alert, Client hello (1):)
[2019.09.14-17.41.51:672][ 70]LogHttp: Warning: Retry exhausted on https://datarouter.ol.epicgames.com/datarouter/api/v1/public/data?SessionID=%7B81FC8E88-46F6-0E74-A9E8-52B04507CFA7%7D&AppID=UEEditor.Rocket.Release&AppVersion=4.23.0-8386587%2B%2B%2BUE4%2BRelease-4.23&UserID=8eb3574f4e3ff978f344a2aa72e944a7%7C964105ecc4bd41a3bad12697cad1521d%7Cc04c5735-2fed-42a9-9169-6d5e005a79c9&AppEnvironment=datacollector-binary&UploadType=eteventstream
[2019.09.14-17.46.25:209][134]LogUObjectHash: Compacting FUObjectHashTables data took   2.19ms
[2019.09.14-17.46.25:210][134]Cmd: OBJ SAVEPACKAGE PACKAGE="/Game/_Levels/Level1" FILE="D:/SpellBashGit/SpiritDecay/SpiritDecay/Saved/Autosaves/Game/_Levels/Level1_Auto1.umap" SILENT=true AUTOSAVING=true KEEPDIRTY=false
[2019.09.14-17.46.25:879][134]LogSavePackage: Moving 'D:/SpellBashGit/SpiritDecay/SpiritDecay/Saved/Level1_Auto1034B55E34CCCDA78845984B1589F0BEE.tmp' to 'D:/SpellBashGit/SpiritDecay/SpiritDecay/Saved/Autosaves/Game/_Levels/Level1_Auto1.umap'
[2019.09.14-17.46.25:893][134]LogFileHelpers: Editor autosave (incl. sublevels) for '/Game/_Levels/Level1' took 0.712
[2019.09.14-17.46.25:893][134]LogFileHelpers: Editor autosave (incl. sublevels) for all levels took 0.712
[2019.09.14-17.56.25:983][102]LogUObjectHash: Compacting FUObjectHashTables data took   2.31ms
[2019.09.14-17.56.25:983][102]LogFileHelpers: Editor autosave (incl. sublevels) for '/Game/_Levels/Level1' took 0.024
[2019.09.14-18.02.11:260][856]LogMaterial: Display: Missing cached shader map for material Spike01_mat, compiling. 
[2019.09.14-18.02.11:300][857]LogShaderCompilers: Display: Worker (1/3): shaders left to compile 21
[2019.09.14-18.02.11:300][857]LogShaderCompilers: Display: Worker (2/3): shaders left to compile 20
[2019.09.14-18.02.11:300][857]LogShaderCompilers: Display: Worker (3/3): shaders left to compile 19
[2019.09.14-18.02.15:874][218]LogShaderCompilers: Display: Worker (1/3): shaders left to compile 18
[2019.09.14-18.02.16:149][238]LogShaderCompilers: Display: Worker (3/3): shaders left to compile 17
[2019.09.14-18.02.16:766][290]LogShaderCompilers: Display: Worker (1/3): shaders left to compile 16
[2019.09.14-18.02.16:827][296]LogShaderCompilers: Display: Worker (3/3): shaders left to compile 15
[2019.09.14-18.02.16:837][297]LogShaderCompilers: Display: Worker (2/3): shaders left to compile 14
[2019.09.14-18.02.18:140][400]LogShaderCompilers: Display: Worker (2/3): shaders left to compile 13
[2019.09.14-18.02.19:844][530]LogShaderCompilers: Display: Worker (3/3): shaders left to compile 12
[2019.09.14-18.02.19:845][530]LogShaderCompilers: Display: Worker (1/3): shaders left to compile 11
[2019.09.14-18.02.20:179][559]LogShaderCompilers: Display: Worker (2/3): shaders left to compile 10
[2019.09.14-18.02.21:111][644]LogMaterial: Display: Missing cached shader map for material Spike01_mat, compiling. 
[2019.09.14-18.02.23:318][801]LogShaderCompilers: Display: Worker (2/3): shaders left to compile 21
[2019.09.14-18.02.23:365][805]LogShaderCompilers: Display: Worker (3/3): shaders left to compile 20
[2019.09.14-18.02.23:365][805]LogShaderCompilers: Display: Worker (1/3): shaders left to compile 19
[2019.09.14-18.02.24:936][942]LogShaderCompilers: Display: Worker (2/3): shaders left to compile 18
[2019.09.14-18.02.25:138][960]LogShaderCompilers: Display: Worker (1/3): shaders left to compile 17
[2019.09.14-18.02.25:149][961]LogShaderCompilers: Display: Worker (3/3): shaders left to compile 16
[2019.09.14-18.02.25:940][ 31]LogShaderCompilers: Display: Worker (2/3): shaders left to compile 15
[2019.09.14-18.02.26:019][ 38]LogShaderCompilers: Display: Worker (3/3): shaders left to compile 14
[2019.09.14-18.02.26:269][ 58]LogShaderCompilers: Display: Worker (1/3): shaders left to compile 13
[2019.09.14-18.02.26:433][ 71]LogShaderCompilers: Display: Worker (3/3): shaders left to compile 12
[2019.09.14-18.02.26:537][ 79]LogMaterial: Display: Missing cached shader map for material Spike01_mat, compiling. 
[2019.09.14-18.02.27:045][112]LogShaderCompilers: Display: Worker (2/3): shaders left to compile 21
[2019.09.14-18.02.27:821][161]LogShaderCompilers: Display: Worker (1/3): shaders left to compile 20
[2019.09.14-18.02.28:908][254]LogMaterial: Display: Missing cached shader map for material Spike01_mat, compiling. 
[2019.09.14-18.02.29:818][317]LogShaderCompilers: Display: Worker (2/3): shaders left to compile 21
[2019.09.14-18.02.31:887][475]LogShaderCompilers: Display: Worker (3/3): shaders left to compile 20
[2019.09.14-18.02.31:951][480]LogShaderCompilers: Display: Worker (1/3): shaders left to compile 19
[2019.09.14-18.02.32:689][536]LogShaderCompilers: Display: Worker (2/3): shaders left to compile 18
[2019.09.14-18.02.33:492][601]LogShaderCompilers: Display: Worker (1/3): shaders left to compile 17
[2019.09.14-18.02.33:562][607]LogShaderCompilers: Display: Worker (3/3): shaders left to compile 16
[2019.09.14-18.02.33:732][622]LogShaderCompilers: Display: Worker (2/3): shaders left to compile 15
[2019.09.14-18.02.34:007][645]LogShaderCompilers: Display: Worker (1/3): shaders left to compile 14
[2019.09.14-18.02.34:782][714]LogShaderCompilers: Display: Worker (3/3): shaders left to compile 13
[2019.09.14-18.02.34:994][730]LogShaderCompilers: Display: Worker (2/3): shaders left to compile 12
[2019.09.14-18.02.35:008][731]LogShaderCompilers: Display: Worker (1/3): shaders left to compile 11
[2019.09.14-18.02.35:326][756]LogMaterial: Display: Missing cached shader map for material Spike01_mat, compiling. 
[2019.09.14-18.02.36:884][858]LogMaterial: Display: Missing cached shader map for material Spike01_mat, compiling. 
[2019.09.14-18.02.36:904][858]LogMaterial: Display: Missing cached shader map for material Spike01_mat, compiling. 
[2019.09.14-18.02.38:481][960]LogMaterial: Display: Missing cached shader map for material Spike01_mat, compiling. 
[2019.09.14-18.02.38:504][960]LogMaterial: Display: Missing cached shader map for material Spike01_mat, compiling. 
[2019.09.14-18.02.38:549][961]LogShaderCompilers: Display: Worker (3/3): shaders left to compile 21
[2019.09.14-18.02.40:118][ 72]LogMaterial: Display: Missing cached shader map for material Spike01_mat, compiling. 
[2019.09.14-18.02.40:139][ 72]LogMaterial: Display: Missing cached shader map for material Spike01_mat, compiling. 
[2019.09.14-18.02.41:749][177]LogMaterial: Display: Missing cached shader map for material Spike01_mat, compiling. 
[2019.09.14-18.02.41:888][185]LogShaderCompilers: Display: Worker (1/3): shaders left to compile 21
[2019.09.14-18.02.41:888][185]LogShaderCompilers: Display: Worker (3/3): shaders left to compile 20
[2019.09.14-18.02.41:938][188]LogShaderCompilers: Display: Worker (2/3): shaders left to compile 19
[2019.09.14-18.02.42:680][250]LogShaderCompilers: Display: Worker (1/3): shaders left to compile 18
[2019.09.14-18.02.42:690][251]LogShaderCompilers: Display: Worker (2/3): shaders left to compile 17
[2019.09.14-18.02.42:788][260]LogShaderCompilers: Display: Worker (3/3): shaders left to compile 16
[2019.09.14-18.02.42:973][277]LogMaterial: Display: Missing cached shader map for material Spike01_mat, compiling. 
[2019.09.14-18.02.44:231][348]LogShaderCompilers: Display: Worker (1/3): shaders left to compile 21
[2019.09.14-18.02.44:261][350]LogShaderCompilers: Display: Worker (2/3): shaders left to compile 20
[2019.09.14-18.02.44:480][365]LogShaderCompilers: Display: Worker (3/3): shaders left to compile 19
[2019.09.14-18.02.45:894][461]LogShaderCompilers: Display: Worker (1/3): shaders left to compile 18
[2019.09.14-18.02.46:393][499]LogShaderCompilers: Display: Worker (2/3): shaders left to compile 17
[2019.09.14-18.02.46:393][499]LogShaderCompilers: Display: Worker (3/3): shaders left to compile 16
[2019.09.14-18.02.48:084][614]LogShaderCompilers: Display: Worker (1/3): shaders left to compile 15
[2019.09.14-18.02.48:133][617]LogShaderCompilers: Display: Worker (3/3): shaders left to compile 14
[2019.09.14-18.02.48:494][643]LogShaderCompilers: Display: Worker (2/3): shaders left to compile 13
[2019.09.14-18.02.48:687][656]LogShaderCompilers: Display: Worker (3/3): shaders left to compile 12
[2019.09.14-18.02.49:099][684]LogShaderCompilers: Display: Worker (1/3): shaders left to compile 11
[2019.09.14-18.02.49:433][705]LogShaderCompilers: Display: Worker (2/3): shaders left to compile 10
[2019.09.14-18.02.50:237][768]LogShaderCompilers: Display: Worker (3/3): shaders left to compile 9
[2019.09.14-18.02.50:429][784]LogShaderCompilers: Display: Worker (2/3): shaders left to compile 8
[2019.09.14-18.02.50:673][804]LogShaderCompilers: Display: Worker (1/3): shaders left to compile 7
[2019.09.14-18.02.52:072][901]LogMaterialEditor: Applying material Spike01_mat
[2019.09.14-18.02.52:552][901]LogShaderCompilers: Display: Worker (1/3): shaders left to compile 6
[2019.09.14-18.02.52:552][901]LogShaderCompilers: Display: Worker (2/3): shaders left to compile 5
[2019.09.14-18.02.52:552][901]LogShaderCompilers: Display: Worker (3/3): shaders left to compile 4
[2019.09.14-18.02.52:573][901]LogMaterial: Display: Missing cached shader map for material Spike01_mat, compiling. 
[2019.09.14-18.02.52:660][901]LogMaterial: Display: Missing cached shader map for material Spike01_mat, compiling. 
[2019.09.14-18.02.52:687][901]LogMaterial: Display: Missing cached shader map for material Spike01_mat, compiling. 
[2019.09.14-18.02.52:733][901]LogUObjectHash: Compacting FUObjectHashTables data took   1.98ms
[2019.09.14-18.02.52:745][901]LogMaterial: Display: Missing cached shader map for material DebugViewMode MaterialTexCoordScale, compiling. 
[2019.09.14-18.02.56:211][901]LogShaderCompilers: Display: Worker (3/3): shaders left to compile 45
[2019.09.14-18.02.56:211][901]LogShaderCompilers: Display: Worker (1/3): shaders left to compile 44
[2019.09.14-18.02.56:211][901]LogShaderCompilers: Display: Worker (2/3): shaders left to compile 43
[2019.09.14-18.02.56:211][901]LogShaderCompilers: Display: Worker (3/3): shaders left to compile 42
[2019.09.14-18.02.56:212][901]LogShaderCompilers: Display: Worker (1/3): shaders left to compile 41
[2019.09.14-18.02.56:212][901]LogShaderCompilers: Display: Worker (2/3): shaders left to compile 40
[2019.09.14-18.02.56:212][901]LogShaderCompilers: Display: Worker (3/3): shaders left to compile 39
[2019.09.14-18.02.56:212][901]LogShaderCompilers: Display: Worker (1/3): shaders left to compile 38
[2019.09.14-18.02.56:212][901]LogShaderCompilers: Display: Worker (2/3): shaders left to compile 37
[2019.09.14-18.02.56:212][901]LogShaderCompilers: Display: Worker (1/3): shaders left to compile 36
[2019.09.14-18.02.56:212][901]LogShaderCompilers: Display: Worker (3/3): shaders left to compile 35
[2019.09.14-18.02.56:212][901]LogShaderCompilers: Display: Worker (2/3): shaders left to compile 34
[2019.09.14-18.02.56:212][901]LogShaderCompilers: Display: Worker (1/3): shaders left to compile 33
[2019.09.14-18.02.56:212][901]LogShaderCompilers: Display: Worker (2/3): shaders left to compile 32
[2019.09.14-18.02.56:212][901]LogShaderCompilers: Display: Worker (3/3): shaders left to compile 31
[2019.09.14-18.02.56:212][901]LogShaderCompilers: Display: Worker (3/3): shaders left to compile 30
[2019.09.14-18.02.56:212][901]LogShaderCompilers: Display: Worker (1/3): shaders left to compile 29
[2019.09.14-18.02.56:212][901]LogShaderCompilers: Display: Worker (2/3): shaders left to compile 28
[2019.09.14-18.02.56:212][901]LogShaderCompilers: Display: Worker (2/3): shaders left to compile 27
[2019.09.14-18.02.56:212][901]LogShaderCompilers: Display: Worker (3/3): shaders left to compile 26
[2019.09.14-18.02.56:212][901]LogShaderCompilers: Display: Worker (1/3): shaders left to compile 25
[2019.09.14-18.02.56:212][901]LogShaderCompilers: Display: Worker (2/3): shaders left to compile 24
[2019.09.14-18.02.56:212][901]LogShaderCompilers: Display: Worker (1/3): shaders left to compile 23
[2019.09.14-18.02.56:212][901]LogShaderCompilers: Display: Worker (3/3): shaders left to compile 22
[2019.09.14-18.02.56:212][901]LogShaderCompilers: Display: Worker (2/3): shaders left to compile 14
[2019.09.14-18.02.56:212][901]LogShaderCompilers: Display: Worker (1/3): shaders left to compile 9
[2019.09.14-18.02.56:214][901]TextureStreamingBuild: Display: Compiling optional shaders took 3.481 seconds.
[2019.09.14-18.02.56:241][901]LogUObjectHash: Compacting FUObjectHashTables data took   0.69ms
[2019.09.14-18.03.08:186][595]LogSlate: FSceneViewport::OnFocusLost() reason 0
[2019.09.14-18.03.08:278][603]LogMaterialEditor: Saving and Compiling material Spike01_mat
[2019.09.14-18.03.09:731][603]LogShaderCompilers: Display: Worker (3/3): shaders left to compile 5
[2019.09.14-18.03.09:731][603]LogShaderCompilers: Display: Worker (1/3): shaders left to compile 3
[2019.09.14-18.03.09:731][603]LogShaderCompilers: Display: Worker (2/3): shaders left to compile 1
[2019.09.14-18.03.09:749][603]Cmd: OBJ SAVEPACKAGE PACKAGE="/Game/Assets/Materials/Spike01_mat" FILE="D:/SpellBashGit/SpiritDecay/SpiritDecay/Content/Assets/Materials/Spike01_mat.uasset" SILENT=true
[2019.09.14-18.03.09:779][603]LogSavePackage: Moving 'D:/SpellBashGit/SpiritDecay/SpiritDecay/Saved/Spike01_mat38B46F3D4F6842AAB956FAA8DE8FEF24.tmp' to 'D:/SpellBashGit/SpiritDecay/SpiritDecay/Content/Assets/Materials/Spike01_mat.uasset'
[2019.09.14-18.03.09:795][603]MaterialEditorStats: Base pass shader: 112 instructions
[2019.09.14-18.03.09:795][603]MaterialEditorStats: Base pass shader with Volumetric Lightmap: 180 instructions
[2019.09.14-18.03.09:795][603]MaterialEditorStats: Base pass vertex shader: 44 instructions
[2019.09.14-18.03.09:795][603]MaterialEditorStats: Texture samplers: 4/16
[2019.09.14-18.03.09:795][603]MaterialEditorStats: Texture Lookups (Est.): VS(0), PS(1)
[2019.09.14-18.03.09:795][603]MaterialEditorStats: User interpolators: 2/4 Scalars (1/4 Vectors) (TexCoords: 2, Custom: 0)
[2019.09.14-18.03.14:805][  5]LogSlate: Window 'Spike01_mat' being destroyed
[2019.09.14-18.03.14:811][  5]LogSlate: Window 'Spike01_mat' being destroyed
[2019.09.14-18.03.14:849][  5]LogWorld: UWorld::CleanupWorld for World_2, bSessionEnded=true, bCleanupResources=true
[2019.09.14-18.03.31:112][808]LogSlate: FSceneViewport::OnFocusLost() reason 0
[2019.09.14-18.04.50:708][ 86]LogSlate: FSceneViewport::OnFocusLost() reason 0
