Log file open, 08/28/19 00:41:25
LogWindows: Failed to load 'aqProf.dll' (GetLastError=126)
LogWindows: File 'aqProf.dll' does not exist
LogWindows: Failed to load 'VtuneApi.dll' (GetLastError=126)
LogWindows: File 'VtuneApi.dll' does not exist
LogWindows: Failed to load 'VtuneApi32e.dll' (GetLastError=126)
LogWindows: File 'VtuneApi32e.dll' does not exist
LogConsoleResponse: Display: Failed to find resolution value strings in scalability ini. Falling back to default.
LogInit: Display: Running engine for game: SpiritDecay
LogPlatformFile: Not using cached read wrapper
LogTaskGraph: Started task graph with 5 named threads and 35 total threads with 3 sets of task threads.
LogStats: Stats thread started at 0.109051
LogD3D11RHI: Loaded GFSDK_Aftermath_Lib.x64.dll
LogICUInternationalization: ICU TimeZone Detection - Raw Offset: +2:00, Platform Override: ''
LogPluginManager: Mounting plugin Paper2D
LogPluginManager: Mounting plugin AISupport
LogPluginManager: Mounting plugin LightPropagationVolume
LogPluginManager: Mounting plugin ActorLayerUtilities
LogPluginManager: Mounting plugin AnimationSharing
LogPluginManager: Mounting plugin CLionSourceCodeAccess
LogPluginManager: Mounting plugin CodeLiteSourceCodeAccess
LogPluginManager: Mounting plugin GitSourceControl
LogPluginManager: Mounting plugin KDevelopSourceCodeAccess
LogPluginManager: Mounting plugin NullSourceCodeAccess
LogPluginManager: Mounting plugin PerforceSourceControl
LogPluginManager: Mounting plugin SubversionSourceControl
LogPluginManager: Mounting plugin UObjectPlugin
LogPluginManager: Mounting plugin VisualStudioCodeSourceCodeAccess
LogPluginManager: Mounting plugin VisualStudioSourceCodeAccess
LogPluginManager: Mounting plugin XCodeSourceCodeAccess
LogPluginManager: Mounting plugin AssetManagerEditor
LogPluginManager: Mounting plugin CryptoKeys
LogPluginManager: Mounting plugin CurveEditorTools
LogPluginManager: Mounting plugin DataValidation
LogPluginManager: Mounting plugin FacialAnimation
LogPluginManager: Mounting plugin GameplayTagsEditor
LogPluginManager: Mounting plugin MacGraphicsSwitching
LogPluginManager: Mounting plugin MaterialAnalyzer
LogPluginManager: Mounting plugin MobileLauncherProfileWizard
LogPluginManager: Mounting plugin PluginBrowser
LogPluginManager: Mounting plugin SpeedTreeImporter
LogPluginManager: Mounting plugin DatasmithContent
LogPluginManager: Mounting plugin VariantManagerContent
LogPluginManager: Mounting plugin AlembicImporter
LogPluginManager: Mounting plugin AutomationUtils
LogPluginManager: Mounting plugin BackChannel
LogPluginManager: Mounting plugin CharacterAI
LogPluginManager: Mounting plugin GeometryCache
LogPluginManager: Mounting plugin HTML5Networking
LogPluginManager: Mounting plugin PlatformCrypto
LogPluginManager: Mounting plugin ProxyLODPlugin
LogPluginManager: Mounting plugin SkeletalReduction
LogPluginManager: Mounting plugin MagicLeap
LogPluginManager: Mounting plugin MagicLeapMedia
LogPluginManager: Mounting plugin AndroidMedia
LogPluginManager: Mounting plugin AvfMedia
LogPluginManager: Mounting plugin ImgMedia
LogPluginManager: Mounting plugin MediaCompositing
LogPluginManager: Mounting plugin MediaPlayerEditor
LogPluginManager: Mounting plugin WebMMedia
LogPluginManager: Mounting plugin WmfMedia
LogPluginManager: Mounting plugin TcpMessaging
LogPluginManager: Mounting plugin UdpMessaging
LogPluginManager: Mounting plugin ActorSequence
LogPluginManager: Mounting plugin LevelSequenceEditor
LogPluginManager: Mounting plugin MatineeToLevelSequence
LogPluginManager: Mounting plugin NetcodeUnitTest
LogPluginManager: Mounting plugin NUTUnrealEngine4
LogPluginManager: Mounting plugin OnlineSubsystemGooglePlay
LogPluginManager: Mounting plugin OnlineSubsystemIOS
LogPluginManager: Mounting plugin OnlineSubsystem
LogPluginManager: Mounting plugin OnlineSubsystemNull
LogPluginManager: Mounting plugin OnlineSubsystemUtils
LogPluginManager: Mounting plugin LauncherChunkInstaller
LogPluginManager: Mounting plugin AndroidDeviceProfileSelector
LogPluginManager: Mounting plugin AndroidMoviePlayer
LogPluginManager: Mounting plugin AndroidPermission
LogPluginManager: Mounting plugin AppleImageUtils
LogPluginManager: Mounting plugin AppleMoviePlayer
LogPluginManager: Mounting plugin ArchVisCharacter
LogPluginManager: Mounting plugin AudioCapture
LogPluginManager: Mounting plugin CableComponent
LogPluginManager: Mounting plugin CustomMeshComponent
LogPluginManager: Mounting plugin EditableMesh
LogPluginManager: Mounting plugin ExampleDeviceProfileSelector
LogPluginManager: Mounting plugin GoogleCloudMessaging
LogPluginManager: Mounting plugin IOSDeviceProfileSelector
LogPluginManager: Mounting plugin LinuxDeviceProfileSelector
LogPluginManager: Mounting plugin LocationServicesBPLibrary
LogPluginManager: Mounting plugin MobilePatchingUtils
LogPluginManager: Mounting plugin OculusVR
LogPluginManager: Mounting plugin PhysXVehicles
LogPluginManager: Mounting plugin ProceduralMeshComponent
LogPluginManager: Mounting plugin RuntimePhysXCooking
LogPluginManager: Mounting plugin SignificanceManager
LogPluginManager: Mounting plugin SteamVR
LogPluginManager: Mounting plugin WebMMoviePlayer
LogPluginManager: Mounting plugin WindowsMoviePlayer
LogPluginManager: Mounting plugin ScreenshotTools
LogInit: Using libcurl 7.55.1-DEV
LogInit:  - built for x86_64-pc-win32
LogInit:  - supports SSL with OpenSSL/1.1.1
LogInit:  - supports HTTP deflate (compression) using libz 1.2.8
LogInit:  - other features:
LogInit:      CURL_VERSION_SSL
LogInit:      CURL_VERSION_LIBZ
LogInit:      CURL_VERSION_IPV6
LogInit:      CURL_VERSION_ASYNCHDNS
LogInit:      CURL_VERSION_LARGEFILE
LogInit:      CURL_VERSION_IDN
LogInit:  CurlRequestOptions (configurable via config and command line):
LogInit:  - bVerifyPeer = true  - Libcurl will verify peer certificate
LogInit:  - bUseHttpProxy = false  - Libcurl will NOT use HTTP proxy
LogInit:  - bDontReuseConnections = false  - Libcurl will reuse connections
LogInit:  - MaxHostConnections = 16  - Libcurl will limit the number of connections to a host
LogInit:  - LocalHostAddr = Default
LogInit:  - BufferSize = 65536
LogOnline: OSS: Creating online subsystem instance for: NULL
LogInit: WinSock: version 1.1 (2.2), MaxSocks=32767, MaxUdp=65467
LogInit: Build: ++UE4+Release-4.23-CL-8243293
LogInit: Engine Version: 4.23.0-8243293+++UE4+Release-4.23
LogInit: Compatible Engine Version: 4.23.0-8243293+++UE4+Release-4.23
LogInit: Net CL: 8243293
LogInit: OS: Windows 10 (Release 1803) (), CPU: Intel(R) Core(TM) i7-8750H CPU @ 2.20GHz, GPU: Intel(R) UHD Graphics 630
LogInit: Compiled (64-bit): Aug 24 2019 02:04:58
LogInit: Compiled with Visual C++: 19.16.27030.01
LogInit: Build Configuration: Development
LogInit: Branch Name: ++UE4+Release-4.23
LogInit: Command Line:  -EpicPortal -epicusername=Paperjuice -epicuserid=b842f9fdae57439faf7e28a4f797a2e4 -epiclocale=en-GB
LogInit: Base Directory: D:/Games/UE_4.23/Engine/Binaries/Win64/
LogInit: Installed Engine Build: 1
LogDevObjectVersion: Number of dev versions registered: 23
LogDevObjectVersion:   Dev-Blueprints (B0D832E4-1F89-4F0D-ACCF-7EB736FD4AA2): 10
LogDevObjectVersion:   Dev-Build (E1C64328-A22C-4D53-A36C-8E866417BD8C): 0
LogDevObjectVersion:   Dev-Core (375EC13C-06E4-48FB-B500-84F0262A717E): 3
LogDevObjectVersion:   Dev-Editor (E4B068ED-F494-42E9-A231-DA0B2E46BB41): 34
LogDevObjectVersion:   Dev-Framework (CFFC743F-43B0-4480-9391-14DF171D2073): 35
LogDevObjectVersion:   Dev-Mobile (B02B49B5-BB20-44E9-A304-32B752E40360): 2
LogDevObjectVersion:   Dev-Networking (A4E4105C-59A1-49B5-A7C5-40C4547EDFEE): 0
LogDevObjectVersion:   Dev-Online (39C831C9-5AE6-47DC-9A44-9C173E1C8E7C): 0
LogDevObjectVersion:   Dev-Physics (78F01B33-EBEA-4F98-B9B4-84EACCB95AA2): 0
LogDevObjectVersion:   Dev-Platform (6631380F-2D4D-43E0-8009-CF276956A95A): 0
LogDevObjectVersion:   Dev-Rendering (12F88B9F-8875-4AFC-A67C-D90C383ABD29): 31
LogDevObjectVersion:   Dev-Sequencer (7B5AE74C-D270-4C10-A958-57980B212A5A): 11
LogDevObjectVersion:   Dev-VR (D7296918-1DD6-4BDD-9DE2-64A83CC13884): 2
LogDevObjectVersion:   Dev-LoadTimes (C2A15278-BFE7-4AFE-6C17-90FF531DF755): 1
LogDevObjectVersion:   Private-Geometry (6EACA3D4-40EC-4CC1-B786-8BED09428FC5): 3
LogDevObjectVersion:   Dev-AnimPhys (29E575DD-E0A3-4627-9D10-D276232CDCEA): 17
LogDevObjectVersion:   Dev-Anim (AF43A65D-7FD3-4947-9873-3E8ED9C1BB05): 2
LogDevObjectVersion:   Dev-ReflectionCapture (6B266CEC-1EC7-4B8F-A30B-E4D90942FC07): 1
LogDevObjectVersion:   Dev-Automation (0DF73D61-A23F-47EA-B727-89E90C41499A): 1
LogDevObjectVersion:   FortniteMain (601D1886-AC64-4F84-AA16-D3DE0DEAC7D6): 27
LogDevObjectVersion:   Dev-Enterprise (9DFFBCD6-494F-0158-E221-12823C92A888): 6
LogDevObjectVersion:   Dev-Niagara (F2AED0AC-9AFE-416F-8664-AA7FFA26D6FC): 1
LogDevObjectVersion:   Dev-Destruction (174F1F0B-B4C6-45A5-B13F-2EE8D0FB917D): 9
LogInit: Presizing for max 16777216 objects, including 0 objects not considered by GC, pre-allocating 0 bytes for permanent pool.
LogInit: Object subsystem initialized
LogConfig: Setting CVar [[con.DebugEarlyDefault:1]]
LogConfig: Setting CVar [[r.setres:1280x720]]
[2019.08.27-21.41.25:465][  0]LogConfig: Setting CVar [[r.VSync:0]]
[2019.08.27-21.41.25:465][  0]LogConfig: Setting CVar [[r.RHICmdBypass:0]]
[2019.08.27-21.41.25:466][  0]LogConfig: Applying CVar settings from Section [/Script/Engine.RendererSettings] File [D:/PaperjuiceInc/SpiritDecay/SpiritDecay/Saved/Config/Windows/Engine.ini]
[2019.08.27-21.41.25:466][  0]LogConfig: Setting CVar [[r.GPUCrashDebugging:0]]
[2019.08.27-21.41.25:466][  0]LogConfig: Setting CVar [[r.DefaultFeature.AutoExposure.ExtendDefaultLuminanceRange:1]]
[2019.08.27-21.41.25:466][  0]LogConfig: Applying CVar settings from Section [/Script/Engine.RendererOverrideSettings] File [D:/PaperjuiceInc/SpiritDecay/SpiritDecay/Saved/Config/Windows/Engine.ini]
[2019.08.27-21.41.25:466][  0]LogConfig: Applying CVar settings from Section [/Script/Engine.StreamingSettings] File [D:/PaperjuiceInc/SpiritDecay/SpiritDecay/Saved/Config/Windows/Engine.ini]
[2019.08.27-21.41.25:466][  0]LogConfig: Setting CVar [[s.MinBulkDataSizeForAsyncLoading:131072]]
[2019.08.27-21.41.25:466][  0]LogConfig: Setting CVar [[s.AsyncLoadingThreadEnabled:0]]
[2019.08.27-21.41.25:466][  0]LogConfig: Setting CVar [[s.EventDrivenLoaderEnabled:1]]
[2019.08.27-21.41.25:466][  0]LogConfig: Setting CVar [[s.WarnIfTimeLimitExceeded:0]]
[2019.08.27-21.41.25:466][  0]LogConfig: Setting CVar [[s.TimeLimitExceededMultiplier:1.5]]
[2019.08.27-21.41.25:466][  0]LogConfig: Setting CVar [[s.TimeLimitExceededMinTime:0.005]]
[2019.08.27-21.41.25:466][  0]LogConfig: Setting CVar [[s.UseBackgroundLevelStreaming:1]]
[2019.08.27-21.41.25:466][  0]LogConfig: Setting CVar [[s.PriorityAsyncLoadingExtraTime:15.0]]
[2019.08.27-21.41.25:466][  0]LogConfig: Setting CVar [[s.LevelStreamingActorsUpdateTimeLimit:5.0]]
[2019.08.27-21.41.25:466][  0]LogConfig: Setting CVar [[s.PriorityLevelStreamingActorsUpdateExtraTime:5.0]]
[2019.08.27-21.41.25:466][  0]LogConfig: Setting CVar [[s.LevelStreamingComponentsRegistrationGranularity:10]]
[2019.08.27-21.41.25:466][  0]LogConfig: Setting CVar [[s.UnregisterComponentsTimeLimit:1.0]]
[2019.08.27-21.41.25:466][  0]LogConfig: Setting CVar [[s.LevelStreamingComponentsUnregistrationGranularity:5]]
[2019.08.27-21.41.25:466][  0]LogConfig: Applying CVar settings from Section [/Script/Engine.GarbageCollectionSettings] File [D:/PaperjuiceInc/SpiritDecay/SpiritDecay/Saved/Config/Windows/Engine.ini]
[2019.08.27-21.41.25:466][  0]LogConfig: Setting CVar [[gc.MaxObjectsNotConsideredByGC:1]]
[2019.08.27-21.41.25:466][  0]LogConfig: Setting CVar [[gc.SizeOfPermanentObjectPool:0]]
[2019.08.27-21.41.25:466][  0]LogConfig: Setting CVar [[gc.FlushStreamingOnGC:0]]
[2019.08.27-21.41.25:466][  0]LogConfig: Setting CVar [[gc.NumRetriesBeforeForcingGC:10]]
[2019.08.27-21.41.25:466][  0]LogConfig: Setting CVar [[gc.AllowParallelGC:1]]
[2019.08.27-21.41.25:466][  0]LogConfig: Setting CVar [[gc.TimeBetweenPurgingPendingKillObjects:61.1]]
[2019.08.27-21.41.25:466][  0]LogConfig: Setting CVar [[gc.MaxObjectsInEditor:16777216]]
[2019.08.27-21.41.25:466][  0]LogConfig: Setting CVar [[gc.IncrementalBeginDestroyEnabled:1]]
[2019.08.27-21.41.25:466][  0]LogConfig: Setting CVar [[gc.CreateGCClusters:1]]
[2019.08.27-21.41.25:466][  0]LogConfig: Setting CVar [[gc.MinGCClusterSize:5]]
[2019.08.27-21.41.25:466][  0]LogConfig: Setting CVar [[gc.ActorClusteringEnabled:0]]
[2019.08.27-21.41.25:466][  0]LogConfig: Setting CVar [[gc.BlueprintClusteringEnabled:0]]
[2019.08.27-21.41.25:466][  0]LogConfig: Setting CVar [[gc.UseDisregardForGCOnDedicatedServers:0]]
[2019.08.27-21.41.25:466][  0]LogConfig: Applying CVar settings from Section [/Script/Engine.NetworkSettings] File [D:/PaperjuiceInc/SpiritDecay/SpiritDecay/Saved/Config/Windows/Engine.ini]
[2019.08.27-21.41.25:466][  0]LogConfig: Applying CVar settings from Section [/Script/UnrealEd.CookerSettings] File [D:/PaperjuiceInc/SpiritDecay/SpiritDecay/Saved/Config/Windows/Engine.ini]
[2019.08.27-21.41.25:469][  0]LogConfig: Applying CVar settings from Section [ViewDistanceQuality@3] File [D:/PaperjuiceInc/SpiritDecay/SpiritDecay/Saved/Config/Windows/Scalability.ini]
[2019.08.27-21.41.25:469][  0]LogConfig: Setting CVar [[r.SkeletalMeshLODBias:0]]
[2019.08.27-21.41.25:469][  0]LogConfig: Setting CVar [[r.ViewDistanceScale:1.0]]
[2019.08.27-21.41.25:469][  0]LogConfig: Applying CVar settings from Section [AntiAliasingQuality@3] File [D:/PaperjuiceInc/SpiritDecay/SpiritDecay/Saved/Config/Windows/Scalability.ini]
[2019.08.27-21.41.25:469][  0]LogConfig: Setting CVar [[r.PostProcessAAQuality:4]]
[2019.08.27-21.41.25:469][  0]LogConfig: Applying CVar settings from Section [ShadowQuality@3] File [D:/PaperjuiceInc/SpiritDecay/SpiritDecay/Saved/Config/Windows/Scalability.ini]
[2019.08.27-21.41.25:469][  0]LogConfig: Setting CVar [[r.LightFunctionQuality:1]]
[2019.08.27-21.41.25:469][  0]LogConfig: Setting CVar [[r.ShadowQuality:5]]
[2019.08.27-21.41.25:469][  0]LogConfig: Setting CVar [[r.Shadow.CSM.MaxCascades:10]]
[2019.08.27-21.41.25:469][  0]LogConfig: Setting CVar [[r.Shadow.MaxResolution:2048]]
[2019.08.27-21.41.25:469][  0]LogConfig: Setting CVar [[r.Shadow.MaxCSMResolution:2048]]
[2019.08.27-21.41.25:469][  0]LogConfig: Setting CVar [[r.Shadow.RadiusThreshold:0.01]]
[2019.08.27-21.41.25:469][  0]LogConfig: Setting CVar [[r.Shadow.DistanceScale:1.0]]
[2019.08.27-21.41.25:469][  0]LogConfig: Setting CVar [[r.Shadow.CSM.TransitionScale:1.0]]
[2019.08.27-21.41.25:469][  0]LogConfig: Setting CVar [[r.Shadow.PreShadowResolutionFactor:1.0]]
[2019.08.27-21.41.25:469][  0]LogConfig: Setting CVar [[r.DistanceFieldShadowing:1]]
[2019.08.27-21.41.25:469][  0]LogConfig: Setting CVar [[r.DistanceFieldAO:1]]
[2019.08.27-21.41.25:469][  0]LogConfig: Setting CVar [[r.AOQuality:2]]
[2019.08.27-21.41.25:469][  0]LogConfig: Setting CVar [[r.VolumetricFog:1]]
[2019.08.27-21.41.25:469][  0]LogConfig: Setting CVar [[r.VolumetricFog.GridPixelSize:8]]
[2019.08.27-21.41.25:469][  0]LogConfig: Setting CVar [[r.VolumetricFog.GridSizeZ:128]]
[2019.08.27-21.41.25:469][  0]LogConfig: Setting CVar [[r.VolumetricFog.HistoryMissSupersampleCount:4]]
[2019.08.27-21.41.25:469][  0]LogConfig: Setting CVar [[r.LightMaxDrawDistanceScale:1]]
[2019.08.27-21.41.25:469][  0]LogConfig: Setting CVar [[r.CapsuleShadows:1]]
[2019.08.27-21.41.25:469][  0]LogConfig: Applying CVar settings from Section [PostProcessQuality@3] File [D:/PaperjuiceInc/SpiritDecay/SpiritDecay/Saved/Config/Windows/Scalability.ini]
[2019.08.27-21.41.25:469][  0]LogConfig: Setting CVar [[r.MotionBlurQuality:4]]
[2019.08.27-21.41.25:469][  0]LogConfig: Setting CVar [[r.AmbientOcclusionMipLevelFactor:0.4]]
[2019.08.27-21.41.25:469][  0]LogConfig: Setting CVar [[r.AmbientOcclusionMaxQuality:100]]
[2019.08.27-21.41.25:469][  0]LogConfig: Setting CVar [[r.AmbientOcclusionLevels:-1]]
[2019.08.27-21.41.25:469][  0]LogConfig: Setting CVar [[r.AmbientOcclusionRadiusScale:1.0]]
[2019.08.27-21.41.25:469][  0]LogConfig: Setting CVar [[r.DepthOfFieldQuality:2]]
[2019.08.27-21.41.25:469][  0]LogConfig: Setting CVar [[r.RenderTargetPoolMin:400]]
[2019.08.27-21.41.25:469][  0]LogConfig: Setting CVar [[r.LensFlareQuality:2]]
[2019.08.27-21.41.25:469][  0]LogConfig: Setting CVar [[r.SceneColorFringeQuality:1]]
[2019.08.27-21.41.25:469][  0]LogConfig: Setting CVar [[r.EyeAdaptationQuality:2]]
[2019.08.27-21.41.25:470][  0]LogConfig: Setting CVar [[r.BloomQuality:5]]
[2019.08.27-21.41.25:470][  0]LogConfig: Setting CVar [[r.FastBlurThreshold:100]]
[2019.08.27-21.41.25:470][  0]LogConfig: Setting CVar [[r.Upscale.Quality:3]]
[2019.08.27-21.41.25:470][  0]LogConfig: Setting CVar [[r.Tonemapper.GrainQuantization:1]]
[2019.08.27-21.41.25:470][  0]LogConfig: Setting CVar [[r.LightShaftQuality:1]]
[2019.08.27-21.41.25:470][  0]LogConfig: Setting CVar [[r.Filter.SizeScale:1]]
[2019.08.27-21.41.25:470][  0]LogConfig: Setting CVar [[r.Tonemapper.Quality:5]]
[2019.08.27-21.41.25:470][  0]LogConfig: Setting CVar [[r.DOF.Gather.AccumulatorQuality:1        ; higher gathering accumulator quality]]
[2019.08.27-21.41.25:470][  0]LogConfig: Setting CVar [[r.DOF.Gather.PostfilterMethod:1          ; Median3x3 postfilering method]]
[2019.08.27-21.41.25:470][  0]LogConfig: Setting CVar [[r.DOF.Gather.EnableBokehSettings:0       ; no bokeh simulation when gathering]]
[2019.08.27-21.41.25:470][  0]LogConfig: Setting CVar [[r.DOF.Gather.RingCount:4                 ; medium number of samples when gathering]]
[2019.08.27-21.41.25:470][  0]LogConfig: Setting CVar [[r.DOF.Scatter.ForegroundCompositing:1    ; additive foreground scattering]]
[2019.08.27-21.41.25:470][  0]LogConfig: Setting CVar [[r.DOF.Scatter.BackgroundCompositing:2    ; additive background scattering]]
[2019.08.27-21.41.25:470][  0]LogConfig: Setting CVar [[r.DOF.Scatter.EnableBokehSettings:1      ; bokeh simulation when scattering]]
[2019.08.27-21.41.25:470][  0]LogConfig: Setting CVar [[r.DOF.Scatter.MaxSpriteRatio:0.1         ; only a maximum of 10% of scattered bokeh]]
[2019.08.27-21.41.25:470][  0]LogConfig: Setting CVar [[r.DOF.Recombine.Quality:1                ; cheap slight out of focus]]
[2019.08.27-21.41.25:470][  0]LogConfig: Setting CVar [[r.DOF.Recombine.EnableBokehSettings:0    ; no bokeh simulation on slight out of focus]]
[2019.08.27-21.41.25:470][  0]LogConfig: Setting CVar [[r.DOF.TemporalAAQuality:1                ; more stable temporal accumulation]]
[2019.08.27-21.41.25:470][  0]LogConfig: Setting CVar [[r.DOF.Kernel.MaxForegroundRadius:0.025]]
[2019.08.27-21.41.25:470][  0]LogConfig: Setting CVar [[r.DOF.Kernel.MaxBackgroundRadius:0.025]]
[2019.08.27-21.41.25:470][  0]LogConfig: Applying CVar settings from Section [TextureQuality@3] File [D:/PaperjuiceInc/SpiritDecay/SpiritDecay/Saved/Config/Windows/Scalability.ini]
[2019.08.27-21.41.25:470][  0]LogConfig: Setting CVar [[r.Streaming.MipBias:0]]
[2019.08.27-21.41.25:470][  0]LogConfig: Setting CVar [[r.Streaming.AmortizeCPUToGPUCopy:0]]
[2019.08.27-21.41.25:470][  0]LogConfig: Setting CVar [[r.Streaming.MaxNumTexturesToStreamPerFrame:0]]
[2019.08.27-21.41.25:470][  0]LogConfig: Setting CVar [[r.Streaming.Boost:1]]
[2019.08.27-21.41.25:470][  0]LogConfig: Setting CVar [[r.MaxAnisotropy:8]]
[2019.08.27-21.41.25:470][  0]LogConfig: Setting CVar [[r.Streaming.LimitPoolSizeToVRAM:0]]
[2019.08.27-21.41.25:470][  0]LogConfig: Setting CVar [[r.Streaming.PoolSize:1000]]
[2019.08.27-21.41.25:470][  0]LogConfig: Setting CVar [[r.Streaming.MaxEffectiveScreenSize:0]]
[2019.08.27-21.41.25:470][  0]LogConfig: Applying CVar settings from Section [EffectsQuality@3] File [D:/PaperjuiceInc/SpiritDecay/SpiritDecay/Saved/Config/Windows/Scalability.ini]
[2019.08.27-21.41.25:470][  0]LogConfig: Setting CVar [[r.TranslucencyLightingVolumeDim:64]]
[2019.08.27-21.41.25:470][  0]LogConfig: Setting CVar [[r.RefractionQuality:2]]
[2019.08.27-21.41.25:470][  0]LogConfig: Setting CVar [[r.SSR.Quality:3]]
[2019.08.27-21.41.25:470][  0]LogConfig: Setting CVar [[r.SceneColorFormat:4]]
[2019.08.27-21.41.25:470][  0]LogConfig: Setting CVar [[r.DetailMode:2]]
[2019.08.27-21.41.25:470][  0]LogConfig: Setting CVar [[r.TranslucencyVolumeBlur:1]]
[2019.08.27-21.41.25:470][  0]LogConfig: Setting CVar [[r.MaterialQualityLevel:1 ; High quality]]
[2019.08.27-21.41.25:470][  0]LogConfig: Setting CVar [[r.SSS.Scale:1]]
[2019.08.27-21.41.25:471][  0]LogConfig: Setting CVar [[r.SSS.SampleSet:2]]
[2019.08.27-21.41.25:471][  0]LogConfig: Setting CVar [[r.SSS.Quality:1]]
[2019.08.27-21.41.25:471][  0]LogConfig: Setting CVar [[r.SSS.HalfRes:1]]
[2019.08.27-21.41.25:471][  0]LogConfig: Setting CVar [[r.EmitterSpawnRateScale:1.0]]
[2019.08.27-21.41.25:471][  0]LogConfig: Setting CVar [[r.ParticleLightQuality:2]]
[2019.08.27-21.41.25:471][  0]LogConfig: Applying CVar settings from Section [FoliageQuality@3] File [D:/PaperjuiceInc/SpiritDecay/SpiritDecay/Saved/Config/Windows/Scalability.ini]
[2019.08.27-21.41.25:471][  0]LogConfig: Setting CVar [[foliage.DensityScale:1.0]]
[2019.08.27-21.41.25:471][  0]LogConfig: Setting CVar [[grass.DensityScale:1.0]]
[2019.08.27-21.41.25:471][  0]LogInit: Selected Device Profile: [Windows]
[2019.08.27-21.41.25:471][  0]LogInit: Applying CVar settings loaded from the selected device profile: [Windows]
[2019.08.27-21.41.25:473][  0]LogHAL: Display: Platform has ~ 16 GB [17014509568 / 17179869184 / 16], which maps to Larger [LargestMinGB=32, LargerMinGB=12, DefaultMinGB=8, SmallerMinGB=6, SmallestMinGB=0)
[2019.08.27-21.41.25:473][  0]LogInit: Going up to parent DeviceProfile []
[2019.08.27-21.41.25:473][  0]LogConfig: Applying CVar settings from Section [ViewDistanceQuality@3] File [D:/PaperjuiceInc/SpiritDecay/SpiritDecay/Saved/Config/Windows/Scalability.ini]
[2019.08.27-21.41.25:473][  0]LogConfig: Setting CVar [[r.SkeletalMeshLODBias:0]]
[2019.08.27-21.41.25:473][  0]LogConfig: Setting CVar [[r.ViewDistanceScale:1.0]]
[2019.08.27-21.41.25:473][  0]LogConfig: Applying CVar settings from Section [AntiAliasingQuality@3] File [D:/PaperjuiceInc/SpiritDecay/SpiritDecay/Saved/Config/Windows/Scalability.ini]
[2019.08.27-21.41.25:473][  0]LogConfig: Setting CVar [[r.PostProcessAAQuality:4]]
[2019.08.27-21.41.25:473][  0]LogConfig: Applying CVar settings from Section [ShadowQuality@3] File [D:/PaperjuiceInc/SpiritDecay/SpiritDecay/Saved/Config/Windows/Scalability.ini]
[2019.08.27-21.41.25:473][  0]LogConfig: Setting CVar [[r.LightFunctionQuality:1]]
[2019.08.27-21.41.25:473][  0]LogConfig: Setting CVar [[r.ShadowQuality:5]]
[2019.08.27-21.41.25:473][  0]LogConfig: Setting CVar [[r.Shadow.CSM.MaxCascades:10]]
[2019.08.27-21.41.25:473][  0]LogConfig: Setting CVar [[r.Shadow.MaxResolution:2048]]
[2019.08.27-21.41.25:473][  0]LogConfig: Setting CVar [[r.Shadow.MaxCSMResolution:2048]]
[2019.08.27-21.41.25:473][  0]LogConfig: Setting CVar [[r.Shadow.RadiusThreshold:0.01]]
[2019.08.27-21.41.25:473][  0]LogConfig: Setting CVar [[r.Shadow.DistanceScale:1.0]]
[2019.08.27-21.41.25:473][  0]LogConfig: Setting CVar [[r.Shadow.CSM.TransitionScale:1.0]]
[2019.08.27-21.41.25:473][  0]LogConfig: Setting CVar [[r.Shadow.PreShadowResolutionFactor:1.0]]
[2019.08.27-21.41.25:473][  0]LogConfig: Setting CVar [[r.DistanceFieldShadowing:1]]
[2019.08.27-21.41.25:473][  0]LogConfig: Setting CVar [[r.DistanceFieldAO:1]]
[2019.08.27-21.41.25:473][  0]LogConfig: Setting CVar [[r.AOQuality:2]]
[2019.08.27-21.41.25:473][  0]LogConfig: Setting CVar [[r.VolumetricFog:1]]
[2019.08.27-21.41.25:473][  0]LogConfig: Setting CVar [[r.VolumetricFog.GridPixelSize:8]]
[2019.08.27-21.41.25:473][  0]LogConfig: Setting CVar [[r.VolumetricFog.GridSizeZ:128]]
[2019.08.27-21.41.25:473][  0]LogConfig: Setting CVar [[r.VolumetricFog.HistoryMissSupersampleCount:4]]
[2019.08.27-21.41.25:473][  0]LogConfig: Setting CVar [[r.LightMaxDrawDistanceScale:1]]
[2019.08.27-21.41.25:473][  0]LogConfig: Setting CVar [[r.CapsuleShadows:1]]
[2019.08.27-21.41.25:473][  0]LogConfig: Applying CVar settings from Section [PostProcessQuality@3] File [D:/PaperjuiceInc/SpiritDecay/SpiritDecay/Saved/Config/Windows/Scalability.ini]
[2019.08.27-21.41.25:474][  0]LogConfig: Setting CVar [[r.MotionBlurQuality:4]]
[2019.08.27-21.41.25:474][  0]LogConfig: Setting CVar [[r.AmbientOcclusionMipLevelFactor:0.4]]
[2019.08.27-21.41.25:474][  0]LogConfig: Setting CVar [[r.AmbientOcclusionMaxQuality:100]]
[2019.08.27-21.41.25:474][  0]LogConfig: Setting CVar [[r.AmbientOcclusionLevels:-1]]
[2019.08.27-21.41.25:474][  0]LogConfig: Setting CVar [[r.AmbientOcclusionRadiusScale:1.0]]
[2019.08.27-21.41.25:474][  0]LogConfig: Setting CVar [[r.DepthOfFieldQuality:2]]
[2019.08.27-21.41.25:474][  0]LogConfig: Setting CVar [[r.RenderTargetPoolMin:400]]
[2019.08.27-21.41.25:474][  0]LogConfig: Setting CVar [[r.LensFlareQuality:2]]
[2019.08.27-21.41.25:474][  0]LogConfig: Setting CVar [[r.SceneColorFringeQuality:1]]
[2019.08.27-21.41.25:474][  0]LogConfig: Setting CVar [[r.EyeAdaptationQuality:2]]
[2019.08.27-21.41.25:474][  0]LogConfig: Setting CVar [[r.BloomQuality:5]]
[2019.08.27-21.41.25:474][  0]LogConfig: Setting CVar [[r.FastBlurThreshold:100]]
[2019.08.27-21.41.25:474][  0]LogConfig: Setting CVar [[r.Upscale.Quality:3]]
[2019.08.27-21.41.25:474][  0]LogConfig: Setting CVar [[r.Tonemapper.GrainQuantization:1]]
[2019.08.27-21.41.25:474][  0]LogConfig: Setting CVar [[r.LightShaftQuality:1]]
[2019.08.27-21.41.25:474][  0]LogConfig: Setting CVar [[r.Filter.SizeScale:1]]
[2019.08.27-21.41.25:474][  0]LogConfig: Setting CVar [[r.Tonemapper.Quality:5]]
[2019.08.27-21.41.25:474][  0]LogConfig: Setting CVar [[r.DOF.Gather.AccumulatorQuality:1        ; higher gathering accumulator quality]]
[2019.08.27-21.41.25:474][  0]LogConfig: Setting CVar [[r.DOF.Gather.PostfilterMethod:1          ; Median3x3 postfilering method]]
[2019.08.27-21.41.25:474][  0]LogConfig: Setting CVar [[r.DOF.Gather.EnableBokehSettings:0       ; no bokeh simulation when gathering]]
[2019.08.27-21.41.25:474][  0]LogConfig: Setting CVar [[r.DOF.Gather.RingCount:4                 ; medium number of samples when gathering]]
[2019.08.27-21.41.25:474][  0]LogConfig: Setting CVar [[r.DOF.Scatter.ForegroundCompositing:1    ; additive foreground scattering]]
[2019.08.27-21.41.25:474][  0]LogConfig: Setting CVar [[r.DOF.Scatter.BackgroundCompositing:2    ; additive background scattering]]
[2019.08.27-21.41.25:474][  0]LogConfig: Setting CVar [[r.DOF.Scatter.EnableBokehSettings:1      ; bokeh simulation when scattering]]
[2019.08.27-21.41.25:474][  0]LogConfig: Setting CVar [[r.DOF.Scatter.MaxSpriteRatio:0.1         ; only a maximum of 10% of scattered bokeh]]
[2019.08.27-21.41.25:474][  0]LogConfig: Setting CVar [[r.DOF.Recombine.Quality:1                ; cheap slight out of focus]]
[2019.08.27-21.41.25:474][  0]LogConfig: Setting CVar [[r.DOF.Recombine.EnableBokehSettings:0    ; no bokeh simulation on slight out of focus]]
[2019.08.27-21.41.25:474][  0]LogConfig: Setting CVar [[r.DOF.TemporalAAQuality:1                ; more stable temporal accumulation]]
[2019.08.27-21.41.25:474][  0]LogConfig: Setting CVar [[r.DOF.Kernel.MaxForegroundRadius:0.025]]
[2019.08.27-21.41.25:474][  0]LogConfig: Setting CVar [[r.DOF.Kernel.MaxBackgroundRadius:0.025]]
[2019.08.27-21.41.25:474][  0]LogConfig: Applying CVar settings from Section [TextureQuality@3] File [D:/PaperjuiceInc/SpiritDecay/SpiritDecay/Saved/Config/Windows/Scalability.ini]
[2019.08.27-21.41.25:474][  0]LogConfig: Setting CVar [[r.Streaming.MipBias:0]]
[2019.08.27-21.41.25:474][  0]LogConfig: Setting CVar [[r.Streaming.AmortizeCPUToGPUCopy:0]]
[2019.08.27-21.41.25:474][  0]LogConfig: Setting CVar [[r.Streaming.MaxNumTexturesToStreamPerFrame:0]]
[2019.08.27-21.41.25:474][  0]LogConfig: Setting CVar [[r.Streaming.Boost:1]]
[2019.08.27-21.41.25:474][  0]LogConfig: Setting CVar [[r.MaxAnisotropy:8]]
[2019.08.27-21.41.25:474][  0]LogConfig: Setting CVar [[r.Streaming.LimitPoolSizeToVRAM:0]]
[2019.08.27-21.41.25:474][  0]LogConfig: Setting CVar [[r.Streaming.PoolSize:1000]]
[2019.08.27-21.41.25:474][  0]LogConfig: Setting CVar [[r.Streaming.MaxEffectiveScreenSize:0]]
[2019.08.27-21.41.25:474][  0]LogConfig: Applying CVar settings from Section [EffectsQuality@3] File [D:/PaperjuiceInc/SpiritDecay/SpiritDecay/Saved/Config/Windows/Scalability.ini]
[2019.08.27-21.41.25:474][  0]LogConfig: Setting CVar [[r.TranslucencyLightingVolumeDim:64]]
[2019.08.27-21.41.25:474][  0]LogConfig: Setting CVar [[r.RefractionQuality:2]]
[2019.08.27-21.41.25:474][  0]LogConfig: Setting CVar [[r.SSR.Quality:3]]
[2019.08.27-21.41.25:474][  0]LogConfig: Setting CVar [[r.SceneColorFormat:4]]
[2019.08.27-21.41.25:474][  0]LogConfig: Setting CVar [[r.DetailMode:2]]
[2019.08.27-21.41.25:474][  0]LogConfig: Setting CVar [[r.TranslucencyVolumeBlur:1]]
[2019.08.27-21.41.25:474][  0]LogConfig: Setting CVar [[r.MaterialQualityLevel:1 ; High quality]]
[2019.08.27-21.41.25:474][  0]LogConfig: Setting CVar [[r.SSS.Scale:1]]
[2019.08.27-21.41.25:474][  0]LogConfig: Setting CVar [[r.SSS.SampleSet:2]]
[2019.08.27-21.41.25:475][  0]LogConfig: Setting CVar [[r.SSS.Quality:1]]
[2019.08.27-21.41.25:475][  0]LogConfig: Setting CVar [[r.SSS.HalfRes:1]]
[2019.08.27-21.41.25:475][  0]LogConfig: Setting CVar [[r.EmitterSpawnRateScale:1.0]]
[2019.08.27-21.41.25:475][  0]LogConfig: Setting CVar [[r.ParticleLightQuality:2]]
[2019.08.27-21.41.25:475][  0]LogConfig: Applying CVar settings from Section [FoliageQuality@3] File [D:/PaperjuiceInc/SpiritDecay/SpiritDecay/Saved/Config/Windows/Scalability.ini]
[2019.08.27-21.41.25:475][  0]LogConfig: Setting CVar [[foliage.DensityScale:1.0]]
[2019.08.27-21.41.25:475][  0]LogConfig: Setting CVar [[grass.DensityScale:1.0]]
[2019.08.27-21.41.25:475][  0]LogConfig: Applying CVar settings from Section [Startup] File [../../../Engine/Config/ConsoleVariables.ini]
[2019.08.27-21.41.25:475][  0]LogConfig: Setting CVar [[net.UseAdaptiveNetUpdateFrequency:0]]
[2019.08.27-21.41.25:475][  0]LogConfig: Setting CVar [[p.chaos.AllowCreatePhysxBodies:1]]
[2019.08.27-21.41.25:475][  0]LogConfig: Applying CVar settings from Section [ConsoleVariables] File [D:/PaperjuiceInc/SpiritDecay/SpiritDecay/Saved/Config/Windows/Engine.ini]
[2019.08.27-21.41.25:475][  0]LogInit: Computer: DESKTOP-IH74D27
[2019.08.27-21.41.25:475][  0]LogInit: User: Paperjuice
[2019.08.27-21.41.25:475][  0]LogInit: CPU Page size=4096, Cores=6
[2019.08.27-21.41.25:475][  0]LogInit: High frequency timer resolution =2.156248 MHz
[2019.08.27-21.41.25:475][  0]LogMemory: Memory total: Physical=15.8GB (16GB approx)
[2019.08.27-21.41.25:475][  0]LogMemory: Platform Memory Stats for Windows
[2019.08.27-21.41.25:475][  0]LogMemory: Process Physical Memory: 100.28 MB used, 100.28 MB peak
[2019.08.27-21.41.25:475][  0]LogMemory: Process Virtual Memory: 89.19 MB used, 89.19 MB peak
[2019.08.27-21.41.25:475][  0]LogMemory: Physical Memory: 8108.51 MB used,  8117.79 MB free, 16226.30 MB total
[2019.08.27-21.41.25:476][  0]LogMemory: Virtual Memory: 4686.20 MB used,  134213040.00 MB free, 134217728.00 MB total
[2019.08.27-21.41.25:478][  0]LogWindows: WindowsPlatformFeatures enabled
[2019.08.27-21.41.25:507][  0]LogInit: Using OS detected language (en-GB).
[2019.08.27-21.41.25:507][  0]LogInit: Using OS detected locale (en-GB).
[2019.08.27-21.41.25:508][  0]LogTextLocalizationManager: No specific localization for 'en-GB' exists, so the 'en' localization will be used.
[2019.08.27-21.41.25:692][  0]LogInit: Setting process to per monitor DPI aware
[2019.08.27-21.41.25:726][  0]LogSlate: New Slate User Created.  User Index 0, Is Virtual User: 0
[2019.08.27-21.41.25:726][  0]LogSlate: Slate User Registered.  User Index 0, Is Virtual User: 0
[2019.08.27-21.41.25:895][  0]LogHMD: Failed to initialize OpenVR with code 110
[2019.08.27-21.41.25:895][  0]LogD3D11RHI: D3D11 adapters:
[2019.08.27-21.41.25:954][  0]LogD3D11RHI:    0. 'NVIDIA GeForce GTX 1060' (Feature Level 11_0)
[2019.08.27-21.41.25:954][  0]LogD3D11RHI:       6052/0/8113 MB DedicatedVideo/DedicatedSystem/SharedSystem, Outputs:1, VendorId:0x10de
[2019.08.27-21.41.25:966][  0]LogD3D11RHI:    1. 'Intel(R) UHD Graphics 630' (Feature Level 11_0)
[2019.08.27-21.41.25:966][  0]LogD3D11RHI:       128/0/8113 MB DedicatedVideo/DedicatedSystem/SharedSystem, Outputs:0, VendorId:0x8086
[2019.08.27-21.41.25:967][  0]LogD3D11RHI:    2. 'Microsoft Basic Render Driver' (Feature Level 11_0)
[2019.08.27-21.41.25:968][  0]LogD3D11RHI:       0/0/8113 MB DedicatedVideo/DedicatedSystem/SharedSystem, Outputs:0, VendorId:0x1414
[2019.08.27-21.41.25:968][  0]LogD3D11RHI: Chosen D3D11 Adapter: 0
[2019.08.27-21.41.25:997][  0]LogD3D11RHI: Creating new Direct3DDevice
[2019.08.27-21.41.25:997][  0]LogD3D11RHI:     GPU DeviceId: 0x1c20 (for the marketing name, search the web for "GPU Device Id")
[2019.08.27-21.41.25:997][  0]LogWindows: EnumDisplayDevices:
[2019.08.27-21.41.25:997][  0]LogWindows:    0. 'Intel(R) UHD Graphics 630' (P:1 D:1)
[2019.08.27-21.41.25:997][  0]LogWindows:    1. 'Intel(R) UHD Graphics 630' (P:0 D:0)
[2019.08.27-21.41.25:998][  0]LogWindows:    2. 'Intel(R) UHD Graphics 630' (P:0 D:0)
[2019.08.27-21.41.25:998][  0]LogWindows:    3. 'NVIDIA GeForce GTX 1060' (P:0 D:0)
[2019.08.27-21.41.25:998][  0]LogWindows: DebugString: PrimaryIsNotTheChoosenAdapter PrimaryIsNotTheChoosenAdapter PrimaryIsNotTheChoosenAdapter 
[2019.08.27-21.41.25:998][  0]LogD3D11RHI:     Adapter Name: NVIDIA GeForce GTX 1060
[2019.08.27-21.41.25:998][  0]LogD3D11RHI:   Driver Version: 430.64 (internal:26.21.14.3064, unified:430.64)
[2019.08.27-21.41.25:998][  0]LogD3D11RHI:      Driver Date: 5-5-2019
[2019.08.27-21.41.25:998][  0]LogRHI: Texture pool is 4236 MB (70% of 6052 MB)
[2019.08.27-21.41.26:050][  0]LogD3D11RHI: Async texture creation enabled
[2019.08.27-21.41.26:065][  0]LogD3D11RHI: GPU Timing Frequency: 1000.000000 (Debug: 2 1)
[2019.08.27-21.41.26:419][  0]LogTemp: Display: Module 'AllDesktopTargetPlatform' loaded TargetPlatform 'AllDesktop'
[2019.08.27-21.41.26:426][  0]LogTemp: Display: Module 'MacClientTargetPlatform' loaded TargetPlatform 'MacClient'
[2019.08.27-21.41.26:433][  0]LogTemp: Display: Module 'MacNoEditorTargetPlatform' loaded TargetPlatform 'MacNoEditor'
[2019.08.27-21.41.26:441][  0]LogTemp: Display: Module 'MacServerTargetPlatform' loaded TargetPlatform 'MacServer'
[2019.08.27-21.41.26:450][  0]LogTemp: Display: Module 'MacTargetPlatform' loaded TargetPlatform 'Mac'
[2019.08.27-21.41.26:460][  0]LogTemp: Display: Module 'WindowsClientTargetPlatform' loaded TargetPlatform 'WindowsClient'
[2019.08.27-21.41.26:467][  0]LogTemp: Display: Module 'WindowsNoEditorTargetPlatform' loaded TargetPlatform 'WindowsNoEditor'
[2019.08.27-21.41.26:474][  0]LogTemp: Display: Module 'WindowsServerTargetPlatform' loaded TargetPlatform 'WindowsServer'
[2019.08.27-21.41.26:477][  0]LogTemp: Display: Module 'WindowsTargetPlatform' loaded TargetPlatform 'Windows'
[2019.08.27-21.41.26:506][  0]LogTemp: Display: Module 'AndroidTargetPlatform' loaded TargetPlatform 'Android'
[2019.08.27-21.41.26:506][  0]LogTemp: Display: Module 'AndroidTargetPlatform' loaded TargetPlatform 'Android_ASTC'
[2019.08.27-21.41.26:506][  0]LogTemp: Display: Module 'AndroidTargetPlatform' loaded TargetPlatform 'Android_ATC'
[2019.08.27-21.41.26:506][  0]LogTemp: Display: Module 'AndroidTargetPlatform' loaded TargetPlatform 'Android_DXT'
[2019.08.27-21.41.26:506][  0]LogTemp: Display: Module 'AndroidTargetPlatform' loaded TargetPlatform 'Android_ETC1'
[2019.08.27-21.41.26:506][  0]LogTemp: Display: Module 'AndroidTargetPlatform' loaded TargetPlatform 'Android_ETC1a'
[2019.08.27-21.41.26:506][  0]LogTemp: Display: Module 'AndroidTargetPlatform' loaded TargetPlatform 'Android_ETC2'
[2019.08.27-21.41.26:506][  0]LogTemp: Display: Module 'AndroidTargetPlatform' loaded TargetPlatform 'Android_PVRTC'
[2019.08.27-21.41.26:506][  0]LogTemp: Display: Module 'AndroidTargetPlatform' loaded TargetPlatform 'AndroidClient'
[2019.08.27-21.41.26:506][  0]LogTemp: Display: Module 'AndroidTargetPlatform' loaded TargetPlatform 'Android_ASTCClient'
[2019.08.27-21.41.26:506][  0]LogTemp: Display: Module 'AndroidTargetPlatform' loaded TargetPlatform 'Android_ATCClient'
[2019.08.27-21.41.26:506][  0]LogTemp: Display: Module 'AndroidTargetPlatform' loaded TargetPlatform 'Android_DXTClient'
[2019.08.27-21.41.26:506][  0]LogTemp: Display: Module 'AndroidTargetPlatform' loaded TargetPlatform 'Android_ETC1Client'
[2019.08.27-21.41.26:506][  0]LogTemp: Display: Module 'AndroidTargetPlatform' loaded TargetPlatform 'Android_ETC1aClient'
[2019.08.27-21.41.26:506][  0]LogTemp: Display: Module 'AndroidTargetPlatform' loaded TargetPlatform 'Android_ETC2Client'
[2019.08.27-21.41.26:506][  0]LogTemp: Display: Module 'AndroidTargetPlatform' loaded TargetPlatform 'Android_PVRTCClient'
[2019.08.27-21.41.26:506][  0]LogTemp: Display: Module 'AndroidTargetPlatform' loaded TargetPlatform 'Android_Multi'
[2019.08.27-21.41.26:506][  0]LogTemp: Display: Module 'AndroidTargetPlatform' loaded TargetPlatform 'Android_MultiClient'
[2019.08.27-21.41.26:508][  0]LogTemp: Display: Module 'HTML5TargetPlatform' loaded TargetPlatform 'HTML5'
[2019.08.27-21.41.26:523][  0]LogTemp: Display: Module 'IOSTargetPlatform' loaded TargetPlatform 'IOSClient'
[2019.08.27-21.41.26:523][  0]LogTemp: Display: Module 'IOSTargetPlatform' loaded TargetPlatform 'IOS'
[2019.08.27-21.41.26:535][  0]LogTemp: Display: Module 'TVOSTargetPlatform' loaded TargetPlatform 'TVOSClient'
[2019.08.27-21.41.26:535][  0]LogTemp: Display: Module 'TVOSTargetPlatform' loaded TargetPlatform 'TVOS'
[2019.08.27-21.41.26:542][  0]LogTemp: Display: Module 'LinuxClientTargetPlatform' loaded TargetPlatform 'LinuxClient'
[2019.08.27-21.41.26:548][  0]LogTemp: Display: Module 'LinuxNoEditorTargetPlatform' loaded TargetPlatform 'LinuxNoEditor'
[2019.08.27-21.41.26:556][  0]LogTemp: Display: Module 'LinuxServerTargetPlatform' loaded TargetPlatform 'LinuxServer'
[2019.08.27-21.41.26:562][  0]LogTemp: Display: Module 'LinuxTargetPlatform' loaded TargetPlatform 'Linux'
[2019.08.27-21.41.26:582][  0]LogTemp: Display: Module 'LuminTargetPlatform' loaded TargetPlatform 'Lumin'
[2019.08.27-21.41.26:582][  0]LogTemp: Display: Module 'LuminTargetPlatform' loaded TargetPlatform 'LuminClient'
[2019.08.27-21.41.26:582][  0]LogTargetPlatformManager: Display: Building Assets For Windows
[2019.08.27-21.41.26:588][  0]LogAudioDebug: Display: Lib vorbis DLL was dynamically loaded.
[2019.08.27-21.41.26:628][  0]LogShaderCompilers: Guid format shader working directory is -1 characters bigger than the processId version (../../../../../PaperjuiceInc/SpiritDecay/SpiritDecay/Intermediate/Shaders/WorkingDirectory/1648/).
[2019.08.27-21.41.26:628][  0]LogShaderCompilers: Cleaned the shader compiler working directory 'C:/Users/Paperjuice/AppData/Local/Temp/UnrealShaderWorkingDir/4953F84842A7033BE8109CA20A05C3CC/'.
[2019.08.27-21.41.26:629][  0]LogXGEController: Cannot use XGE Controller as Incredibuild is not installed on this machine.
[2019.08.27-21.41.26:629][  0]LogShaderCompilers: Cannot use XGE Shader Compiler as Incredibuild is not installed on this machine.
[2019.08.27-21.41.26:629][  0]LogShaderCompilers: Display: Using Local Shader Compiler.
[2019.08.27-21.41.27:216][  0]LogDerivedDataCache: Display: Max Cache Size: 512 MB
[2019.08.27-21.41.27:285][  0]LogDerivedDataCache: Loaded boot cache 0.07s 73MB C:/Users/Paperjuice/AppData/Local/UnrealEngine/4.23/DerivedDataCache/Boot.ddc.
[2019.08.27-21.41.27:285][  0]LogDerivedDataCache: Display: Loaded Boot cache: C:/Users/Paperjuice/AppData/Local/UnrealEngine/4.23/DerivedDataCache/Boot.ddc
[2019.08.27-21.41.27:285][  0]LogDerivedDataCache: FDerivedDataBackendGraph:  Pak pak cache file ../../../../../PaperjuiceInc/SpiritDecay/SpiritDecay/DerivedDataCache/DDC.ddp not found, will not use a pak cache.
[2019.08.27-21.41.27:285][  0]LogDerivedDataCache: Unable to find inner node Pak for hierarchical cache Hierarchy.
[2019.08.27-21.41.27:285][  0]LogDerivedDataCache: FDerivedDataBackendGraph:  CompressedPak pak cache file ../../../../../PaperjuiceInc/SpiritDecay/SpiritDecay/DerivedDataCache/Compressed.ddp not found, will not use a pak cache.
[2019.08.27-21.41.27:285][  0]LogDerivedDataCache: Unable to find inner node CompressedPak for hierarchical cache Hierarchy.
[2019.08.27-21.41.27:296][  0]LogDerivedDataCache: Display: Pak cache opened for reading ../../../Engine/DerivedDataCache/Compressed.ddp.
[2019.08.27-21.41.27:296][  0]LogDerivedDataCache: FDerivedDataBackendGraph:  EnterprisePak pak cache file ../../../Enterprise/DerivedDataCache/Compressed.ddp not found, will not use a pak cache.
[2019.08.27-21.41.27:296][  0]LogDerivedDataCache: Unable to find inner node EnterprisePak for hierarchical cache Hierarchy.
[2019.08.27-21.41.27:297][  0]LogDerivedDataCache: Using Local data cache path C:/Users/Paperjuice/AppData/Local/UnrealEngine/Common/DerivedDataCache: Writable
[2019.08.27-21.41.27:297][  0]LogDerivedDataCache: Shared data cache path not found in *engine.ini, will not use an Shared cache.
[2019.08.27-21.41.27:297][  0]LogDerivedDataCache: Unable to find inner node Shared for hierarchical cache Hierarchy.
[2019.08.27-21.41.27:317][  0]LogMaterial: Verifying Global Shaders for PCD3D_SM5
[2019.08.27-21.41.27:319][  0]LogSlate: Using FreeType 2.6.0
[2019.08.27-21.41.27:320][  0]LogSlate: SlateFontServices - WITH_FREETYPE: 1, WITH_HARFBUZZ: 1
[2019.08.27-21.41.27:378][  0]LogAssetRegistry: FAssetRegistry took 0.0022 seconds to start up
[2019.08.27-21.41.27:648][  0]LogInit: Selected Device Profile: [Windows]
[2019.08.27-21.41.27:797][  0]LogMeshReduction: Using QuadricMeshReduction for automatic static mesh reduction
[2019.08.27-21.41.27:797][  0]LogMeshReduction: Using SimplygonMeshReduction for automatic skeletal mesh reduction
[2019.08.27-21.41.27:797][  0]LogMeshReduction: Using ProxyLODMeshReduction for automatic mesh merging
[2019.08.27-21.41.27:797][  0]LogMeshReduction: No distributed automatic mesh merging module available
[2019.08.27-21.41.27:797][  0]LogMeshMerging: No distributed automatic mesh merging module available
[2019.08.27-21.41.27:809][  0]LogNetVersion: SpiritDecay 1.0.0, NetCL: 8243293, EngineNetVer: 11, GameNetVer: 0 (Checksum: 1235016931)
[2019.08.27-21.41.28:282][  0]LogPackageLocalizationCache: Processed 12 localized package path(s) for 1 prioritized culture(s) in 0.057802 seconds
[2019.08.27-21.41.28:294][  0]LogUObjectArray: 43426 objects as part of root set at end of initial load.
[2019.08.27-21.41.28:294][  0]LogUObjectAllocator: 7545544 out of 0 bytes used by permanent object pool.
[2019.08.27-21.41.28:294][  0]LogUObjectArray: CloseDisregardForGC: 0/0 objects in disregard for GC pool
[2019.08.27-21.41.29:682][  0]LogTcpMessaging: Initializing TcpMessaging bridge
[2019.08.27-21.41.29:727][  0]LogUdpMessaging: Initializing bridge on interface 0.0.0.0:0 to multicast group 230.0.0.1:6666.
[2019.08.27-21.41.29:783][  0]SourceControl: Source control is disabled
[2019.08.27-21.41.29:783][  0]SourceControl: Source control is disabled
[2019.08.27-21.41.29:785][  0]SourceControl: Source control is disabled
[2019.08.27-21.41.29:786][  0]SourceControl: Source control is disabled
[2019.08.27-21.41.29:819][  0]LogStreaming: Warning: Failed to read file '../../../Engine/Plugins/Enterprise/DatasmithContent/Resources/Icons/HDRIBackdrop.png' error.
[2019.08.27-21.41.29:819][  0]LogSlate: Could not find file for Slate resource: ../../../Engine/Plugins/Enterprise/DatasmithContent/Resources/Icons/HDRIBackdrop.png
[2019.08.27-21.41.29:876][  0]LogAndroidPermission: UAndroidPermissionCallbackProxy::GetInstance
[2019.08.27-21.41.30:002][  0]LogOcInput: OculusInput pre-init called
[2019.08.27-21.41.30:006][  0]LogWindows: Failed to load 'OVRPlugin.dll' (GetLastError=126)
[2019.08.27-21.41.30:007][  0]LogWindows: File 'OVRPlugin.dll' does not exist
[2019.08.27-21.41.30:061][  0]LogEngine: Initializing Engine...
[2019.08.27-21.41.30:062][  0]LogHMD: Failed to initialize OpenVR with code 110
[2019.08.27-21.41.30:063][  0]LogStats: UGameplayTagsManager::InitializeManager -  0.000 s
[2019.08.27-21.41.30:261][  0]LogInit: Initializing FReadOnlyCVARCache
[2019.08.27-21.41.30:271][  0]LogAIModule: Creating AISystem for world Untitled
[2019.08.27-21.41.30:350][  0]LogInit: XAudio2 using 'Speakers (Razer Kraken TE - Game)' : 2 channels at 48 kHz using 16 bits per sample (channel mask 0x3)
[2019.08.27-21.41.30:367][  0]LogInit: FAudioDevice initialized.
[2019.08.27-21.41.30:367][  0]LogNetVersion: Set ProjectVersion to 1.0.0.0. Version Checksum will be recalculated on next use.
[2019.08.27-21.41.30:482][  0]LogDerivedDataCache: Saved boot cache 0.11s 73MB C:/Users/Paperjuice/AppData/Local/UnrealEngine/4.23/DerivedDataCache/Boot.ddc.
[2019.08.27-21.41.30:501][  0]LogInit: Texture streaming: Enabled
[2019.08.27-21.41.30:527][  0]LogEngineSessionManager: EngineSessionManager initialized
[2019.08.27-21.41.30:565][  0]LogInit: Transaction tracking system initialized
[2019.08.27-21.41.30:599][  0]BlueprintLog: New page: Editor Load
[2019.08.27-21.41.30:706][  0]LocalizationService: Localization service is disabled
[2019.08.27-21.41.30:784][  0]LogLinker: Warning: Failed to load '/Game/TopDownCPP/TopDownOverview': Can't find file.
[2019.08.27-21.41.30:784][  0]LogLinker: Warning: Failed to load '/Game/TopDownCPP/TopDownOverview': Can't find file.
[2019.08.27-21.41.30:784][  0]LogUObjectGlobals: Warning: Failed to find object 'Class /Game/TopDownCPP/TopDownOverview.TopDownOverview_C'
[2019.08.27-21.41.31:049][  0]LogFileCache: Scanning file cache for directory 'D:/PaperjuiceInc/SpiritDecay/SpiritDecay/Content/' took 0.00s
[2019.08.27-21.41.31:049][  0]LogCook: Display: Max memory allowance for cook 16384mb min free memory 0mb
[2019.08.27-21.41.31:049][  0]LogCook: Display: Mobile HDR setting 1
[2019.08.27-21.41.31:254][  0]SourceControl: Source control is disabled
[2019.08.27-21.41.31:254][  0]Cmd: MAP LOAD FILE="../../../Engine/Content/Maps/Templates/Template_Default.umap" TEMPLATE=1 SHOWPROGRESS=1 FEATURELEVEL=3
[2019.08.27-21.41.31:254][  0]LightingResults: New page: Lighting Build
[2019.08.27-21.41.31:256][  0]LogWorld: UWorld::CleanupWorld for Untitled, bSessionEnded=true, bCleanupResources=true
[2019.08.27-21.41.31:256][  0]MapCheck: New page: Map Check
[2019.08.27-21.41.31:256][  0]LightingResults: New page: Lighting Build
[2019.08.27-21.41.31:286][  0]LogUObjectHash: Compacting FUObjectHashTables data took   1.76ms
[2019.08.27-21.41.31:352][  0]LogAIModule: Creating AISystem for world Untitled_1
[2019.08.27-21.41.31:357][  0]LogEditorServer: Finished looking for orphan Actors (0.000 secs)
[2019.08.27-21.41.31:393][  0]LogUObjectHash: Compacting FUObjectHashTables data took   3.48ms
[2019.08.27-21.41.31:393][  0]Cmd: MAP CHECKDEP NOCLEARLOG
[2019.08.27-21.41.31:393][  0]MapCheck: Map check complete: 0 Error(s), 0 Warning(s), took 0.097ms to complete.
[2019.08.27-21.41.31:393][  0]LogFileHelpers: Loading map 'Template_Default' took 0.139
[2019.08.27-21.41.31:688][  0]LogSlate: Updating window title bar state: overlay mode, drag disabled, window buttons hidden, title bar hidden
[2019.08.27-21.41.31:695][  0]LogSlate: Updating window title bar state: overlay mode, drag disabled, window buttons hidden, title bar hidden
[2019.08.27-21.41.31:701][  0]LogSlate: Updating window title bar state: overlay mode, drag disabled, window buttons hidden, title bar hidden
[2019.08.27-21.41.31:706][  0]LogSlate: Updating window title bar state: overlay mode, drag disabled, window buttons hidden, title bar hidden
[2019.08.27-21.41.32:050][  0]LogCollectionManager: Loaded 0 collections in 0.001180 seconds
[2019.08.27-21.41.32:634][  0]LogFileCache: Scanning file cache for directory 'D:/PaperjuiceInc/SpiritDecay/SpiritDecay/Saved/Collections/' took 0.00s
[2019.08.27-21.41.32:634][  0]LogFileCache: Scanning file cache for directory 'D:/PaperjuiceInc/SpiritDecay/SpiritDecay/Content/Developers/Paperjuice/Collections/' took 0.00s
[2019.08.27-21.41.32:634][  0]LogFileCache: Scanning file cache for directory 'D:/PaperjuiceInc/SpiritDecay/SpiritDecay/Content/Collections/' took 0.00s
[2019.08.27-21.41.32:634][  0]LogCollectionManager: Rebuilt the GUID cache for 0 collections in 0.000003 seconds
[2019.08.27-21.41.32:646][  0]LogContentBrowser: Native class hierarchy populated in 0.0076 seconds. Added 2864 classes and 684 folders.
[2019.08.27-21.41.32:755][  0]LogContentBrowser: Native class hierarchy updated for 'WidgetCarousel' in 0.0003 seconds. Added 0 classes and 0 folders.
[2019.08.27-21.41.33:004][  0]LogContentBrowser: Native class hierarchy updated for 'AddContentDialog' in 0.0003 seconds. Added 0 classes and 0 folders.
[2019.08.27-21.41.39:297][  0]LogSlate: Only BGRA pngs, bmps or icos are supported in by External Image Picker
[2019.08.27-21.41.39:569][  0]LogSlate: Took 0.000226 seconds to synchronously load lazily loaded font '../../../Engine/Content/Slate/Fonts/Roboto-Regular.ttf' (155K)
[2019.08.27-21.41.39:817][  0]LogSlate: Took 0.000197 seconds to synchronously load lazily loaded font '../../../Engine/Content/Slate/Fonts/Roboto-Bold.ttf' (160K)
[2019.08.27-21.41.39:879][  0]LogSlate: Took 0.059945 seconds to synchronously load lazily loaded font '../../../Engine/Content/Editor/Slate/Fonts/FontAwesome.ttf' (139K)
[2019.08.27-21.41.41:301][  0]LogRenderer: Reallocating scene render targets to support 1480x540 Format 10 NumSamples 1 (Frame:1).
[2019.08.27-21.41.41:840][  0]LogContentBrowser: Native class hierarchy updated for 'HierarchicalLODOutliner' in 0.0006 seconds. Added 0 classes and 0 folders.
[2019.08.27-21.41.41:841][  0]LogLoad: (Engine Initialization) Total time: 17.58 seconds
[2019.08.27-21.41.41:841][  0]LogLoad: (Engine Initialization) Total Blueprint compile time: 0.00 seconds
[2019.08.27-21.41.41:910][  0]LogSlate: FSceneViewport::OnFocusLost() reason 0
[2019.08.27-21.41.41:911][  0]LogWindowsTextInputMethodSystem: Display: IME system now deactivated.
[2019.08.27-21.41.42:096][  0]LogContentStreaming: Texture pool size now 1000 MB
[2019.08.27-21.41.42:220][  1]LogAssetRegistry: Asset discovery search completed in 14.8431 seconds
[2019.08.27-21.41.42:225][  1]LogCollectionManager: Rebuilt the object cache for 0 collections in 0.000006 seconds (found 0 objects)
[2019.08.27-21.41.42:225][  1]LogCollectionManager: Fixed up redirectors for 0 collections in 0.000096 seconds (updated 0 objects)
[2019.08.27-21.41.43:915][ 93]LogRenderer: Reallocating scene render targets to support 1480x544 Format 10 NumSamples 1 (Frame:93).
[2019.08.27-21.41.43:971][ 95]LogRenderer: Reallocating scene render targets to support 1480x556 Format 10 NumSamples 1 (Frame:97).
[2019.08.27-21.41.44:017][ 96]LogRenderer: Reallocating scene render targets to support 1480x572 Format 10 NumSamples 1 (Frame:99).
[2019.08.27-21.41.44:052][ 97]LogRenderer: Reallocating scene render targets to support 1480x592 Format 10 NumSamples 1 (Frame:101).
[2019.08.27-21.41.44:098][ 98]LogRenderer: Reallocating scene render targets to support 1480x600 Format 10 NumSamples 1 (Frame:103).
[2019.08.27-21.41.44:134][ 99]LogRenderer: Reallocating scene render targets to support 1480x608 Format 10 NumSamples 1 (Frame:105).
[2019.08.27-21.41.44:234][105]LogRenderer: Reallocating scene render targets to support 1480x612 Format 10 NumSamples 1 (Frame:109).
[2019.08.27-21.42.21:060][852]LogSlate: Window 'Save Level As' being destroyed
[2019.08.27-21.42.21:105][852]LogSlate: Took 0.000209 seconds to synchronously load lazily loaded font '../../../Engine/Content/Slate/Fonts/Roboto-Light.ttf' (167K)
[2019.08.27-21.42.21:163][852]LogUObjectHash: Compacting FUObjectHashTables data took   1.48ms
[2019.08.27-21.42.21:175][852]Cmd: OBJ SAVEPACKAGE PACKAGE="/Game/Level1" FILE="../../../../../PaperjuiceInc/SpiritDecay/SpiritDecay/Content/Level1.umap" SILENT=true AUTOSAVING=false KEEPDIRTY=false
[2019.08.27-21.42.21:221][852]LogUObjectHash: Compacting FUObjectHashTables data took   1.09ms
[2019.08.27-21.42.21:663][852]LogSavePackage: Moving '../../../../../PaperjuiceInc/SpiritDecay/SpiritDecay/Saved/Level16F38AA7A409DB88EBA5F32A86D342E24.tmp' to '../../../../../PaperjuiceInc/SpiritDecay/SpiritDecay/Content/Level1.umap'
[2019.08.27-21.42.21:790][852]Cmd: OBJ SAVEPACKAGE PACKAGE="/Game/Level1_BuiltData" FILE="../../../../../PaperjuiceInc/SpiritDecay/SpiritDecay/Content/Level1_BuiltData.uasset" SILENT=true
[2019.08.27-21.42.21:803][852]LogSavePackage: Moving '../../../../../PaperjuiceInc/SpiritDecay/SpiritDecay/Saved/Level1_BuiltData4559C45843410DDF9420CE9EC5EE7965.tmp' to '../../../../../PaperjuiceInc/SpiritDecay/SpiritDecay/Content/Level1_BuiltData.uasset'
[2019.08.27-21.42.21:811][852]LogFileHelpers: Saving map 'Level1' took 0.708
[2019.08.27-21.42.22:109][852]LogSlate: Took 0.000157 seconds to synchronously load lazily loaded font '../../../Engine/Content/Slate/Fonts/Roboto-Light.ttf' (167K)
[2019.08.27-21.42.23:556][936]LogRenderer: Reallocating scene render targets to support 1484x612 Format 10 NumSamples 1 (Frame:1700).
[2019.08.27-21.42.23:582][937]LogRenderer: Reallocating scene render targets to support 1488x612 Format 10 NumSamples 1 (Frame:1702).
[2019.08.27-21.42.23:607][938]LogRenderer: Reallocating scene render targets to support 1496x612 Format 10 NumSamples 1 (Frame:1704).
[2019.08.27-21.42.23:648][939]LogRenderer: Reallocating scene render targets to support 1508x612 Format 10 NumSamples 1 (Frame:1706).
[2019.08.27-21.42.23:686][940]LogRenderer: Reallocating scene render targets to support 1520x612 Format 10 NumSamples 1 (Frame:1708).
[2019.08.27-21.42.23:721][941]LogRenderer: Reallocating scene render targets to support 1524x612 Format 10 NumSamples 1 (Frame:1710).
[2019.08.27-21.42.30:624][354]Cmd: OBJ SAVEPACKAGE PACKAGE="/Game/Level1" FILE="../../../../../PaperjuiceInc/SpiritDecay/SpiritDecay/Content/Level1.umap" SILENT=true AUTOSAVING=false KEEPDIRTY=false
[2019.08.27-21.42.30:655][354]LogUObjectHash: Compacting FUObjectHashTables data took   1.59ms
[2019.08.27-21.42.30:749][354]LogSavePackage: Moving '../../../../../PaperjuiceInc/SpiritDecay/SpiritDecay/Saved/Level133FB54A9452641C49D8A8CA6F991F99A.tmp' to '../../../../../PaperjuiceInc/SpiritDecay/SpiritDecay/Content/Level1.umap'
[2019.08.27-21.42.30:763][354]Cmd: OBJ SAVEPACKAGE PACKAGE="/Game/Level1_BuiltData" FILE="../../../../../PaperjuiceInc/SpiritDecay/SpiritDecay/Content/Level1_BuiltData.uasset" SILENT=true
[2019.08.27-21.42.30:814][354]LogSavePackage: Moving '../../../../../PaperjuiceInc/SpiritDecay/SpiritDecay/Saved/Level1_BuiltDataA179A4BC4C1C636C7FCCC683057F7DA8.tmp' to '../../../../../PaperjuiceInc/SpiritDecay/SpiritDecay/Content/Level1_BuiltData.uasset'
[2019.08.27-21.42.39:397][856]LogSlate: FSceneViewport::OnFocusLost() reason 5
[2019.08.27-21.42.39:412][856]Cmd: OBJ SAVEPACKAGE PACKAGE="/Game/Level1" FILE="../../../../../PaperjuiceInc/SpiritDecay/SpiritDecay/Content/Level1.umap" SILENT=true AUTOSAVING=false KEEPDIRTY=false
[2019.08.27-21.42.39:440][856]LogUObjectHash: Compacting FUObjectHashTables data took   1.66ms
[2019.08.27-21.42.39:529][856]LogSavePackage: Moving '../../../../../PaperjuiceInc/SpiritDecay/SpiritDecay/Saved/Level14AD663B342771C54FD18B4AFCDA1CE06.tmp' to '../../../../../PaperjuiceInc/SpiritDecay/SpiritDecay/Content/Level1.umap'
[2019.08.27-21.42.39:543][856]Cmd: OBJ SAVEPACKAGE PACKAGE="/Game/Level1_BuiltData" FILE="../../../../../PaperjuiceInc/SpiritDecay/SpiritDecay/Content/Level1_BuiltData.uasset" SILENT=true
[2019.08.27-21.42.39:557][856]LogSavePackage: Moving '../../../../../PaperjuiceInc/SpiritDecay/SpiritDecay/Saved/Level1_BuiltData7F99629C4EF066CFE8145EBD4997E90C.tmp' to '../../../../../PaperjuiceInc/SpiritDecay/SpiritDecay/Content/Level1_BuiltData.uasset'
[2019.08.27-21.42.54:246][708]LogUObjectHash: Compacting FUObjectHashTables data took   1.72ms
[2019.08.27-21.42.54:302][708]LogSlate: Window 'SpiritDecay - Unreal Editor' being destroyed
[2019.08.27-21.42.54:302][708]LogWindowsTextInputMethodSystem: Display: IME system now deactivated.
[2019.08.27-21.42.54:495][709]Cmd: QUIT_EDITOR
[2019.08.27-21.42.54:548][709]LogExit: Preparing to exit.
[2019.08.27-21.42.54:782][709]LogWorld: UWorld::CleanupWorld for World_0, bSessionEnded=true, bCleanupResources=true
[2019.08.27-21.42.54:782][709]LogWorld: UWorld::CleanupWorld for World_1, bSessionEnded=true, bCleanupResources=true
[2019.08.27-21.42.54:787][709]LogDemo: Cleaned up 0 splitscreen connections with owner deletion
[2019.08.27-21.42.54:793][709]LogWorld: UWorld::CleanupWorld for None, bSessionEnded=true, bCleanupResources=true
[2019.08.27-21.42.54:793][709]LogExit: Editor shut down
[2019.08.27-21.42.54:793][709]LogExit: Transaction tracking system shut down
[2019.08.27-21.42.54:975][709]LogExit: Object subsystem successfully closed.
[2019.08.27-21.42.55:012][709]LogShaderCompilers: Display: Shaders left to compile 0
[2019.08.27-21.42.55:029][709]LogModuleManager: Shutting down and abandoning module HierarchicalLODOutliner (674)
[2019.08.27-21.42.55:029][709]LogModuleManager: Shutting down and abandoning module ExternalImagePicker (672)
[2019.08.27-21.42.55:029][709]LogModuleManager: Shutting down and abandoning module AddContentDialog (670)
[2019.08.27-21.42.55:030][709]LogModuleManager: Shutting down and abandoning module WidgetCarousel (669)
[2019.08.27-21.42.55:030][709]LogModuleManager: Shutting down and abandoning module EditorWidgets (666)
[2019.08.27-21.42.55:030][709]LogModuleManager: Shutting down and abandoning module CollectionManager (664)
[2019.08.27-21.42.55:030][709]LogModuleManager: Shutting down and abandoning module SceneOutliner (662)
[2019.08.27-21.42.55:030][709]LogModuleManager: Shutting down and abandoning module HierarchicalLODUtilities (660)
[2019.08.27-21.42.55:030][709]LogModuleManager: Shutting down and abandoning module StatsViewer (658)
[2019.08.27-21.42.55:030][709]LogModuleManager: Shutting down and abandoning module VirtualTexturingEditor (656)
[2019.08.27-21.42.55:030][709]LogModuleManager: Shutting down and abandoning module FoliageEdit (654)
[2019.08.27-21.42.55:030][709]LogModuleManager: Shutting down and abandoning module LandscapeEditor (652)
[2019.08.27-21.42.55:030][709]LogModuleManager: Shutting down and abandoning module MeshPaintMode (650)
[2019.08.27-21.42.55:030][709]LogModuleManager: Shutting down and abandoning module SceneDepthPickerMode (648)
[2019.08.27-21.42.55:030][709]LogModuleManager: Shutting down and abandoning module ActorPickerMode (646)
[2019.08.27-21.42.55:030][709]LogModuleManager: Shutting down and abandoning module GeometryMode (644)
[2019.08.27-21.42.55:030][709]LogModuleManager: Shutting down and abandoning module TextureAlignMode (642)
[2019.08.27-21.42.55:030][709]LogModuleManager: Shutting down and abandoning module BspMode (640)
[2019.08.27-21.42.55:030][709]LogModuleManager: Shutting down and abandoning module PIEPreviewDeviceProfileSelector (638)
[2019.08.27-21.42.55:030][709]LogModuleManager: Shutting down and abandoning module SequenceRecorderSections (636)
[2019.08.27-21.42.55:030][709]LogModuleManager: Shutting down and abandoning module AutomationWorker (634)
[2019.08.27-21.42.55:030][709]LogModuleManager: Shutting down and abandoning module OculusMR (632)
[2019.08.27-21.42.55:030][709]LogModuleManager: Shutting down and abandoning module AudioCaptureEditor (630)
[2019.08.27-21.42.55:030][709]LogModuleManager: Shutting down and abandoning module MatineeToLevelSequence (628)
[2019.08.27-21.42.55:030][709]LogModuleManager: Shutting down and abandoning module LevelSequenceEditor (626)
[2019.08.27-21.42.55:030][709]LogModuleManager: Shutting down and abandoning module PlacementMode (625)
[2019.08.27-21.42.55:030][709]LogModuleManager: Shutting down and abandoning module MaterialEditor (624)
[2019.08.27-21.42.55:030][709]LogModuleManager: Shutting down and abandoning module ActorSequenceEditor (620)
[2019.08.27-21.42.55:030][709]LogModuleManager: Shutting down and abandoning module WmfMediaFactory (618)
[2019.08.27-21.42.55:030][709]LogModuleManager: Shutting down and abandoning module WmfMediaEditor (616)
[2019.08.27-21.42.55:030][709]LogModuleManager: Shutting down and abandoning module WebMMediaFactory (614)
[2019.08.27-21.42.55:030][709]LogModuleManager: Shutting down and abandoning module WebMMediaEditor (612)
[2019.08.27-21.42.55:030][709]LogModuleManager: Shutting down and abandoning module WebMMedia (610)
[2019.08.27-21.42.55:030][709]LogModuleManager: Shutting down and abandoning module MediaPlayerEditor (608)
[2019.08.27-21.42.55:031][709]LogModuleManager: Shutting down and abandoning module MediaCompositingEditor (606)
[2019.08.27-21.42.55:031][709]LogModuleManager: Shutting down and abandoning module SequenceRecorder (605)
[2019.08.27-21.42.55:031][709]LogModuleManager: Shutting down and abandoning module OpenExrWrapper (602)
[2019.08.27-21.42.55:031][709]LogModuleManager: Shutting down and abandoning module ImgMediaFactory (600)
[2019.08.27-21.42.55:031][709]LogModuleManager: Shutting down and abandoning module ImgMediaEditor (598)
[2019.08.27-21.42.55:031][709]LogModuleManager: Shutting down and abandoning module AvfMediaFactory (596)
[2019.08.27-21.42.55:031][709]LogModuleManager: Shutting down and abandoning module AvfMediaEditor (594)
[2019.08.27-21.42.55:031][709]LogModuleManager: Shutting down and abandoning module AndroidMediaFactory (592)
[2019.08.27-21.42.55:031][709]LogModuleManager: Shutting down and abandoning module AndroidMediaEditor (590)
[2019.08.27-21.42.55:031][709]LogModuleManager: Shutting down and abandoning module MagicLeapCameraPreviewFactory (588)
[2019.08.27-21.42.55:031][709]LogModuleManager: Shutting down and abandoning module MagicLeapMediaCodecFactory (586)
[2019.08.27-21.42.55:031][709]LogModuleManager: Shutting down and abandoning module MagicLeapMediaFactory (584)
[2019.08.27-21.42.55:031][709]LogModuleManager: Shutting down and abandoning module MagicLeapMediaEditor (582)
[2019.08.27-21.42.55:031][709]LogModuleManager: Shutting down and abandoning module CharacterAI (580)
[2019.08.27-21.42.55:031][709]LogModuleManager: Shutting down and abandoning module SmartSnapping (578)
[2019.08.27-21.42.55:031][709]LogModuleManager: Shutting down and abandoning module SessionServices (576)
[2019.08.27-21.42.55:031][709]LogModuleManager: Shutting down and abandoning module MeshPaint (574)
[2019.08.27-21.42.55:031][709]LogModuleManager: Shutting down and abandoning module ViewportSnapping (572)
[2019.08.27-21.42.55:031][709]LogModuleManager: Shutting down and abandoning module ViewportInteraction (570)
[2019.08.27-21.42.55:031][709]LogModuleManager: Shutting down and abandoning module ClothPainter (568)
[2019.08.27-21.42.55:031][709]LogModuleManager: Shutting down and abandoning module SkeletalMeshEditor (567)
[2019.08.27-21.42.55:031][709]LogModuleManager: Shutting down and abandoning module LogVisualizer (564)
[2019.08.27-21.42.55:031][709]LogModuleManager: Shutting down and abandoning module IntroTutorials (562)
[2019.08.27-21.42.55:052][709]LogModuleManager: Shutting down and abandoning module GameProjectGeneration (561)
[2019.08.27-21.42.55:052][709]LogModuleManager: Shutting down and abandoning module LuminPlatformEditor (558)
[2019.08.27-21.42.55:052][709]LogModuleManager: Shutting down and abandoning module IOSPlatformEditor (556)
[2019.08.27-21.42.55:052][709]LogModuleManager: Shutting down and abandoning module HTML5PlatformEditor (554)
[2019.08.27-21.42.55:052][709]LogModuleManager: Shutting down and abandoning module AndroidPlatformEditor (552)
[2019.08.27-21.42.55:052][709]LogModuleManager: Shutting down and abandoning module AndroidDeviceDetection (551)
[2019.08.27-21.42.55:815][709]LogModuleManager: Shutting down and abandoning module WindowsPlatformEditor (548)
[2019.08.27-21.42.55:815][709]LogModuleManager: Shutting down and abandoning module LuminRuntimeSettings (546)
[2019.08.27-21.42.55:815][709]LogModuleManager: Shutting down and abandoning module IOSRuntimeSettings (544)
[2019.08.27-21.42.55:815][709]LogModuleManager: Shutting down and abandoning module AndroidRuntimeSettings (542)
[2019.08.27-21.42.55:815][709]LogModuleManager: Shutting down and abandoning module TimeManagementEditor (540)
[2019.08.27-21.42.55:815][709]LogModuleManager: Shutting down and abandoning module InputBindingEditor (538)
[2019.08.27-21.42.55:815][709]LogModuleManager: Shutting down and abandoning module MergeActors (536)
[2019.08.27-21.42.55:815][709]LogModuleManager: Shutting down and abandoning module LocalizationDashboard (534)
[2019.08.27-21.42.55:815][709]LogModuleManager: Shutting down and abandoning module LocalizationService (533)
[2019.08.27-21.42.55:823][709]LogModuleManager: Shutting down and abandoning module HardwareTargeting (530)
[2019.08.27-21.42.55:823][709]LogModuleManager: Shutting down and abandoning module DeviceProfileEditor (528)
[2019.08.27-21.42.55:823][709]LogModuleManager: Shutting down and abandoning module UndoHistory (526)
[2019.08.27-21.42.55:823][709]LogModuleManager: Shutting down and abandoning module XmlParser (524)
[2019.08.27-21.42.55:823][709]LogModuleManager: Shutting down and abandoning module Blutility (522)
[2019.08.27-21.42.55:823][709]LogModuleManager: Shutting down and abandoning module ProjectSettingsViewer (520)
[2019.08.27-21.42.55:823][709]LogModuleManager: Shutting down and abandoning module ProjectTargetPlatformEditor (519)
[2019.08.27-21.42.55:823][709]LogModuleManager: Shutting down and abandoning module EditorSettingsViewer (516)
[2019.08.27-21.42.55:823][709]LogModuleManager: Shutting down and abandoning module SettingsEditor (514)
[2019.08.27-21.42.55:823][709]LogModuleManager: Shutting down and abandoning module ProjectLauncher (512)
[2019.08.27-21.42.55:823][709]LogModuleManager: Shutting down and abandoning module SessionFrontend (510)
[2019.08.27-21.42.55:823][709]LogModuleManager: Shutting down and abandoning module ProfilerClient (508)
[2019.08.27-21.42.55:823][709]LogModuleManager: Shutting down and abandoning module DeviceManager (506)
[2019.08.27-21.42.55:823][709]LogModuleManager: Shutting down and abandoning module TargetDeviceServices (505)
[2019.08.27-21.42.55:889][709]LogModuleManager: Shutting down and abandoning module AutomationController (502)
[2019.08.27-21.42.55:889][709]LogModuleManager: Shutting down and abandoning module AutomationWindow (500)
[2019.08.27-21.42.55:889][709]LogModuleManager: Shutting down and abandoning module Layers (498)
[2019.08.27-21.42.55:889][709]LogModuleManager: Shutting down and abandoning module ComponentVisualizers (496)
[2019.08.27-21.42.55:889][709]LogModuleManager: Shutting down and abandoning module DetailCustomizations (494)
[2019.08.27-21.42.55:889][709]LogModuleManager: Shutting down and abandoning module PackagesDialog (492)
[2019.08.27-21.42.55:889][709]LogModuleManager: Shutting down and abandoning module AnimationBlueprintEditor (490)
[2019.08.27-21.42.55:889][709]LogModuleManager: Shutting down and abandoning module Persona (488)
[2019.08.27-21.42.55:889][709]LogModuleManager: Shutting down and abandoning module AdvancedPreviewScene (487)
[2019.08.27-21.42.55:889][709]LogModuleManager: Shutting down and abandoning module AnimGraph (485)
[2019.08.27-21.42.55:889][709]LogModuleManager: Shutting down and abandoning module Kismet (482)
[2019.08.27-21.42.55:889][709]LogModuleManager: Shutting down and abandoning module KismetWidgets (481)
[2019.08.27-21.42.55:889][709]LogModuleManager: Shutting down and abandoning module GraphEditor (478)
[2019.08.27-21.42.55:889][709]LogModuleManager: Shutting down and abandoning module StructViewer (476)
[2019.08.27-21.42.55:889][709]LogModuleManager: Shutting down and abandoning module ClassViewer (474)
[2019.08.27-21.42.55:889][709]LogModuleManager: Shutting down and abandoning module Toolbox (472)
[2019.08.27-21.42.55:889][709]LogModuleManager: Shutting down and abandoning module DesktopPlatform (471)
[2019.08.27-21.42.55:889][709]LogModuleManager: Shutting down and abandoning module ModuleUI (468)
[2019.08.27-21.42.55:889][709]LogModuleManager: Shutting down and abandoning module MovieSceneTools (466)
[2019.08.27-21.42.55:889][709]LogModuleManager: Shutting down and abandoning module OutputLog (464)
[2019.08.27-21.42.55:889][709]LogModuleManager: Shutting down and abandoning module GammaUI (462)
[2019.08.27-21.42.55:890][709]LogModuleManager: Shutting down and abandoning module Documentation (460)
[2019.08.27-21.42.55:890][709]LogModuleManager: Shutting down and abandoning module LiveCoding (458)
[2019.08.27-21.42.55:890][709]LogModuleManager: Shutting down and abandoning module LevelSequence (456)
[2019.08.27-21.42.55:890][709]LogModuleManager: Shutting down and abandoning module MovieSceneTracks (454)
[2019.08.27-21.42.55:890][709]LogModuleManager: Shutting down and abandoning module MovieScene (452)
[2019.08.27-21.42.55:890][709]LogModuleManager: Shutting down and abandoning module StreamingPauseRendering (450)
[2019.08.27-21.42.55:890][709]LogModuleManager: Shutting down and abandoning module LauncherPlatform (448)
[2019.08.27-21.42.55:890][709]LogModuleManager: Shutting down and abandoning module AnalyticsET (446)
[2019.08.27-21.42.55:890][709]LogModuleManager: Shutting down and abandoning module PortalServices (444)
[2019.08.27-21.42.55:890][709]LogModuleManager: Shutting down and abandoning module PortalRpc (442)
[2019.08.27-21.42.55:890][709]LogModuleManager: Shutting down and abandoning module MessagingRpc (440)
[2019.08.27-21.42.55:890][709]LogModuleManager: Shutting down and abandoning module AIModule (438)
[2019.08.27-21.42.55:890][709]LogModuleManager: Shutting down and abandoning module GameplayDebugger (437)
[2019.08.27-21.42.55:890][709]LogModuleManager: Shutting down and abandoning module AITestSuite (435)
[2019.08.27-21.42.55:890][709]LogModuleManager: Shutting down and abandoning module NavigationSystem (433)
[2019.08.27-21.42.55:890][709]LogModuleManager: Shutting down and abandoning module ImageWriteQueue (430)
[2019.08.27-21.42.55:893][709]LogModuleManager: Shutting down and abandoning module ProfilerService (428)
[2019.08.27-21.42.55:941][709]LogModuleManager: Shutting down and abandoning module TaskGraph (426)
[2019.08.27-21.42.55:941][709]LogModuleManager: Shutting down and abandoning module ScreenshotTools (424)
[2019.08.27-21.42.55:941][709]LogModuleManager: Shutting down and abandoning module SteamVRController (422)
[2019.08.27-21.42.55:941][709]LogModuleManager: Shutting down and abandoning module ProceduralMeshComponentEditor (420)
[2019.08.27-21.42.55:941][709]LogModuleManager: Shutting down and abandoning module ProceduralMeshComponent (418)
[2019.08.27-21.42.55:941][709]LogModuleManager: Shutting down and abandoning module OculusEditor (416)
[2019.08.27-21.42.55:941][709]LogModuleManager: Shutting down and abandoning module OculusInput (414)
[2019.08.27-21.42.55:941][709]LogModuleManager: Shutting down and abandoning module MobilePatchingUtils (412)
[2019.08.27-21.42.55:941][709]LogModuleManager: Shutting down and abandoning module EditableMesh (410)
[2019.08.27-21.42.55:941][709]LogModuleManager: Shutting down and abandoning module CustomMeshComponent (408)
[2019.08.27-21.42.55:941][709]LogModuleManager: Shutting down and abandoning module CableComponent (406)
[2019.08.27-21.42.55:941][709]LogModuleManager: Shutting down and abandoning module AudioCapture (404)
[2019.08.27-21.42.55:941][709]LogModuleManager: Shutting down and abandoning module ArchVisCharacter (402)
[2019.08.27-21.42.55:942][709]LogModuleManager: Shutting down and abandoning module AppleImageUtilsBlueprintSupport (400)
[2019.08.27-21.42.55:942][709]LogModuleManager: Shutting down and abandoning module AppleImageUtils (398)
[2019.08.27-21.42.55:942][709]LogModuleManager: Shutting down and abandoning module AndroidPermission (396)
[2019.08.27-21.42.55:942][709]LogModuleManager: Shutting down and abandoning module NUTUnrealEngine4 (394)
[2019.08.27-21.42.55:942][709]LogModuleManager: Shutting down and abandoning module NetcodeUnitTest (392)
[2019.08.27-21.42.55:942][709]LogModuleManager: Shutting down and abandoning module MediaCompositing (390)
[2019.08.27-21.42.55:942][709]LogModuleManager: Shutting down and abandoning module ImgMedia (388)
[2019.08.27-21.42.55:942][709]LogModuleManager: Shutting down and abandoning module MagicLeapHelperVulkan (386)
[2019.08.27-21.42.55:942][709]LogModuleManager: Shutting down and abandoning module MagicLeapHelperOpenGL (384)
[2019.08.27-21.42.55:942][709]LogModuleManager: Shutting down and abandoning module MagicLeapAudio (382)
[2019.08.27-21.42.55:942][709]LogModuleManager: Shutting down and abandoning module HTML5Networking (380)
[2019.08.27-21.42.55:942][709]LogModuleManager: Shutting down and abandoning module GeometryCacheTracks (378)
[2019.08.27-21.42.55:942][709]LogModuleManager: Shutting down and abandoning module GeometryCacheSequencer (376)
[2019.08.27-21.42.55:942][709]LogModuleManager: Shutting down and abandoning module BackChannel (374)
[2019.08.27-21.42.55:942][709]LogModuleManager: Shutting down and abandoning module AutomationUtilsEditor (372)
[2019.08.27-21.42.55:942][709]LogModuleManager: Shutting down and abandoning module AutomationUtils (370)
[2019.08.27-21.42.55:942][709]LogModuleManager: Shutting down and abandoning module AlembicImporter (368)
[2019.08.27-21.42.55:942][709]LogModuleManager: Shutting down and abandoning module AlembicLibrary (367)
[2019.08.27-21.42.55:942][709]LogModuleManager: Shutting down and abandoning module GeometryCache (366)
[2019.08.27-21.42.55:942][709]LogModuleManager: Shutting down and abandoning module GeometryCacheEd (365)
[2019.08.27-21.42.55:942][709]LogModuleManager: Shutting down and abandoning module VariantManagerContent (360)
[2019.08.27-21.42.55:942][709]LogModuleManager: Shutting down and abandoning module DatasmithContentEditor (358)
[2019.08.27-21.42.55:942][709]LogModuleManager: Shutting down and abandoning module SpeedTreeImporter (356)
[2019.08.27-21.42.55:942][709]LogModuleManager: Shutting down and abandoning module PluginBrowser (354)
[2019.08.27-21.42.55:942][709]LogModuleManager: Shutting down and abandoning module MobileLauncherProfileWizard (352)
[2019.08.27-21.42.55:942][709]LogModuleManager: Shutting down and abandoning module MaterialAnalyzer (350)
[2019.08.27-21.42.55:942][709]LogModuleManager: Shutting down and abandoning module CurveEditorTools (348)
[2019.08.27-21.42.55:942][709]LogModuleManager: Shutting down and abandoning module CurveEditor (347)
[2019.08.27-21.42.55:942][709]LogModuleManager: Shutting down and abandoning module CryptoKeysOpenSSL (344)
[2019.08.27-21.42.55:942][709]LogModuleManager: Shutting down and abandoning module CryptoKeys (342)
[2019.08.27-21.42.55:942][709]LogModuleManager: Shutting down and abandoning module VisualStudioSourceCodeAccess (340)
[2019.08.27-21.42.55:942][709]LogModuleManager: Shutting down and abandoning module VisualStudioCodeSourceCodeAccess (338)
[2019.08.27-21.42.55:942][709]LogModuleManager: Shutting down and abandoning module UObjectPlugin (336)
[2019.08.27-21.42.55:942][709]LogModuleManager: Shutting down and abandoning module SubversionSourceControl (334)
[2019.08.27-21.42.55:942][709]LogModuleManager: Shutting down and abandoning module PerforceSourceControl (332)
[2019.08.27-21.42.55:942][709]LogModuleManager: Shutting down and abandoning module GitSourceControl (330)
[2019.08.27-21.42.55:942][709]LogModuleManager: Shutting down and abandoning module SourceControl (329)
[2019.08.27-21.42.55:942][709]LogModuleManager: Shutting down and abandoning module CLionSourceCodeAccess (326)
[2019.08.27-21.42.55:942][709]LogModuleManager: Shutting down and abandoning module AnimationSharingEd (324)
[2019.08.27-21.42.55:942][709]LogModuleManager: Shutting down and abandoning module ActorLayerUtilitiesEditor (322)
[2019.08.27-21.42.55:942][709]LogModuleManager: Shutting down and abandoning module ActorLayerUtilities (320)
[2019.08.27-21.42.55:942][709]LogModuleManager: Shutting down and abandoning module LightPropagationVolumeEditor (318)
[2019.08.27-21.42.55:942][709]LogModuleManager: Shutting down and abandoning module PaperTiledImporter (316)
[2019.08.27-21.42.55:942][709]LogModuleManager: Shutting down and abandoning module PaperSpriteSheetImporter (314)
[2019.08.27-21.42.55:942][709]LogModuleManager: Shutting down and abandoning module Paper2DEditor (312)
[2019.08.27-21.42.55:943][709]LogModuleManager: Shutting down and abandoning module SpiritDecay (310)
[2019.08.27-21.42.55:943][709]LogModuleManager: Shutting down and abandoning module SignificanceManager (308)
[2019.08.27-21.42.55:943][709]LogModuleManager: Shutting down and abandoning module RuntimePhysXCooking (306)
[2019.08.27-21.42.55:943][709]LogModuleManager: Shutting down and abandoning module PhysXVehiclesEditor (304)
[2019.08.27-21.42.55:943][709]LogModuleManager: Shutting down and abandoning module LocationServicesBPLibrary (300)
[2019.08.27-21.42.55:943][709]LogModuleManager: Shutting down and abandoning module ActorSequence (298)
[2019.08.27-21.42.55:943][709]LogModuleManager: Shutting down and abandoning module UdpMessaging (296)
[2019.08.27-21.42.56:044][709]LogModuleManager: Shutting down and abandoning module TcpMessaging (294)
[2019.08.27-21.42.56:144][709]LogModuleManager: Shutting down and abandoning module MagicLeapIdentity (292)
[2019.08.27-21.42.56:144][709]LogModuleManager: Shutting down and abandoning module MagicLeapSecureStorage (290)
[2019.08.27-21.42.56:144][709]LogModuleManager: Shutting down and abandoning module MagicLeapHandTracking (288)
[2019.08.27-21.42.56:144][709]LogModuleManager: Shutting down and abandoning module MagicLeapEyeTracker (286)
[2019.08.27-21.42.56:144][709]LogModuleManager: Shutting down and abandoning module MagicLeapController (284)
[2019.08.27-21.42.56:144][709]LogSlate: Slate User Destroyed.  User Index 0, Is Virtual User: 0
[2019.08.27-21.42.56:144][709]LogModuleManager: Shutting down and abandoning module MagicLeapAR (282)
[2019.08.27-21.42.56:144][709]LogModuleManager: Shutting down and abandoning module AugmentedReality (281)
[2019.08.27-21.42.56:144][709]LogModuleManager: Shutting down and abandoning module GameplayTagsEditor (278)
[2019.08.27-21.42.56:144][709]LogModuleManager: Shutting down and abandoning module FacialAnimationEditor (276)
[2019.08.27-21.42.56:144][709]LogModuleManager: Shutting down and abandoning module FacialAnimation (274)
[2019.08.27-21.42.56:144][709]LogModuleManager: Shutting down and abandoning module DataValidation (272)
[2019.08.27-21.42.56:144][709]LogModuleManager: Shutting down and abandoning module AssetManagerEditor (270)
[2019.08.27-21.42.56:144][709]LogModuleManager: Shutting down and abandoning module LevelEditor (269)
[2019.08.27-21.42.56:145][709]LogModuleManager: Shutting down and abandoning module PixelInspectorModule (268)
[2019.08.27-21.42.56:145][709]LogModuleManager: Shutting down and abandoning module CommonMenuExtensions (266)
[2019.08.27-21.42.56:145][709]LogModuleManager: Shutting down and abandoning module MainFrame (264)
[2019.08.27-21.42.56:145][709]LogModuleManager: Shutting down and abandoning module HotReload (263)
[2019.08.27-21.42.56:146][709]LogModuleManager: Shutting down and abandoning module ContentBrowser (259)
[2019.08.27-21.42.56:147][709]LogModuleManager: Shutting down and abandoning module TreeMap (257)
[2019.08.27-21.42.56:147][709]LogModuleManager: Shutting down and abandoning module AnimationSharing (254)
[2019.08.27-21.42.56:147][709]LogModuleManager: Shutting down and abandoning module LightPropagationVolumeRuntime (252)
[2019.08.27-21.42.56:147][709]LogModuleManager: Shutting down and abandoning module Paper2D (250)
[2019.08.27-21.42.56:147][709]LogModuleManager: Shutting down and abandoning module WindowsMoviePlayer (248)
[2019.08.27-21.42.56:151][709]LogModuleManager: Shutting down and abandoning module WebMMoviePlayer (246)
[2019.08.27-21.42.56:151][709]LogModuleManager: Shutting down and abandoning module NetworkReplayStreaming (244)
[2019.08.27-21.42.56:151][709]LogModuleManager: Shutting down and abandoning module PacketHandler (242)
[2019.08.27-21.42.56:151][709]LogModuleManager: Shutting down and abandoning module ClothingSystemEditor (240)
[2019.08.27-21.42.56:151][709]LogModuleManager: Shutting down and abandoning module ClothingSystemRuntime (238)
[2019.08.27-21.42.56:151][709]LogModuleManager: Shutting down and abandoning module MediaAssets (236)
[2019.08.27-21.42.56:151][709]LogModuleManager: Shutting down and abandoning module Overlay (234)
[2019.08.27-21.42.56:151][709]LogModuleManager: Shutting down and abandoning module OverlayEditor (233)
[2019.08.27-21.42.56:151][709]LogModuleManager: Shutting down and abandoning module VREditor (230)
[2019.08.27-21.42.56:151][709]LogModuleManager: Shutting down and abandoning module StringTableEditor (228)
[2019.08.27-21.42.56:151][709]LogModuleManager: Shutting down and abandoning module GameplayTasksEditor (226)
[2019.08.27-21.42.56:151][709]LogModuleManager: Shutting down and abandoning module BehaviorTreeEditor (224)
[2019.08.27-21.42.56:151][709]LogModuleManager: Shutting down and abandoning module FunctionalTesting (222)
[2019.08.27-21.42.56:151][709]LogModuleManager: Shutting down and abandoning module CollisionAnalyzer (220)
[2019.08.27-21.42.56:151][709]LogModuleManager: Shutting down and abandoning module WorkspaceMenuStructure (219)
[2019.08.27-21.42.56:151][709]LogModuleManager: Shutting down and abandoning module UMG (216)
[2019.08.27-21.42.56:151][709]LogModuleManager: Shutting down and abandoning module UMGEditor (215)
[2019.08.27-21.42.56:151][709]LogModuleManager: Shutting down and abandoning module Sequencer (214)
[2019.08.27-21.42.56:151][709]LogModuleManager: Shutting down and abandoning module MessageLog (211)
[2019.08.27-21.42.56:151][709]LogModuleManager: Shutting down and abandoning module SlateReflector (206)
[2019.08.27-21.42.56:151][709]LogModuleManager: Shutting down and abandoning module Slate (204)
[2019.08.27-21.42.56:151][709]LogModuleManager: Shutting down and abandoning module LandscapeEditorUtilities (202)
[2019.08.27-21.42.56:151][709]LogModuleManager: Shutting down and abandoning module EditorStyle (200)
[2019.08.27-21.42.56:152][709]LogModuleManager: Shutting down and abandoning module UnrealEd (198)
[2019.08.27-21.42.56:152][709]LogModuleManager: Shutting down and abandoning module MRMesh (196)
[2019.08.27-21.42.56:152][709]LogModuleManager: Shutting down and abandoning module SourceCodeAccess (194)
[2019.08.27-21.42.56:152][709]LogModuleManager: Shutting down and abandoning module HeadMountedDisplay (192)
[2019.08.27-21.42.56:152][709]LogModuleManager: Shutting down and abandoning module XAudio2 (190)
[2019.08.27-21.42.56:152][709]LogModuleManager: Shutting down and abandoning module Networking (188)
[2019.08.27-21.42.56:152][709]LogModuleManager: Shutting down and abandoning module Core (186)
[2019.08.27-21.42.56:152][709]LogModuleManager: Shutting down and abandoning module KismetCompiler (184)
[2019.08.27-21.42.56:152][709]LogModuleManager: Shutting down and abandoning module MeshUtilities (182)
[2019.08.27-21.42.56:152][709]LogModuleManager: Shutting down and abandoning module MeshMergeUtilities (181)
[2019.08.27-21.42.56:152][709]LogModuleManager: Shutting down and abandoning module MeshReductionInterface (180)
[2019.08.27-21.42.56:152][709]LogModuleManager: Shutting down and abandoning module SkeletalMeshReduction (179)
[2019.08.27-21.42.56:152][709]LogModuleManager: Shutting down and abandoning module ProxyLODMeshReduction (177)
[2019.08.27-21.42.56:152][709]LogModuleManager: Shutting down and abandoning module QuadricMeshReduction (175)
[2019.08.27-21.42.56:152][709]LogModuleManager: Shutting down and abandoning module MaterialBaking (171)
[2019.08.27-21.42.56:152][709]LogModuleManager: Shutting down and abandoning module NullInstallBundleManager (166)
[2019.08.27-21.42.56:152][709]LogModuleManager: Shutting down and abandoning module DerivedDataCache (164)
[2019.08.27-21.42.56:396][709]LogDerivedDataCache: Shutdown
[2019.08.27-21.42.56:396][709]LogModuleManager: Shutting down and abandoning module XGEController (162)
[2019.08.27-21.42.56:396][709]LogModuleManager: Shutting down and abandoning module TargetPlatform (160)
[2019.08.27-21.42.56:396][709]LogModuleManager: Shutting down and abandoning module VulkanShaderFormat (159)
[2019.08.27-21.42.56:396][709]LogModuleManager: Shutting down and abandoning module ShaderFormatVectorVM (157)
[2019.08.27-21.42.56:396][709]LogModuleManager: Shutting down and abandoning module ShaderFormatOpenGL (155)
[2019.08.27-21.42.56:396][709]LogModuleManager: Shutting down and abandoning module ShaderFormatD3D (153)
[2019.08.27-21.42.56:396][709]LogModuleManager: Shutting down and abandoning module MetalShaderFormat (151)
[2019.08.27-21.42.56:396][709]LogModuleManager: Shutting down and abandoning module TextureFormatUncompressed (149)
[2019.08.27-21.42.56:396][709]LogModuleManager: Shutting down and abandoning module TextureFormatPVR (147)
[2019.08.27-21.42.56:396][709]LogModuleManager: Shutting down and abandoning module TextureFormatDXT (145)
[2019.08.27-21.42.56:396][709]LogModuleManager: Shutting down and abandoning module TextureFormatIntelISPCTexComp (143)
[2019.08.27-21.42.56:396][709]LogModuleManager: Shutting down and abandoning module TextureFormatASTC (141)
[2019.08.27-21.42.56:396][709]LogModuleManager: Shutting down and abandoning module ImageWrapper (140)
[2019.08.27-21.42.56:396][709]LogModuleManager: Shutting down and abandoning module TextureFormatAndroid (137)
[2019.08.27-21.42.56:396][709]LogModuleManager: Shutting down and abandoning module AudioFormatOpus (135)
[2019.08.27-21.42.56:396][709]LogModuleManager: Shutting down and abandoning module AudioFormatOgg (133)
[2019.08.27-21.42.56:396][709]LogModuleManager: Shutting down and abandoning module AudioFormatADPCM (131)
[2019.08.27-21.42.56:396][709]LogModuleManager: Shutting down and abandoning module LuminTargetPlatform (129)
[2019.08.27-21.42.56:397][709]LogModuleManager: Shutting down and abandoning module LinuxTargetPlatform (127)
[2019.08.27-21.42.56:397][709]LogModuleManager: Shutting down and abandoning module LinuxServerTargetPlatform (125)
[2019.08.27-21.42.56:397][709]LogModuleManager: Shutting down and abandoning module LinuxNoEditorTargetPlatform (123)
[2019.08.27-21.42.56:397][709]LogModuleManager: Shutting down and abandoning module LinuxClientTargetPlatform (121)
[2019.08.27-21.42.56:397][709]LogModuleManager: Shutting down and abandoning module TVOSTargetPlatform (119)
[2019.08.27-21.42.56:397][709]LogModuleManager: Shutting down and abandoning module Messaging (117)
[2019.08.27-21.42.56:397][709]LogModuleManager: Shutting down and abandoning module IOSTargetPlatform (115)
[2019.08.27-21.42.56:398][709]LogModuleManager: Shutting down and abandoning module HTML5TargetPlatform (113)
[2019.08.27-21.42.56:398][709]LogModuleManager: Shutting down and abandoning module AndroidTargetPlatform (111)
[2019.08.27-21.42.56:405][709]LogModuleManager: Shutting down and abandoning module WindowsTargetPlatform (109)
[2019.08.27-21.42.56:405][709]LogModuleManager: Shutting down and abandoning module WindowsServerTargetPlatform (107)
[2019.08.27-21.42.56:405][709]LogModuleManager: Shutting down and abandoning module WindowsNoEditorTargetPlatform (105)
[2019.08.27-21.42.56:405][709]LogModuleManager: Shutting down and abandoning module WindowsClientTargetPlatform (103)
[2019.08.27-21.42.56:405][709]LogModuleManager: Shutting down and abandoning module MacTargetPlatform (101)
[2019.08.27-21.42.56:405][709]LogModuleManager: Shutting down and abandoning module MacServerTargetPlatform (99)
[2019.08.27-21.42.56:405][709]LogModuleManager: Shutting down and abandoning module MacNoEditorTargetPlatform (97)
[2019.08.27-21.42.56:405][709]LogModuleManager: Shutting down and abandoning module MacClientTargetPlatform (95)
[2019.08.27-21.42.56:405][709]LogModuleManager: Shutting down and abandoning module AllDesktopTargetPlatform (93)
[2019.08.27-21.42.56:405][709]LogModuleManager: Shutting down and abandoning module InputCore (90)
[2019.08.27-21.42.56:405][709]LogModuleManager: Shutting down and abandoning module Settings (88)
[2019.08.27-21.42.56:405][709]LogModuleManager: Shutting down and abandoning module DirectoryWatcher (86)
[2019.08.27-21.42.56:405][709]LogModuleManager: Shutting down and abandoning module PhysXCooking (84)
[2019.08.27-21.42.56:405][709]LogModuleManager: Shutting down and abandoning module WindowsPlatformFeatures (82)
[2019.08.27-21.42.56:405][709]LogModuleManager: Shutting down and abandoning module GameplayMediaEncoder (81)
[2019.08.27-21.42.56:405][709]LogModuleManager: Shutting down and abandoning module SteamVR (78)
[2019.08.27-21.42.56:405][709]LogHMD: Freeing OpenVRDLLHandle.
[2019.08.27-21.42.56:405][709]LogModuleManager: Shutting down and abandoning module OculusHMD (76)
[2019.08.27-21.42.56:405][709]LogModuleManager: Shutting down and abandoning module ExampleDeviceProfileSelector (74)
[2019.08.27-21.42.56:405][709]LogModuleManager: Shutting down and abandoning module LauncherChunkInstaller (72)
[2019.08.27-21.42.56:405][709]LogModuleManager: Shutting down and abandoning module OnlineBlueprintSupport (70)
[2019.08.27-21.42.56:405][709]LogModuleManager: Shutting down and abandoning module OnlineSubsystem (66)
[2019.08.27-21.42.56:406][709]LogModuleManager: Shutting down and abandoning module XMPP (61)
[2019.08.27-21.42.56:406][709]LogModuleManager: Shutting down and abandoning module WebSockets (60)
[2019.08.27-21.42.56:435][709]LogModuleManager: Shutting down and abandoning module HTTP (57)
[2019.08.27-21.42.56:435][709]LogHttp: Display: Http module shutting down, but needs to wait on 1 outstanding Http requests:
[2019.08.27-21.42.56:435][709]LogHttp: Display: 	verb=[POST] url=[https://datarouter.ol.epicgames.com/datarouter/api/v1/public/data?SessionID=%7B9ECA6648-4443-B8DD-5B20-DE9B7AD1EA4C%7D&AppID=UEEditor.Rocket.Release&AppVersion=4.23.0-8243293%2B%2B%2BUE4%2BRelease-4.23&UserID=94d4bed7481c45ba337baea035f91da6%7Cb842f9fdae57439faf7e28a4f797a2e4%7C37841e33-bd7b-425a-bf25-86774d10c06b&AppEnvironment=datacollector-binary&UploadType=eteventstream] status=Processing
[2019.08.27-21.42.56:467][709]LogModuleManager: Shutting down and abandoning module SSL (56)
[2019.08.27-21.42.56:467][709]LogModuleManager: Shutting down and abandoning module WmfMedia (52)
[2019.08.27-21.42.56:468][709]LogModuleManager: Shutting down and abandoning module Media (51)
[2019.08.27-21.42.56:469][709]LogModuleManager: Shutting down and abandoning module MagicLeap (48)
[2019.08.27-21.42.56:469][709]LogModuleManager: Shutting down and abandoning module DatasmithContent (46)
[2019.08.27-21.42.56:469][709]LogModuleManager: Shutting down and abandoning module AISupportModule (44)
[2019.08.27-21.42.56:469][709]LogModuleManager: Shutting down and abandoning module PlatformCryptoOpenSSL (42)
[2019.08.27-21.42.56:469][709]LogModuleManager: Shutting down and abandoning module PlatformCrypto (40)
[2019.08.27-21.42.56:469][709]LogModuleManager: Shutting down and abandoning module AnimationModifiers (38)
[2019.08.27-21.42.56:469][709]LogModuleManager: Shutting down and abandoning module PropertyEditor (37)
[2019.08.27-21.42.56:469][709]LogModuleManager: Shutting down and abandoning module AudioEditor (34)
[2019.08.27-21.42.56:470][709]LogModuleManager: Shutting down and abandoning module TextureCompressor (32)
[2019.08.27-21.42.56:470][709]LogModuleManager: Shutting down and abandoning module RenderCore (30)
[2019.08.27-21.42.56:470][709]LogModuleManager: Shutting down and abandoning module Landscape (28)
[2019.08.27-21.42.56:470][709]LogModuleManager: Shutting down and abandoning module SlateRHIRenderer (26)
[2019.08.27-21.42.56:471][709]LogModuleManager: Shutting down and abandoning module OpenGLDrv (24)
[2019.08.27-21.42.56:471][709]LogModuleManager: Shutting down and abandoning module D3D11RHI (22)
[2019.08.27-21.42.56:471][709]LogModuleManager: Shutting down and abandoning module AnimGraphRuntime (20)
[2019.08.27-21.42.56:471][709]LogModuleManager: Shutting down and abandoning module Renderer (18)
[2019.08.27-21.42.56:471][709]LogModuleManager: Shutting down and abandoning module Engine (16)
[2019.08.27-21.42.56:471][709]LogModuleManager: Shutting down and abandoning module CoreUObject (14)
[2019.08.27-21.42.56:471][709]LogModuleManager: Shutting down and abandoning module NetworkFile (12)
[2019.08.27-21.42.56:471][709]LogModuleManager: Shutting down and abandoning module CookedIterativeFile (10)
[2019.08.27-21.42.56:471][709]LogModuleManager: Shutting down and abandoning module StreamingFile (8)
[2019.08.27-21.42.56:471][709]LogModuleManager: Shutting down and abandoning module SandboxFile (6)
[2019.08.27-21.42.56:471][709]LogModuleManager: Shutting down and abandoning module PakFile (4)
[2019.08.27-21.42.56:471][709]LogModuleManager: Shutting down and abandoning module RSA (3)
[2019.08.27-21.42.56:472][709]LogD3D11RHI: Shutdown
[2019.08.27-21.42.56:472][709]LogD3D11RHI: CleanupD3DDevice
[2019.08.27-21.42.56:472][709]LogRendererCore: FGlobalDynamicReadBuffer::Cleanup()
[2019.08.27-21.42.56:472][709]LogRendererCore: FGlobalDynamicReadBuffer::Cleanup()
[2019.08.27-21.42.56:472][709]LogRendererCore: FGlobalDynamicReadBuffer::Cleanup()
[2019.08.27-21.42.56:583][709]LogD3D11RHI: ~FD3D11DynamicRHI
[2019.08.27-21.42.56:595][709]LogExit: Exiting.
[2019.08.27-21.42.56:694][709]Log file closed, 08/28/19 00:42:56
